<?xml version="1.0" encoding="UTF-8"?>
<testsuite name="com.waris.insurance.service.impl.InsurancePolicyImplTest" tests="14" skipped="0" failures="0" errors="0" timestamp="2023-03-31T19:08:36" hostname="CAI1191LT00014.local" time="0.184">
  <properties/>
  <testcase name="testUpdateInsuranceById2()" classname="com.waris.insurance.service.impl.InsurancePolicyImplTest" time="0.062"/>
  <testcase name="testUpdateInsuranceById3()" classname="com.waris.insurance.service.impl.InsurancePolicyImplTest" time="0.008"/>
  <testcase name="testDeleteInsuranceById2()" classname="com.waris.insurance.service.impl.InsurancePolicyImplTest" time="0.008"/>
  <testcase name="testDeleteInsuranceById3()" classname="com.waris.insurance.service.impl.InsurancePolicyImplTest" time="0.008"/>
  <testcase name="testSaveInsurancePolicy2()" classname="com.waris.insurance.service.impl.InsurancePolicyImplTest" time="0.007"/>
  <testcase name="testSaveInsurancePolicy4()" classname="com.waris.insurance.service.impl.InsurancePolicyImplTest" time="0.006"/>
  <testcase name="testGetInsurancePolicyById2()" classname="com.waris.insurance.service.impl.InsurancePolicyImplTest" time="0.006"/>
  <testcase name="testDeleteInsuranceById()" classname="com.waris.insurance.service.impl.InsurancePolicyImplTest" time="0.006"/>
  <testcase name="testUpdateInsuranceById()" classname="com.waris.insurance.service.impl.InsurancePolicyImplTest" time="0.009"/>
  <testcase name="testGetInsurancePolicyById()" classname="com.waris.insurance.service.impl.InsurancePolicyImplTest" time="0.008"/>
  <testcase name="testSaveInsurancePolicy()" classname="com.waris.insurance.service.impl.InsurancePolicyImplTest" time="0.006"/>
  <testcase name="testGetInsurancePolicy()" classname="com.waris.insurance.service.impl.InsurancePolicyImplTest" time="0.006"/>
  <testcase name="testGetInsurancePolicy2()" classname="com.waris.insurance.service.impl.InsurancePolicyImplTest" time="0.006"/>
  <testcase name="testGetInsurancePolicy3()" classname="com.waris.insurance.service.impl.InsurancePolicyImplTest" time="0.006"/>
  <system-out><![CDATA[00:38:35.406 [Test worker] DEBUG org.springframework.test.context.BootstrapUtils - Instantiating CacheAwareContextLoaderDelegate from class [org.springframework.test.context.cache.DefaultCacheAwareContextLoaderDelegate]
00:38:35.415 [Test worker] DEBUG org.springframework.test.context.BootstrapUtils - Instantiating BootstrapContext using constructor [public org.springframework.test.context.support.DefaultBootstrapContext(java.lang.Class,org.springframework.test.context.CacheAwareContextLoaderDelegate)]
00:38:35.437 [Test worker] DEBUG org.springframework.test.context.BootstrapUtils - Instantiating TestContextBootstrapper for test class [com.waris.insurance.service.impl.InsurancePolicyImplTest] from class [org.springframework.test.context.support.DefaultTestContextBootstrapper]
00:38:35.455 [Test worker] DEBUG org.springframework.test.context.support.AbstractDelegatingSmartContextLoader - Delegating to AnnotationConfigContextLoader to process context configuration [ContextConfigurationAttributes@e98770d declaringClass = 'com.waris.insurance.service.impl.InsurancePolicyImplTest', classes = '{class com.waris.insurance.service.impl.InsurancePolicyImpl}', locations = '{}', inheritLocations = true, initializers = '{}', inheritInitializers = true, name = [null], contextLoaderClass = 'org.springframework.test.context.ContextLoader'].
00:38:35.508 [Test worker] DEBUG org.springframework.test.context.support.ActiveProfilesUtils - Could not find an 'annotation declaring class' for annotation type [org.springframework.test.context.ActiveProfiles] and class [com.waris.insurance.service.impl.InsurancePolicyImplTest]
00:38:35.509 [Test worker] DEBUG org.springframework.test.context.support.DefaultTestContextBootstrapper - @TestExecutionListeners is not present for class [com.waris.insurance.service.impl.InsurancePolicyImplTest]: using defaults.
00:38:35.509 [Test worker] INFO org.springframework.test.context.support.DefaultTestContextBootstrapper - Loaded default TestExecutionListener class names from location [META-INF/spring.factories]: [org.springframework.boot.test.autoconfigure.restdocs.RestDocsTestExecutionListener, org.springframework.boot.test.autoconfigure.web.client.MockRestServiceServerResetTestExecutionListener, org.springframework.boot.test.autoconfigure.web.servlet.MockMvcPrintOnlyOnFailureTestExecutionListener, org.springframework.boot.test.autoconfigure.web.servlet.WebDriverTestExecutionListener, org.springframework.boot.test.autoconfigure.webservices.client.MockWebServiceServerTestExecutionListener, org.springframework.boot.test.mock.mockito.MockitoTestExecutionListener, org.springframework.boot.test.mock.mockito.ResetMocksTestExecutionListener, org.springframework.test.context.web.ServletTestExecutionListener, org.springframework.test.context.support.DirtiesContextBeforeModesTestExecutionListener, org.springframework.test.context.event.ApplicationEventsTestExecutionListener, org.springframework.test.context.support.DependencyInjectionTestExecutionListener, org.springframework.test.context.support.DirtiesContextTestExecutionListener, org.springframework.test.context.transaction.TransactionalTestExecutionListener, org.springframework.test.context.jdbc.SqlScriptsTestExecutionListener, org.springframework.test.context.event.EventPublishingTestExecutionListener]
00:38:35.523 [Test worker] INFO org.springframework.test.context.support.DefaultTestContextBootstrapper - Using TestExecutionListeners: [org.springframework.test.context.web.ServletTestExecutionListener@426b6a74, org.springframework.test.context.support.DirtiesContextBeforeModesTestExecutionListener@4c51bb7, org.springframework.test.context.event.ApplicationEventsTestExecutionListener@83298d7, org.springframework.boot.test.mock.mockito.MockitoTestExecutionListener@42a9e5d1, org.springframework.test.context.support.DependencyInjectionTestExecutionListener@5b080f3a, org.springframework.test.context.support.DirtiesContextTestExecutionListener@773cbf4f, org.springframework.test.context.transaction.TransactionalTestExecutionListener@6b54655f, org.springframework.test.context.jdbc.SqlScriptsTestExecutionListener@665e9289, org.springframework.test.context.event.EventPublishingTestExecutionListener@7d3430a7, org.springframework.boot.test.autoconfigure.restdocs.RestDocsTestExecutionListener@6f603e89, org.springframework.boot.test.autoconfigure.web.client.MockRestServiceServerResetTestExecutionListener@2756c0a7, org.springframework.boot.test.autoconfigure.web.servlet.MockMvcPrintOnlyOnFailureTestExecutionListener@350ec41e, org.springframework.boot.test.autoconfigure.web.servlet.WebDriverTestExecutionListener@69637b10, org.springframework.boot.test.autoconfigure.webservices.client.MockWebServiceServerTestExecutionListener@71984c3, org.springframework.boot.test.mock.mockito.ResetMocksTestExecutionListener@165b2f7f]
00:38:35.525 [Test worker] DEBUG org.springframework.test.context.support.AbstractDirtiesContextTestExecutionListener - Before test class: context [DefaultTestContext@2b491fee testClass = InsurancePolicyImplTest, testInstance = [null], testMethod = [null], testException = [null], mergedContextConfiguration = [MergedContextConfiguration@3f1c5af9 testClass = InsurancePolicyImplTest, locations = '{}', classes = '{class com.waris.insurance.service.impl.InsurancePolicyImpl}', contextInitializerClasses = '[]', activeProfiles = '{}', propertySourceLocations = '{}', propertySourceProperties = '{}', contextCustomizers = set[org.springframework.boot.test.autoconfigure.actuate.metrics.MetricsExportContextCustomizerFactory$DisableMetricExportContextCustomizer@2cae1042, org.springframework.boot.test.autoconfigure.properties.PropertyMappingContextCustomizer@0, org.springframework.boot.test.autoconfigure.web.servlet.WebDriverContextCustomizerFactory$Customizer@14b030a0, org.springframework.boot.test.context.filter.ExcludeFilterContextCustomizer@56bca85b, org.springframework.boot.test.json.DuplicateJsonObjectContextCustomizerFactory$DuplicateJsonObjectContextCustomizer@22b53226, org.springframework.boot.test.mock.mockito.MockitoContextCustomizer@f02ece12], contextLoader = 'org.springframework.test.context.support.DelegatingSmartContextLoader', parent = [null]], attributes = map[[empty]]], class annotated with @DirtiesContext [false] with mode [null].
00:38:35.537 [Test worker] DEBUG org.springframework.test.context.support.AbstractDelegatingSmartContextLoader - Delegating to AnnotationConfigContextLoader to load context from [MergedContextConfiguration@3f1c5af9 testClass = InsurancePolicyImplTest, locations = '{}', classes = '{class com.waris.insurance.service.impl.InsurancePolicyImpl}', contextInitializerClasses = '[]', activeProfiles = '{}', propertySourceLocations = '{}', propertySourceProperties = '{}', contextCustomizers = set[org.springframework.boot.test.autoconfigure.actuate.metrics.MetricsExportContextCustomizerFactory$DisableMetricExportContextCustomizer@2cae1042, org.springframework.boot.test.autoconfigure.properties.PropertyMappingContextCustomizer@0, org.springframework.boot.test.autoconfigure.web.servlet.WebDriverContextCustomizerFactory$Customizer@14b030a0, org.springframework.boot.test.context.filter.ExcludeFilterContextCustomizer@56bca85b, org.springframework.boot.test.json.DuplicateJsonObjectContextCustomizerFactory$DuplicateJsonObjectContextCustomizer@22b53226, org.springframework.boot.test.mock.mockito.MockitoContextCustomizer@f02ece12], contextLoader = 'org.springframework.test.context.support.DelegatingSmartContextLoader', parent = [null]].
00:38:35.537 [Test worker] DEBUG org.springframework.test.context.support.AbstractGenericContextLoader - Loading ApplicationContext for merged context configuration [[MergedContextConfiguration@3f1c5af9 testClass = InsurancePolicyImplTest, locations = '{}', classes = '{class com.waris.insurance.service.impl.InsurancePolicyImpl}', contextInitializerClasses = '[]', activeProfiles = '{}', propertySourceLocations = '{}', propertySourceProperties = '{}', contextCustomizers = set[org.springframework.boot.test.autoconfigure.actuate.metrics.MetricsExportContextCustomizerFactory$DisableMetricExportContextCustomizer@2cae1042, org.springframework.boot.test.autoconfigure.properties.PropertyMappingContextCustomizer@0, org.springframework.boot.test.autoconfigure.web.servlet.WebDriverContextCustomizerFactory$Customizer@14b030a0, org.springframework.boot.test.context.filter.ExcludeFilterContextCustomizer@56bca85b, org.springframework.boot.test.json.DuplicateJsonObjectContextCustomizerFactory$DuplicateJsonObjectContextCustomizer@22b53226, org.springframework.boot.test.mock.mockito.MockitoContextCustomizer@f02ece12], contextLoader = 'org.springframework.test.context.support.DelegatingSmartContextLoader', parent = [null]]].
00:38:35.566 [Test worker] DEBUG org.springframework.core.env.StandardEnvironment - Activating profiles []
00:38:35.566 [Test worker] DEBUG org.springframework.test.context.support.AnnotationConfigContextLoader - Registering component classes: {class com.waris.insurance.service.impl.InsurancePolicyImpl}
00:38:35.596 [Test worker] DEBUG org.springframework.context.support.GenericApplicationContext - Refreshing org.springframework.context.support.GenericApplicationContext@eb6449b
00:38:35.604 [Test worker] DEBUG org.springframework.beans.factory.support.DefaultListableBeanFactory - Creating shared instance of singleton bean 'org.springframework.context.annotation.internalConfigurationAnnotationProcessor'
00:38:35.629 [Test worker] DEBUG org.springframework.beans.factory.support.DefaultListableBeanFactory - Creating shared instance of singleton bean 'org.springframework.boot.test.mock.mockito.MockitoPostProcessor'
00:38:36.064 [Test worker] DEBUG org.springframework.beans.factory.support.DefaultListableBeanFactory - Creating shared instance of singleton bean 'org.springframework.context.event.internalEventListenerProcessor'
00:38:36.065 [Test worker] DEBUG org.springframework.beans.factory.support.DefaultListableBeanFactory - Creating shared instance of singleton bean 'org.springframework.context.event.internalEventListenerFactory'
00:38:36.066 [Test worker] DEBUG org.springframework.beans.factory.support.DefaultListableBeanFactory - Creating shared instance of singleton bean 'org.springframework.context.annotation.internalAutowiredAnnotationProcessor'
00:38:36.068 [Test worker] DEBUG org.springframework.beans.factory.support.DefaultListableBeanFactory - Creating shared instance of singleton bean 'org.springframework.context.annotation.internalCommonAnnotationProcessor'
00:38:36.070 [Test worker] DEBUG org.springframework.beans.factory.support.DefaultListableBeanFactory - Creating shared instance of singleton bean 'org.springframework.context.annotation.internalPersistenceAnnotationProcessor'
00:38:36.071 [Test worker] DEBUG org.springframework.beans.factory.support.DefaultListableBeanFactory - Creating shared instance of singleton bean 'org.springframework.boot.test.mock.mockito.MockitoPostProcessor$SpyPostProcessor'
00:38:36.081 [Test worker] DEBUG org.springframework.beans.factory.support.DefaultListableBeanFactory - Creating shared instance of singleton bean 'insurancePolicyImpl'
00:38:36.117 [Test worker] DEBUG org.springframework.test.context.cache.DefaultCacheAwareContextLoaderDelegate - Storing ApplicationContext [246826139] in cache under key [[MergedContextConfiguration@3f1c5af9 testClass = InsurancePolicyImplTest, locations = '{}', classes = '{class com.waris.insurance.service.impl.InsurancePolicyImpl}', contextInitializerClasses = '[]', activeProfiles = '{}', propertySourceLocations = '{}', propertySourceProperties = '{}', contextCustomizers = set[org.springframework.boot.test.autoconfigure.actuate.metrics.MetricsExportContextCustomizerFactory$DisableMetricExportContextCustomizer@2cae1042, org.springframework.boot.test.autoconfigure.properties.PropertyMappingContextCustomizer@0, org.springframework.boot.test.autoconfigure.web.servlet.WebDriverContextCustomizerFactory$Customizer@14b030a0, org.springframework.boot.test.context.filter.ExcludeFilterContextCustomizer@56bca85b, org.springframework.boot.test.json.DuplicateJsonObjectContextCustomizerFactory$DuplicateJsonObjectContextCustomizer@22b53226, org.springframework.boot.test.mock.mockito.MockitoContextCustomizer@f02ece12], contextLoader = 'org.springframework.test.context.support.DelegatingSmartContextLoader', parent = [null]]]
00:38:36.117 [Test worker] DEBUG org.springframework.test.context.cache - Spring test ApplicationContext cache statistics: [DefaultContextCache@6981f8f3 size = 1, maxSize = 32, parentContextCount = 0, hitCount = 0, missCount = 1]
00:38:36.119 [Test worker] DEBUG org.springframework.test.context.support.DependencyInjectionTestExecutionListener - Performing dependency injection for test context [[DefaultTestContext@2b491fee testClass = InsurancePolicyImplTest, testInstance = com.waris.insurance.service.impl.InsurancePolicyImplTest@46963479, testMethod = [null], testException = [null], mergedContextConfiguration = [MergedContextConfiguration@3f1c5af9 testClass = InsurancePolicyImplTest, locations = '{}', classes = '{class com.waris.insurance.service.impl.InsurancePolicyImpl}', contextInitializerClasses = '[]', activeProfiles = '{}', propertySourceLocations = '{}', propertySourceProperties = '{}', contextCustomizers = set[org.springframework.boot.test.autoconfigure.actuate.metrics.MetricsExportContextCustomizerFactory$DisableMetricExportContextCustomizer@2cae1042, org.springframework.boot.test.autoconfigure.properties.PropertyMappingContextCustomizer@0, org.springframework.boot.test.autoconfigure.web.servlet.WebDriverContextCustomizerFactory$Customizer@14b030a0, org.springframework.boot.test.context.filter.ExcludeFilterContextCustomizer@56bca85b, org.springframework.boot.test.json.DuplicateJsonObjectContextCustomizerFactory$DuplicateJsonObjectContextCustomizer@22b53226, org.springframework.boot.test.mock.mockito.MockitoContextCustomizer@f02ece12], contextLoader = 'org.springframework.test.context.support.DelegatingSmartContextLoader', parent = [null]], attributes = map['org.springframework.test.context.event.ApplicationEventsTestExecutionListener.recordApplicationEvents' -> false]]].
00:38:36.119 [Test worker] DEBUG org.springframework.test.context.cache.DefaultCacheAwareContextLoaderDelegate - Retrieved ApplicationContext [246826139] from cache with key [[MergedContextConfiguration@3f1c5af9 testClass = InsurancePolicyImplTest, locations = '{}', classes = '{class com.waris.insurance.service.impl.InsurancePolicyImpl}', contextInitializerClasses = '[]', activeProfiles = '{}', propertySourceLocations = '{}', propertySourceProperties = '{}', contextCustomizers = set[org.springframework.boot.test.autoconfigure.actuate.metrics.MetricsExportContextCustomizerFactory$DisableMetricExportContextCustomizer@2cae1042, org.springframework.boot.test.autoconfigure.properties.PropertyMappingContextCustomizer@0, org.springframework.boot.test.autoconfigure.web.servlet.WebDriverContextCustomizerFactory$Customizer@14b030a0, org.springframework.boot.test.context.filter.ExcludeFilterContextCustomizer@56bca85b, org.springframework.boot.test.json.DuplicateJsonObjectContextCustomizerFactory$DuplicateJsonObjectContextCustomizer@22b53226, org.springframework.boot.test.mock.mockito.MockitoContextCustomizer@f02ece12], contextLoader = 'org.springframework.test.context.support.DelegatingSmartContextLoader', parent = [null]]]
00:38:36.119 [Test worker] DEBUG org.springframework.test.context.cache - Spring test ApplicationContext cache statistics: [DefaultContextCache@6981f8f3 size = 1, maxSize = 32, parentContextCount = 0, hitCount = 1, missCount = 1]
00:38:36.122 [Test worker] DEBUG org.springframework.test.context.cache.DefaultCacheAwareContextLoaderDelegate - Retrieved ApplicationContext [246826139] from cache with key [[MergedContextConfiguration@3f1c5af9 testClass = InsurancePolicyImplTest, locations = '{}', classes = '{class com.waris.insurance.service.impl.InsurancePolicyImpl}', contextInitializerClasses = '[]', activeProfiles = '{}', propertySourceLocations = '{}', propertySourceProperties = '{}', contextCustomizers = set[org.springframework.boot.test.autoconfigure.actuate.metrics.MetricsExportContextCustomizerFactory$DisableMetricExportContextCustomizer@2cae1042, org.springframework.boot.test.autoconfigure.properties.PropertyMappingContextCustomizer@0, org.springframework.boot.test.autoconfigure.web.servlet.WebDriverContextCustomizerFactory$Customizer@14b030a0, org.springframework.boot.test.context.filter.ExcludeFilterContextCustomizer@56bca85b, org.springframework.boot.test.json.DuplicateJsonObjectContextCustomizerFactory$DuplicateJsonObjectContextCustomizer@22b53226, org.springframework.boot.test.mock.mockito.MockitoContextCustomizer@f02ece12], contextLoader = 'org.springframework.test.context.support.DelegatingSmartContextLoader', parent = [null]]]
00:38:36.122 [Test worker] DEBUG org.springframework.test.context.cache - Spring test ApplicationContext cache statistics: [DefaultContextCache@6981f8f3 size = 1, maxSize = 32, parentContextCount = 0, hitCount = 2, missCount = 1]
00:38:36.131 [Test worker] DEBUG org.springframework.test.context.support.AbstractDirtiesContextTestExecutionListener - Before test method: context [DefaultTestContext@2b491fee testClass = InsurancePolicyImplTest, testInstance = com.waris.insurance.service.impl.InsurancePolicyImplTest@46963479, testMethod = testUpdateInsuranceById2@InsurancePolicyImplTest, testException = [null], mergedContextConfiguration = [MergedContextConfiguration@3f1c5af9 testClass = InsurancePolicyImplTest, locations = '{}', classes = '{class com.waris.insurance.service.impl.InsurancePolicyImpl}', contextInitializerClasses = '[]', activeProfiles = '{}', propertySourceLocations = '{}', propertySourceProperties = '{}', contextCustomizers = set[org.springframework.boot.test.autoconfigure.actuate.metrics.MetricsExportContextCustomizerFactory$DisableMetricExportContextCustomizer@2cae1042, org.springframework.boot.test.autoconfigure.properties.PropertyMappingContextCustomizer@0, org.springframework.boot.test.autoconfigure.web.servlet.WebDriverContextCustomizerFactory$Customizer@14b030a0, org.springframework.boot.test.context.filter.ExcludeFilterContextCustomizer@56bca85b, org.springframework.boot.test.json.DuplicateJsonObjectContextCustomizerFactory$DuplicateJsonObjectContextCustomizer@22b53226, org.springframework.boot.test.mock.mockito.MockitoContextCustomizer@f02ece12], contextLoader = 'org.springframework.test.context.support.DelegatingSmartContextLoader', parent = [null]], attributes = map['org.springframework.test.context.event.ApplicationEventsTestExecutionListener.recordApplicationEvents' -> false]], class annotated with @DirtiesContext [false] with mode [null], method annotated with @DirtiesContext [false] with mode [null].
00:38:36.136 [Test worker] DEBUG org.springframework.test.context.cache.DefaultCacheAwareContextLoaderDelegate - Retrieved ApplicationContext [246826139] from cache with key [[MergedContextConfiguration@3f1c5af9 testClass = InsurancePolicyImplTest, locations = '{}', classes = '{class com.waris.insurance.service.impl.InsurancePolicyImpl}', contextInitializerClasses = '[]', activeProfiles = '{}', propertySourceLocations = '{}', propertySourceProperties = '{}', contextCustomizers = set[org.springframework.boot.test.autoconfigure.actuate.metrics.MetricsExportContextCustomizerFactory$DisableMetricExportContextCustomizer@2cae1042, org.springframework.boot.test.autoconfigure.properties.PropertyMappingContextCustomizer@0, org.springframework.boot.test.autoconfigure.web.servlet.WebDriverContextCustomizerFactory$Customizer@14b030a0, org.springframework.boot.test.context.filter.ExcludeFilterContextCustomizer@56bca85b, org.springframework.boot.test.json.DuplicateJsonObjectContextCustomizerFactory$DuplicateJsonObjectContextCustomizer@22b53226, org.springframework.boot.test.mock.mockito.MockitoContextCustomizer@f02ece12], contextLoader = 'org.springframework.test.context.support.DelegatingSmartContextLoader', parent = [null]]]
00:38:36.136 [Test worker] DEBUG org.springframework.test.context.cache - Spring test ApplicationContext cache statistics: [DefaultContextCache@6981f8f3 size = 1, maxSize = 32, parentContextCount = 0, hitCount = 3, missCount = 1]
00:38:36.136 [Test worker] DEBUG org.springframework.test.context.cache.DefaultCacheAwareContextLoaderDelegate - Retrieved ApplicationContext [246826139] from cache with key [[MergedContextConfiguration@3f1c5af9 testClass = InsurancePolicyImplTest, locations = '{}', classes = '{class com.waris.insurance.service.impl.InsurancePolicyImpl}', contextInitializerClasses = '[]', activeProfiles = '{}', propertySourceLocations = '{}', propertySourceProperties = '{}', contextCustomizers = set[org.springframework.boot.test.autoconfigure.actuate.metrics.MetricsExportContextCustomizerFactory$DisableMetricExportContextCustomizer@2cae1042, org.springframework.boot.test.autoconfigure.properties.PropertyMappingContextCustomizer@0, org.springframework.boot.test.autoconfigure.web.servlet.WebDriverContextCustomizerFactory$Customizer@14b030a0, org.springframework.boot.test.context.filter.ExcludeFilterContextCustomizer@56bca85b, org.springframework.boot.test.json.DuplicateJsonObjectContextCustomizerFactory$DuplicateJsonObjectContextCustomizer@22b53226, org.springframework.boot.test.mock.mockito.MockitoContextCustomizer@f02ece12], contextLoader = 'org.springframework.test.context.support.DelegatingSmartContextLoader', parent = [null]]]
00:38:36.136 [Test worker] DEBUG org.springframework.test.context.cache - Spring test ApplicationContext cache statistics: [DefaultContextCache@6981f8f3 size = 1, maxSize = 32, parentContextCount = 0, hitCount = 4, missCount = 1]
00:38:36.138 [Test worker] DEBUG org.springframework.test.context.cache.DefaultCacheAwareContextLoaderDelegate - Retrieved ApplicationContext [246826139] from cache with key [[MergedContextConfiguration@3f1c5af9 testClass = InsurancePolicyImplTest, locations = '{}', classes = '{class com.waris.insurance.service.impl.InsurancePolicyImpl}', contextInitializerClasses = '[]', activeProfiles = '{}', propertySourceLocations = '{}', propertySourceProperties = '{}', contextCustomizers = set[org.springframework.boot.test.autoconfigure.actuate.metrics.MetricsExportContextCustomizerFactory$DisableMetricExportContextCustomizer@2cae1042, org.springframework.boot.test.autoconfigure.properties.PropertyMappingContextCustomizer@0, org.springframework.boot.test.autoconfigure.web.servlet.WebDriverContextCustomizerFactory$Customizer@14b030a0, org.springframework.boot.test.context.filter.ExcludeFilterContextCustomizer@56bca85b, org.springframework.boot.test.json.DuplicateJsonObjectContextCustomizerFactory$DuplicateJsonObjectContextCustomizer@22b53226, org.springframework.boot.test.mock.mockito.MockitoContextCustomizer@f02ece12], contextLoader = 'org.springframework.test.context.support.DelegatingSmartContextLoader', parent = [null]]]
00:38:36.139 [Test worker] DEBUG org.springframework.test.context.cache - Spring test ApplicationContext cache statistics: [DefaultContextCache@6981f8f3 size = 1, maxSize = 32, parentContextCount = 0, hitCount = 5, missCount = 1]
00:38:36.167 [Test worker] INFO com.waris.insurance.service.impl.InsurancePolicyImpl - Insurance Policy Fetched By id:42
00:38:36.180 [Test worker] DEBUG org.springframework.test.context.cache.DefaultCacheAwareContextLoaderDelegate - Retrieved ApplicationContext [246826139] from cache with key [[MergedContextConfiguration@3f1c5af9 testClass = InsurancePolicyImplTest, locations = '{}', classes = '{class com.waris.insurance.service.impl.InsurancePolicyImpl}', contextInitializerClasses = '[]', activeProfiles = '{}', propertySourceLocations = '{}', propertySourceProperties = '{}', contextCustomizers = set[org.springframework.boot.test.autoconfigure.actuate.metrics.MetricsExportContextCustomizerFactory$DisableMetricExportContextCustomizer@2cae1042, org.springframework.boot.test.autoconfigure.properties.PropertyMappingContextCustomizer@0, org.springframework.boot.test.autoconfigure.web.servlet.WebDriverContextCustomizerFactory$Customizer@14b030a0, org.springframework.boot.test.context.filter.ExcludeFilterContextCustomizer@56bca85b, org.springframework.boot.test.json.DuplicateJsonObjectContextCustomizerFactory$DuplicateJsonObjectContextCustomizer@22b53226, org.springframework.boot.test.mock.mockito.MockitoContextCustomizer@f02ece12], contextLoader = 'org.springframework.test.context.support.DelegatingSmartContextLoader', parent = [null]]]
00:38:36.180 [Test worker] DEBUG org.springframework.test.context.cache - Spring test ApplicationContext cache statistics: [DefaultContextCache@6981f8f3 size = 1, maxSize = 32, parentContextCount = 0, hitCount = 6, missCount = 1]
00:38:36.181 [Test worker] DEBUG org.springframework.test.context.cache.DefaultCacheAwareContextLoaderDelegate - Retrieved ApplicationContext [246826139] from cache with key [[MergedContextConfiguration@3f1c5af9 testClass = InsurancePolicyImplTest, locations = '{}', classes = '{class com.waris.insurance.service.impl.InsurancePolicyImpl}', contextInitializerClasses = '[]', activeProfiles = '{}', propertySourceLocations = '{}', propertySourceProperties = '{}', contextCustomizers = set[org.springframework.boot.test.autoconfigure.actuate.metrics.MetricsExportContextCustomizerFactory$DisableMetricExportContextCustomizer@2cae1042, org.springframework.boot.test.autoconfigure.properties.PropertyMappingContextCustomizer@0, org.springframework.boot.test.autoconfigure.web.servlet.WebDriverContextCustomizerFactory$Customizer@14b030a0, org.springframework.boot.test.context.filter.ExcludeFilterContextCustomizer@56bca85b, org.springframework.boot.test.json.DuplicateJsonObjectContextCustomizerFactory$DuplicateJsonObjectContextCustomizer@22b53226, org.springframework.boot.test.mock.mockito.MockitoContextCustomizer@f02ece12], contextLoader = 'org.springframework.test.context.support.DelegatingSmartContextLoader', parent = [null]]]
00:38:36.181 [Test worker] DEBUG org.springframework.test.context.cache - Spring test ApplicationContext cache statistics: [DefaultContextCache@6981f8f3 size = 1, maxSize = 32, parentContextCount = 0, hitCount = 7, missCount = 1]
00:38:36.182 [Test worker] DEBUG org.springframework.test.context.cache.DefaultCacheAwareContextLoaderDelegate - Retrieved ApplicationContext [246826139] from cache with key [[MergedContextConfiguration@3f1c5af9 testClass = InsurancePolicyImplTest, locations = '{}', classes = '{class com.waris.insurance.service.impl.InsurancePolicyImpl}', contextInitializerClasses = '[]', activeProfiles = '{}', propertySourceLocations = '{}', propertySourceProperties = '{}', contextCustomizers = set[org.springframework.boot.test.autoconfigure.actuate.metrics.MetricsExportContextCustomizerFactory$DisableMetricExportContextCustomizer@2cae1042, org.springframework.boot.test.autoconfigure.properties.PropertyMappingContextCustomizer@0, org.springframework.boot.test.autoconfigure.web.servlet.WebDriverContextCustomizerFactory$Customizer@14b030a0, org.springframework.boot.test.context.filter.ExcludeFilterContextCustomizer@56bca85b, org.springframework.boot.test.json.DuplicateJsonObjectContextCustomizerFactory$DuplicateJsonObjectContextCustomizer@22b53226, org.springframework.boot.test.mock.mockito.MockitoContextCustomizer@f02ece12], contextLoader = 'org.springframework.test.context.support.DelegatingSmartContextLoader', parent = [null]]]
00:38:36.182 [Test worker] DEBUG org.springframework.test.context.cache - Spring test ApplicationContext cache statistics: [DefaultContextCache@6981f8f3 size = 1, maxSize = 32, parentContextCount = 0, hitCount = 8, missCount = 1]
00:38:36.182 [Test worker] DEBUG org.springframework.test.context.cache.DefaultCacheAwareContextLoaderDelegate - Retrieved ApplicationContext [246826139] from cache with key [[MergedContextConfiguration@3f1c5af9 testClass = InsurancePolicyImplTest, locations = '{}', classes = '{class com.waris.insurance.service.impl.InsurancePolicyImpl}', contextInitializerClasses = '[]', activeProfiles = '{}', propertySourceLocations = '{}', propertySourceProperties = '{}', contextCustomizers = set[org.springframework.boot.test.autoconfigure.actuate.metrics.MetricsExportContextCustomizerFactory$DisableMetricExportContextCustomizer@2cae1042, org.springframework.boot.test.autoconfigure.properties.PropertyMappingContextCustomizer@0, org.springframework.boot.test.autoconfigure.web.servlet.WebDriverContextCustomizerFactory$Customizer@14b030a0, org.springframework.boot.test.context.filter.ExcludeFilterContextCustomizer@56bca85b, org.springframework.boot.test.json.DuplicateJsonObjectContextCustomizerFactory$DuplicateJsonObjectContextCustomizer@22b53226, org.springframework.boot.test.mock.mockito.MockitoContextCustomizer@f02ece12], contextLoader = 'org.springframework.test.context.support.DelegatingSmartContextLoader', parent = [null]]]
00:38:36.182 [Test worker] DEBUG org.springframework.test.context.cache - Spring test ApplicationContext cache statistics: [DefaultContextCache@6981f8f3 size = 1, maxSize = 32, parentContextCount = 0, hitCount = 9, missCount = 1]
00:38:36.184 [Test worker] DEBUG org.springframework.test.context.cache.DefaultCacheAwareContextLoaderDelegate - Retrieved ApplicationContext [246826139] from cache with key [[MergedContextConfiguration@3f1c5af9 testClass = InsurancePolicyImplTest, locations = '{}', classes = '{class com.waris.insurance.service.impl.InsurancePolicyImpl}', contextInitializerClasses = '[]', activeProfiles = '{}', propertySourceLocations = '{}', propertySourceProperties = '{}', contextCustomizers = set[org.springframework.boot.test.autoconfigure.actuate.metrics.MetricsExportContextCustomizerFactory$DisableMetricExportContextCustomizer@2cae1042, org.springframework.boot.test.autoconfigure.properties.PropertyMappingContextCustomizer@0, org.springframework.boot.test.autoconfigure.web.servlet.WebDriverContextCustomizerFactory$Customizer@14b030a0, org.springframework.boot.test.context.filter.ExcludeFilterContextCustomizer@56bca85b, org.springframework.boot.test.json.DuplicateJsonObjectContextCustomizerFactory$DuplicateJsonObjectContextCustomizer@22b53226, org.springframework.boot.test.mock.mockito.MockitoContextCustomizer@f02ece12], contextLoader = 'org.springframework.test.context.support.DelegatingSmartContextLoader', parent = [null]]]
00:38:36.184 [Test worker] DEBUG org.springframework.test.context.cache - Spring test ApplicationContext cache statistics: [DefaultContextCache@6981f8f3 size = 1, maxSize = 32, parentContextCount = 0, hitCount = 10, missCount = 1]
00:38:36.185 [Test worker] DEBUG org.springframework.test.context.cache.DefaultCacheAwareContextLoaderDelegate - Retrieved ApplicationContext [246826139] from cache with key [[MergedContextConfiguration@3f1c5af9 testClass = InsurancePolicyImplTest, locations = '{}', classes = '{class com.waris.insurance.service.impl.InsurancePolicyImpl}', contextInitializerClasses = '[]', activeProfiles = '{}', propertySourceLocations = '{}', propertySourceProperties = '{}', contextCustomizers = set[org.springframework.boot.test.autoconfigure.actuate.metrics.MetricsExportContextCustomizerFactory$DisableMetricExportContextCustomizer@2cae1042, org.springframework.boot.test.autoconfigure.properties.PropertyMappingContextCustomizer@0, org.springframework.boot.test.autoconfigure.web.servlet.WebDriverContextCustomizerFactory$Customizer@14b030a0, org.springframework.boot.test.context.filter.ExcludeFilterContextCustomizer@56bca85b, org.springframework.boot.test.json.DuplicateJsonObjectContextCustomizerFactory$DuplicateJsonObjectContextCustomizer@22b53226, org.springframework.boot.test.mock.mockito.MockitoContextCustomizer@f02ece12], contextLoader = 'org.springframework.test.context.support.DelegatingSmartContextLoader', parent = [null]]]
00:38:36.186 [Test worker] DEBUG org.springframework.test.context.cache - Spring test ApplicationContext cache statistics: [DefaultContextCache@6981f8f3 size = 1, maxSize = 32, parentContextCount = 0, hitCount = 11, missCount = 1]
00:38:36.186 [Test worker] DEBUG org.springframework.test.context.support.AbstractDirtiesContextTestExecutionListener - After test method: context [DefaultTestContext@2b491fee testClass = InsurancePolicyImplTest, testInstance = com.waris.insurance.service.impl.InsurancePolicyImplTest@46963479, testMethod = testUpdateInsuranceById2@InsurancePolicyImplTest, testException = [null], mergedContextConfiguration = [MergedContextConfiguration@3f1c5af9 testClass = InsurancePolicyImplTest, locations = '{}', classes = '{class com.waris.insurance.service.impl.InsurancePolicyImpl}', contextInitializerClasses = '[]', activeProfiles = '{}', propertySourceLocations = '{}', propertySourceProperties = '{}', contextCustomizers = set[org.springframework.boot.test.autoconfigure.actuate.metrics.MetricsExportContextCustomizerFactory$DisableMetricExportContextCustomizer@2cae1042, org.springframework.boot.test.autoconfigure.properties.PropertyMappingContextCustomizer@0, org.springframework.boot.test.autoconfigure.web.servlet.WebDriverContextCustomizerFactory$Customizer@14b030a0, org.springframework.boot.test.context.filter.ExcludeFilterContextCustomizer@56bca85b, org.springframework.boot.test.json.DuplicateJsonObjectContextCustomizerFactory$DuplicateJsonObjectContextCustomizer@22b53226, org.springframework.boot.test.mock.mockito.MockitoContextCustomizer@f02ece12], contextLoader = 'org.springframework.test.context.support.DelegatingSmartContextLoader', parent = [null]], attributes = map['org.springframework.test.context.event.ApplicationEventsTestExecutionListener.recordApplicationEvents' -> false]], class annotated with @DirtiesContext [false] with mode [null], method annotated with @DirtiesContext [false] with mode [null].
00:38:36.192 [Test worker] DEBUG org.springframework.test.context.cache.DefaultCacheAwareContextLoaderDelegate - Retrieved ApplicationContext [246826139] from cache with key [[MergedContextConfiguration@3f1c5af9 testClass = InsurancePolicyImplTest, locations = '{}', classes = '{class com.waris.insurance.service.impl.InsurancePolicyImpl}', contextInitializerClasses = '[]', activeProfiles = '{}', propertySourceLocations = '{}', propertySourceProperties = '{}', contextCustomizers = set[org.springframework.boot.test.autoconfigure.actuate.metrics.MetricsExportContextCustomizerFactory$DisableMetricExportContextCustomizer@2cae1042, org.springframework.boot.test.autoconfigure.properties.PropertyMappingContextCustomizer@0, org.springframework.boot.test.autoconfigure.web.servlet.WebDriverContextCustomizerFactory$Customizer@14b030a0, org.springframework.boot.test.context.filter.ExcludeFilterContextCustomizer@56bca85b, org.springframework.boot.test.json.DuplicateJsonObjectContextCustomizerFactory$DuplicateJsonObjectContextCustomizer@22b53226, org.springframework.boot.test.mock.mockito.MockitoContextCustomizer@f02ece12], contextLoader = 'org.springframework.test.context.support.DelegatingSmartContextLoader', parent = [null]]]
00:38:36.192 [Test worker] DEBUG org.springframework.test.context.cache - Spring test ApplicationContext cache statistics: [DefaultContextCache@6981f8f3 size = 1, maxSize = 32, parentContextCount = 0, hitCount = 12, missCount = 1]
00:38:36.192 [Test worker] DEBUG org.springframework.test.context.support.DependencyInjectionTestExecutionListener - Performing dependency injection for test context [[DefaultTestContext@2b491fee testClass = InsurancePolicyImplTest, testInstance = com.waris.insurance.service.impl.InsurancePolicyImplTest@60e9c3a5, testMethod = [null], testException = [null], mergedContextConfiguration = [MergedContextConfiguration@3f1c5af9 testClass = InsurancePolicyImplTest, locations = '{}', classes = '{class com.waris.insurance.service.impl.InsurancePolicyImpl}', contextInitializerClasses = '[]', activeProfiles = '{}', propertySourceLocations = '{}', propertySourceProperties = '{}', contextCustomizers = set[org.springframework.boot.test.autoconfigure.actuate.metrics.MetricsExportContextCustomizerFactory$DisableMetricExportContextCustomizer@2cae1042, org.springframework.boot.test.autoconfigure.properties.PropertyMappingContextCustomizer@0, org.springframework.boot.test.autoconfigure.web.servlet.WebDriverContextCustomizerFactory$Customizer@14b030a0, org.springframework.boot.test.context.filter.ExcludeFilterContextCustomizer@56bca85b, org.springframework.boot.test.json.DuplicateJsonObjectContextCustomizerFactory$DuplicateJsonObjectContextCustomizer@22b53226, org.springframework.boot.test.mock.mockito.MockitoContextCustomizer@f02ece12], contextLoader = 'org.springframework.test.context.support.DelegatingSmartContextLoader', parent = [null]], attributes = map['org.springframework.test.context.event.ApplicationEventsTestExecutionListener.recordApplicationEvents' -> false]]].
00:38:36.192 [Test worker] DEBUG org.springframework.test.context.cache.DefaultCacheAwareContextLoaderDelegate - Retrieved ApplicationContext [246826139] from cache with key [[MergedContextConfiguration@3f1c5af9 testClass = InsurancePolicyImplTest, locations = '{}', classes = '{class com.waris.insurance.service.impl.InsurancePolicyImpl}', contextInitializerClasses = '[]', activeProfiles = '{}', propertySourceLocations = '{}', propertySourceProperties = '{}', contextCustomizers = set[org.springframework.boot.test.autoconfigure.actuate.metrics.MetricsExportContextCustomizerFactory$DisableMetricExportContextCustomizer@2cae1042, org.springframework.boot.test.autoconfigure.properties.PropertyMappingContextCustomizer@0, org.springframework.boot.test.autoconfigure.web.servlet.WebDriverContextCustomizerFactory$Customizer@14b030a0, org.springframework.boot.test.context.filter.ExcludeFilterContextCustomizer@56bca85b, org.springframework.boot.test.json.DuplicateJsonObjectContextCustomizerFactory$DuplicateJsonObjectContextCustomizer@22b53226, org.springframework.boot.test.mock.mockito.MockitoContextCustomizer@f02ece12], contextLoader = 'org.springframework.test.context.support.DelegatingSmartContextLoader', parent = [null]]]
00:38:36.192 [Test worker] DEBUG org.springframework.test.context.cache - Spring test ApplicationContext cache statistics: [DefaultContextCache@6981f8f3 size = 1, maxSize = 32, parentContextCount = 0, hitCount = 13, missCount = 1]
00:38:36.193 [Test worker] DEBUG org.springframework.test.context.cache.DefaultCacheAwareContextLoaderDelegate - Retrieved ApplicationContext [246826139] from cache with key [[MergedContextConfiguration@3f1c5af9 testClass = InsurancePolicyImplTest, locations = '{}', classes = '{class com.waris.insurance.service.impl.InsurancePolicyImpl}', contextInitializerClasses = '[]', activeProfiles = '{}', propertySourceLocations = '{}', propertySourceProperties = '{}', contextCustomizers = set[org.springframework.boot.test.autoconfigure.actuate.metrics.MetricsExportContextCustomizerFactory$DisableMetricExportContextCustomizer@2cae1042, org.springframework.boot.test.autoconfigure.properties.PropertyMappingContextCustomizer@0, org.springframework.boot.test.autoconfigure.web.servlet.WebDriverContextCustomizerFactory$Customizer@14b030a0, org.springframework.boot.test.context.filter.ExcludeFilterContextCustomizer@56bca85b, org.springframework.boot.test.json.DuplicateJsonObjectContextCustomizerFactory$DuplicateJsonObjectContextCustomizer@22b53226, org.springframework.boot.test.mock.mockito.MockitoContextCustomizer@f02ece12], contextLoader = 'org.springframework.test.context.support.DelegatingSmartContextLoader', parent = [null]]]
00:38:36.193 [Test worker] DEBUG org.springframework.test.context.cache - Spring test ApplicationContext cache statistics: [DefaultContextCache@6981f8f3 size = 1, maxSize = 32, parentContextCount = 0, hitCount = 14, missCount = 1]
00:38:36.195 [Test worker] DEBUG org.springframework.test.context.support.AbstractDirtiesContextTestExecutionListener - Before test method: context [DefaultTestContext@2b491fee testClass = InsurancePolicyImplTest, testInstance = com.waris.insurance.service.impl.InsurancePolicyImplTest@60e9c3a5, testMethod = testUpdateInsuranceById3@InsurancePolicyImplTest, testException = [null], mergedContextConfiguration = [MergedContextConfiguration@3f1c5af9 testClass = InsurancePolicyImplTest, locations = '{}', classes = '{class com.waris.insurance.service.impl.InsurancePolicyImpl}', contextInitializerClasses = '[]', activeProfiles = '{}', propertySourceLocations = '{}', propertySourceProperties = '{}', contextCustomizers = set[org.springframework.boot.test.autoconfigure.actuate.metrics.MetricsExportContextCustomizerFactory$DisableMetricExportContextCustomizer@2cae1042, org.springframework.boot.test.autoconfigure.properties.PropertyMappingContextCustomizer@0, org.springframework.boot.test.autoconfigure.web.servlet.WebDriverContextCustomizerFactory$Customizer@14b030a0, org.springframework.boot.test.context.filter.ExcludeFilterContextCustomizer@56bca85b, org.springframework.boot.test.json.DuplicateJsonObjectContextCustomizerFactory$DuplicateJsonObjectContextCustomizer@22b53226, org.springframework.boot.test.mock.mockito.MockitoContextCustomizer@f02ece12], contextLoader = 'org.springframework.test.context.support.DelegatingSmartContextLoader', parent = [null]], attributes = map['org.springframework.test.context.event.ApplicationEventsTestExecutionListener.recordApplicationEvents' -> false]], class annotated with @DirtiesContext [false] with mode [null], method annotated with @DirtiesContext [false] with mode [null].
00:38:36.195 [Test worker] DEBUG org.springframework.test.context.cache.DefaultCacheAwareContextLoaderDelegate - Retrieved ApplicationContext [246826139] from cache with key [[MergedContextConfiguration@3f1c5af9 testClass = InsurancePolicyImplTest, locations = '{}', classes = '{class com.waris.insurance.service.impl.InsurancePolicyImpl}', contextInitializerClasses = '[]', activeProfiles = '{}', propertySourceLocations = '{}', propertySourceProperties = '{}', contextCustomizers = set[org.springframework.boot.test.autoconfigure.actuate.metrics.MetricsExportContextCustomizerFactory$DisableMetricExportContextCustomizer@2cae1042, org.springframework.boot.test.autoconfigure.properties.PropertyMappingContextCustomizer@0, org.springframework.boot.test.autoconfigure.web.servlet.WebDriverContextCustomizerFactory$Customizer@14b030a0, org.springframework.boot.test.context.filter.ExcludeFilterContextCustomizer@56bca85b, org.springframework.boot.test.json.DuplicateJsonObjectContextCustomizerFactory$DuplicateJsonObjectContextCustomizer@22b53226, org.springframework.boot.test.mock.mockito.MockitoContextCustomizer@f02ece12], contextLoader = 'org.springframework.test.context.support.DelegatingSmartContextLoader', parent = [null]]]
00:38:36.195 [Test worker] DEBUG org.springframework.test.context.cache - Spring test ApplicationContext cache statistics: [DefaultContextCache@6981f8f3 size = 1, maxSize = 32, parentContextCount = 0, hitCount = 15, missCount = 1]
00:38:36.196 [Test worker] DEBUG org.springframework.test.context.cache.DefaultCacheAwareContextLoaderDelegate - Retrieved ApplicationContext [246826139] from cache with key [[MergedContextConfiguration@3f1c5af9 testClass = InsurancePolicyImplTest, locations = '{}', classes = '{class com.waris.insurance.service.impl.InsurancePolicyImpl}', contextInitializerClasses = '[]', activeProfiles = '{}', propertySourceLocations = '{}', propertySourceProperties = '{}', contextCustomizers = set[org.springframework.boot.test.autoconfigure.actuate.metrics.MetricsExportContextCustomizerFactory$DisableMetricExportContextCustomizer@2cae1042, org.springframework.boot.test.autoconfigure.properties.PropertyMappingContextCustomizer@0, org.springframework.boot.test.autoconfigure.web.servlet.WebDriverContextCustomizerFactory$Customizer@14b030a0, org.springframework.boot.test.context.filter.ExcludeFilterContextCustomizer@56bca85b, org.springframework.boot.test.json.DuplicateJsonObjectContextCustomizerFactory$DuplicateJsonObjectContextCustomizer@22b53226, org.springframework.boot.test.mock.mockito.MockitoContextCustomizer@f02ece12], contextLoader = 'org.springframework.test.context.support.DelegatingSmartContextLoader', parent = [null]]]
00:38:36.196 [Test worker] DEBUG org.springframework.test.context.cache - Spring test ApplicationContext cache statistics: [DefaultContextCache@6981f8f3 size = 1, maxSize = 32, parentContextCount = 0, hitCount = 16, missCount = 1]
00:38:36.197 [Test worker] DEBUG org.springframework.test.context.cache.DefaultCacheAwareContextLoaderDelegate - Retrieved ApplicationContext [246826139] from cache with key [[MergedContextConfiguration@3f1c5af9 testClass = InsurancePolicyImplTest, locations = '{}', classes = '{class com.waris.insurance.service.impl.InsurancePolicyImpl}', contextInitializerClasses = '[]', activeProfiles = '{}', propertySourceLocations = '{}', propertySourceProperties = '{}', contextCustomizers = set[org.springframework.boot.test.autoconfigure.actuate.metrics.MetricsExportContextCustomizerFactory$DisableMetricExportContextCustomizer@2cae1042, org.springframework.boot.test.autoconfigure.properties.PropertyMappingContextCustomizer@0, org.springframework.boot.test.autoconfigure.web.servlet.WebDriverContextCustomizerFactory$Customizer@14b030a0, org.springframework.boot.test.context.filter.ExcludeFilterContextCustomizer@56bca85b, org.springframework.boot.test.json.DuplicateJsonObjectContextCustomizerFactory$DuplicateJsonObjectContextCustomizer@22b53226, org.springframework.boot.test.mock.mockito.MockitoContextCustomizer@f02ece12], contextLoader = 'org.springframework.test.context.support.DelegatingSmartContextLoader', parent = [null]]]
00:38:36.197 [Test worker] DEBUG org.springframework.test.context.cache - Spring test ApplicationContext cache statistics: [DefaultContextCache@6981f8f3 size = 1, maxSize = 32, parentContextCount = 0, hitCount = 17, missCount = 1]
00:38:36.199 [Test worker] DEBUG org.springframework.test.context.cache.DefaultCacheAwareContextLoaderDelegate - Retrieved ApplicationContext [246826139] from cache with key [[MergedContextConfiguration@3f1c5af9 testClass = InsurancePolicyImplTest, locations = '{}', classes = '{class com.waris.insurance.service.impl.InsurancePolicyImpl}', contextInitializerClasses = '[]', activeProfiles = '{}', propertySourceLocations = '{}', propertySourceProperties = '{}', contextCustomizers = set[org.springframework.boot.test.autoconfigure.actuate.metrics.MetricsExportContextCustomizerFactory$DisableMetricExportContextCustomizer@2cae1042, org.springframework.boot.test.autoconfigure.properties.PropertyMappingContextCustomizer@0, org.springframework.boot.test.autoconfigure.web.servlet.WebDriverContextCustomizerFactory$Customizer@14b030a0, org.springframework.boot.test.context.filter.ExcludeFilterContextCustomizer@56bca85b, org.springframework.boot.test.json.DuplicateJsonObjectContextCustomizerFactory$DuplicateJsonObjectContextCustomizer@22b53226, org.springframework.boot.test.mock.mockito.MockitoContextCustomizer@f02ece12], contextLoader = 'org.springframework.test.context.support.DelegatingSmartContextLoader', parent = [null]]]
00:38:36.199 [Test worker] DEBUG org.springframework.test.context.cache - Spring test ApplicationContext cache statistics: [DefaultContextCache@6981f8f3 size = 1, maxSize = 32, parentContextCount = 0, hitCount = 18, missCount = 1]
00:38:36.200 [Test worker] DEBUG org.springframework.test.context.cache.DefaultCacheAwareContextLoaderDelegate - Retrieved ApplicationContext [246826139] from cache with key [[MergedContextConfiguration@3f1c5af9 testClass = InsurancePolicyImplTest, locations = '{}', classes = '{class com.waris.insurance.service.impl.InsurancePolicyImpl}', contextInitializerClasses = '[]', activeProfiles = '{}', propertySourceLocations = '{}', propertySourceProperties = '{}', contextCustomizers = set[org.springframework.boot.test.autoconfigure.actuate.metrics.MetricsExportContextCustomizerFactory$DisableMetricExportContextCustomizer@2cae1042, org.springframework.boot.test.autoconfigure.properties.PropertyMappingContextCustomizer@0, org.springframework.boot.test.autoconfigure.web.servlet.WebDriverContextCustomizerFactory$Customizer@14b030a0, org.springframework.boot.test.context.filter.ExcludeFilterContextCustomizer@56bca85b, org.springframework.boot.test.json.DuplicateJsonObjectContextCustomizerFactory$DuplicateJsonObjectContextCustomizer@22b53226, org.springframework.boot.test.mock.mockito.MockitoContextCustomizer@f02ece12], contextLoader = 'org.springframework.test.context.support.DelegatingSmartContextLoader', parent = [null]]]
00:38:36.200 [Test worker] DEBUG org.springframework.test.context.cache - Spring test ApplicationContext cache statistics: [DefaultContextCache@6981f8f3 size = 1, maxSize = 32, parentContextCount = 0, hitCount = 19, missCount = 1]
00:38:36.200 [Test worker] DEBUG org.springframework.test.context.cache.DefaultCacheAwareContextLoaderDelegate - Retrieved ApplicationContext [246826139] from cache with key [[MergedContextConfiguration@3f1c5af9 testClass = InsurancePolicyImplTest, locations = '{}', classes = '{class com.waris.insurance.service.impl.InsurancePolicyImpl}', contextInitializerClasses = '[]', activeProfiles = '{}', propertySourceLocations = '{}', propertySourceProperties = '{}', contextCustomizers = set[org.springframework.boot.test.autoconfigure.actuate.metrics.MetricsExportContextCustomizerFactory$DisableMetricExportContextCustomizer@2cae1042, org.springframework.boot.test.autoconfigure.properties.PropertyMappingContextCustomizer@0, org.springframework.boot.test.autoconfigure.web.servlet.WebDriverContextCustomizerFactory$Customizer@14b030a0, org.springframework.boot.test.context.filter.ExcludeFilterContextCustomizer@56bca85b, org.springframework.boot.test.json.DuplicateJsonObjectContextCustomizerFactory$DuplicateJsonObjectContextCustomizer@22b53226, org.springframework.boot.test.mock.mockito.MockitoContextCustomizer@f02ece12], contextLoader = 'org.springframework.test.context.support.DelegatingSmartContextLoader', parent = [null]]]
00:38:36.201 [Test worker] DEBUG org.springframework.test.context.cache - Spring test ApplicationContext cache statistics: [DefaultContextCache@6981f8f3 size = 1, maxSize = 32, parentContextCount = 0, hitCount = 20, missCount = 1]
00:38:36.201 [Test worker] DEBUG org.springframework.test.context.cache.DefaultCacheAwareContextLoaderDelegate - Retrieved ApplicationContext [246826139] from cache with key [[MergedContextConfiguration@3f1c5af9 testClass = InsurancePolicyImplTest, locations = '{}', classes = '{class com.waris.insurance.service.impl.InsurancePolicyImpl}', contextInitializerClasses = '[]', activeProfiles = '{}', propertySourceLocations = '{}', propertySourceProperties = '{}', contextCustomizers = set[org.springframework.boot.test.autoconfigure.actuate.metrics.MetricsExportContextCustomizerFactory$DisableMetricExportContextCustomizer@2cae1042, org.springframework.boot.test.autoconfigure.properties.PropertyMappingContextCustomizer@0, org.springframework.boot.test.autoconfigure.web.servlet.WebDriverContextCustomizerFactory$Customizer@14b030a0, org.springframework.boot.test.context.filter.ExcludeFilterContextCustomizer@56bca85b, org.springframework.boot.test.json.DuplicateJsonObjectContextCustomizerFactory$DuplicateJsonObjectContextCustomizer@22b53226, org.springframework.boot.test.mock.mockito.MockitoContextCustomizer@f02ece12], contextLoader = 'org.springframework.test.context.support.DelegatingSmartContextLoader', parent = [null]]]
00:38:36.201 [Test worker] DEBUG org.springframework.test.context.cache - Spring test ApplicationContext cache statistics: [DefaultContextCache@6981f8f3 size = 1, maxSize = 32, parentContextCount = 0, hitCount = 21, missCount = 1]
00:38:36.201 [Test worker] DEBUG org.springframework.test.context.cache.DefaultCacheAwareContextLoaderDelegate - Retrieved ApplicationContext [246826139] from cache with key [[MergedContextConfiguration@3f1c5af9 testClass = InsurancePolicyImplTest, locations = '{}', classes = '{class com.waris.insurance.service.impl.InsurancePolicyImpl}', contextInitializerClasses = '[]', activeProfiles = '{}', propertySourceLocations = '{}', propertySourceProperties = '{}', contextCustomizers = set[org.springframework.boot.test.autoconfigure.actuate.metrics.MetricsExportContextCustomizerFactory$DisableMetricExportContextCustomizer@2cae1042, org.springframework.boot.test.autoconfigure.properties.PropertyMappingContextCustomizer@0, org.springframework.boot.test.autoconfigure.web.servlet.WebDriverContextCustomizerFactory$Customizer@14b030a0, org.springframework.boot.test.context.filter.ExcludeFilterContextCustomizer@56bca85b, org.springframework.boot.test.json.DuplicateJsonObjectContextCustomizerFactory$DuplicateJsonObjectContextCustomizer@22b53226, org.springframework.boot.test.mock.mockito.MockitoContextCustomizer@f02ece12], contextLoader = 'org.springframework.test.context.support.DelegatingSmartContextLoader', parent = [null]]]
00:38:36.201 [Test worker] DEBUG org.springframework.test.context.cache - Spring test ApplicationContext cache statistics: [DefaultContextCache@6981f8f3 size = 1, maxSize = 32, parentContextCount = 0, hitCount = 22, missCount = 1]
00:38:36.202 [Test worker] DEBUG org.springframework.test.context.cache.DefaultCacheAwareContextLoaderDelegate - Retrieved ApplicationContext [246826139] from cache with key [[MergedContextConfiguration@3f1c5af9 testClass = InsurancePolicyImplTest, locations = '{}', classes = '{class com.waris.insurance.service.impl.InsurancePolicyImpl}', contextInitializerClasses = '[]', activeProfiles = '{}', propertySourceLocations = '{}', propertySourceProperties = '{}', contextCustomizers = set[org.springframework.boot.test.autoconfigure.actuate.metrics.MetricsExportContextCustomizerFactory$DisableMetricExportContextCustomizer@2cae1042, org.springframework.boot.test.autoconfigure.properties.PropertyMappingContextCustomizer@0, org.springframework.boot.test.autoconfigure.web.servlet.WebDriverContextCustomizerFactory$Customizer@14b030a0, org.springframework.boot.test.context.filter.ExcludeFilterContextCustomizer@56bca85b, org.springframework.boot.test.json.DuplicateJsonObjectContextCustomizerFactory$DuplicateJsonObjectContextCustomizer@22b53226, org.springframework.boot.test.mock.mockito.MockitoContextCustomizer@f02ece12], contextLoader = 'org.springframework.test.context.support.DelegatingSmartContextLoader', parent = [null]]]
00:38:36.202 [Test worker] DEBUG org.springframework.test.context.cache - Spring test ApplicationContext cache statistics: [DefaultContextCache@6981f8f3 size = 1, maxSize = 32, parentContextCount = 0, hitCount = 23, missCount = 1]
00:38:36.202 [Test worker] DEBUG org.springframework.test.context.support.AbstractDirtiesContextTestExecutionListener - After test method: context [DefaultTestContext@2b491fee testClass = InsurancePolicyImplTest, testInstance = com.waris.insurance.service.impl.InsurancePolicyImplTest@60e9c3a5, testMethod = testUpdateInsuranceById3@InsurancePolicyImplTest, testException = [null], mergedContextConfiguration = [MergedContextConfiguration@3f1c5af9 testClass = InsurancePolicyImplTest, locations = '{}', classes = '{class com.waris.insurance.service.impl.InsurancePolicyImpl}', contextInitializerClasses = '[]', activeProfiles = '{}', propertySourceLocations = '{}', propertySourceProperties = '{}', contextCustomizers = set[org.springframework.boot.test.autoconfigure.actuate.metrics.MetricsExportContextCustomizerFactory$DisableMetricExportContextCustomizer@2cae1042, org.springframework.boot.test.autoconfigure.properties.PropertyMappingContextCustomizer@0, org.springframework.boot.test.autoconfigure.web.servlet.WebDriverContextCustomizerFactory$Customizer@14b030a0, org.springframework.boot.test.context.filter.ExcludeFilterContextCustomizer@56bca85b, org.springframework.boot.test.json.DuplicateJsonObjectContextCustomizerFactory$DuplicateJsonObjectContextCustomizer@22b53226, org.springframework.boot.test.mock.mockito.MockitoContextCustomizer@f02ece12], contextLoader = 'org.springframework.test.context.support.DelegatingSmartContextLoader', parent = [null]], attributes = map['org.springframework.test.context.event.ApplicationEventsTestExecutionListener.recordApplicationEvents' -> false]], class annotated with @DirtiesContext [false] with mode [null], method annotated with @DirtiesContext [false] with mode [null].
00:38:36.204 [Test worker] DEBUG org.springframework.test.context.cache.DefaultCacheAwareContextLoaderDelegate - Retrieved ApplicationContext [246826139] from cache with key [[MergedContextConfiguration@3f1c5af9 testClass = InsurancePolicyImplTest, locations = '{}', classes = '{class com.waris.insurance.service.impl.InsurancePolicyImpl}', contextInitializerClasses = '[]', activeProfiles = '{}', propertySourceLocations = '{}', propertySourceProperties = '{}', contextCustomizers = set[org.springframework.boot.test.autoconfigure.actuate.metrics.MetricsExportContextCustomizerFactory$DisableMetricExportContextCustomizer@2cae1042, org.springframework.boot.test.autoconfigure.properties.PropertyMappingContextCustomizer@0, org.springframework.boot.test.autoconfigure.web.servlet.WebDriverContextCustomizerFactory$Customizer@14b030a0, org.springframework.boot.test.context.filter.ExcludeFilterContextCustomizer@56bca85b, org.springframework.boot.test.json.DuplicateJsonObjectContextCustomizerFactory$DuplicateJsonObjectContextCustomizer@22b53226, org.springframework.boot.test.mock.mockito.MockitoContextCustomizer@f02ece12], contextLoader = 'org.springframework.test.context.support.DelegatingSmartContextLoader', parent = [null]]]
00:38:36.204 [Test worker] DEBUG org.springframework.test.context.cache - Spring test ApplicationContext cache statistics: [DefaultContextCache@6981f8f3 size = 1, maxSize = 32, parentContextCount = 0, hitCount = 24, missCount = 1]
00:38:36.204 [Test worker] DEBUG org.springframework.test.context.support.DependencyInjectionTestExecutionListener - Performing dependency injection for test context [[DefaultTestContext@2b491fee testClass = InsurancePolicyImplTest, testInstance = com.waris.insurance.service.impl.InsurancePolicyImplTest@7a8b9166, testMethod = [null], testException = [null], mergedContextConfiguration = [MergedContextConfiguration@3f1c5af9 testClass = InsurancePolicyImplTest, locations = '{}', classes = '{class com.waris.insurance.service.impl.InsurancePolicyImpl}', contextInitializerClasses = '[]', activeProfiles = '{}', propertySourceLocations = '{}', propertySourceProperties = '{}', contextCustomizers = set[org.springframework.boot.test.autoconfigure.actuate.metrics.MetricsExportContextCustomizerFactory$DisableMetricExportContextCustomizer@2cae1042, org.springframework.boot.test.autoconfigure.properties.PropertyMappingContextCustomizer@0, org.springframework.boot.test.autoconfigure.web.servlet.WebDriverContextCustomizerFactory$Customizer@14b030a0, org.springframework.boot.test.context.filter.ExcludeFilterContextCustomizer@56bca85b, org.springframework.boot.test.json.DuplicateJsonObjectContextCustomizerFactory$DuplicateJsonObjectContextCustomizer@22b53226, org.springframework.boot.test.mock.mockito.MockitoContextCustomizer@f02ece12], contextLoader = 'org.springframework.test.context.support.DelegatingSmartContextLoader', parent = [null]], attributes = map['org.springframework.test.context.event.ApplicationEventsTestExecutionListener.recordApplicationEvents' -> false]]].
00:38:36.204 [Test worker] DEBUG org.springframework.test.context.cache.DefaultCacheAwareContextLoaderDelegate - Retrieved ApplicationContext [246826139] from cache with key [[MergedContextConfiguration@3f1c5af9 testClass = InsurancePolicyImplTest, locations = '{}', classes = '{class com.waris.insurance.service.impl.InsurancePolicyImpl}', contextInitializerClasses = '[]', activeProfiles = '{}', propertySourceLocations = '{}', propertySourceProperties = '{}', contextCustomizers = set[org.springframework.boot.test.autoconfigure.actuate.metrics.MetricsExportContextCustomizerFactory$DisableMetricExportContextCustomizer@2cae1042, org.springframework.boot.test.autoconfigure.properties.PropertyMappingContextCustomizer@0, org.springframework.boot.test.autoconfigure.web.servlet.WebDriverContextCustomizerFactory$Customizer@14b030a0, org.springframework.boot.test.context.filter.ExcludeFilterContextCustomizer@56bca85b, org.springframework.boot.test.json.DuplicateJsonObjectContextCustomizerFactory$DuplicateJsonObjectContextCustomizer@22b53226, org.springframework.boot.test.mock.mockito.MockitoContextCustomizer@f02ece12], contextLoader = 'org.springframework.test.context.support.DelegatingSmartContextLoader', parent = [null]]]
00:38:36.204 [Test worker] DEBUG org.springframework.test.context.cache - Spring test ApplicationContext cache statistics: [DefaultContextCache@6981f8f3 size = 1, maxSize = 32, parentContextCount = 0, hitCount = 25, missCount = 1]
00:38:36.205 [Test worker] DEBUG org.springframework.test.context.cache.DefaultCacheAwareContextLoaderDelegate - Retrieved ApplicationContext [246826139] from cache with key [[MergedContextConfiguration@3f1c5af9 testClass = InsurancePolicyImplTest, locations = '{}', classes = '{class com.waris.insurance.service.impl.InsurancePolicyImpl}', contextInitializerClasses = '[]', activeProfiles = '{}', propertySourceLocations = '{}', propertySourceProperties = '{}', contextCustomizers = set[org.springframework.boot.test.autoconfigure.actuate.metrics.MetricsExportContextCustomizerFactory$DisableMetricExportContextCustomizer@2cae1042, org.springframework.boot.test.autoconfigure.properties.PropertyMappingContextCustomizer@0, org.springframework.boot.test.autoconfigure.web.servlet.WebDriverContextCustomizerFactory$Customizer@14b030a0, org.springframework.boot.test.context.filter.ExcludeFilterContextCustomizer@56bca85b, org.springframework.boot.test.json.DuplicateJsonObjectContextCustomizerFactory$DuplicateJsonObjectContextCustomizer@22b53226, org.springframework.boot.test.mock.mockito.MockitoContextCustomizer@f02ece12], contextLoader = 'org.springframework.test.context.support.DelegatingSmartContextLoader', parent = [null]]]
00:38:36.205 [Test worker] DEBUG org.springframework.test.context.cache - Spring test ApplicationContext cache statistics: [DefaultContextCache@6981f8f3 size = 1, maxSize = 32, parentContextCount = 0, hitCount = 26, missCount = 1]
00:38:36.206 [Test worker] DEBUG org.springframework.test.context.support.AbstractDirtiesContextTestExecutionListener - Before test method: context [DefaultTestContext@2b491fee testClass = InsurancePolicyImplTest, testInstance = com.waris.insurance.service.impl.InsurancePolicyImplTest@7a8b9166, testMethod = testDeleteInsuranceById2@InsurancePolicyImplTest, testException = [null], mergedContextConfiguration = [MergedContextConfiguration@3f1c5af9 testClass = InsurancePolicyImplTest, locations = '{}', classes = '{class com.waris.insurance.service.impl.InsurancePolicyImpl}', contextInitializerClasses = '[]', activeProfiles = '{}', propertySourceLocations = '{}', propertySourceProperties = '{}', contextCustomizers = set[org.springframework.boot.test.autoconfigure.actuate.metrics.MetricsExportContextCustomizerFactory$DisableMetricExportContextCustomizer@2cae1042, org.springframework.boot.test.autoconfigure.properties.PropertyMappingContextCustomizer@0, org.springframework.boot.test.autoconfigure.web.servlet.WebDriverContextCustomizerFactory$Customizer@14b030a0, org.springframework.boot.test.context.filter.ExcludeFilterContextCustomizer@56bca85b, org.springframework.boot.test.json.DuplicateJsonObjectContextCustomizerFactory$DuplicateJsonObjectContextCustomizer@22b53226, org.springframework.boot.test.mock.mockito.MockitoContextCustomizer@f02ece12], contextLoader = 'org.springframework.test.context.support.DelegatingSmartContextLoader', parent = [null]], attributes = map['org.springframework.test.context.event.ApplicationEventsTestExecutionListener.recordApplicationEvents' -> false]], class annotated with @DirtiesContext [false] with mode [null], method annotated with @DirtiesContext [false] with mode [null].
00:38:36.207 [Test worker] DEBUG org.springframework.test.context.cache.DefaultCacheAwareContextLoaderDelegate - Retrieved ApplicationContext [246826139] from cache with key [[MergedContextConfiguration@3f1c5af9 testClass = InsurancePolicyImplTest, locations = '{}', classes = '{class com.waris.insurance.service.impl.InsurancePolicyImpl}', contextInitializerClasses = '[]', activeProfiles = '{}', propertySourceLocations = '{}', propertySourceProperties = '{}', contextCustomizers = set[org.springframework.boot.test.autoconfigure.actuate.metrics.MetricsExportContextCustomizerFactory$DisableMetricExportContextCustomizer@2cae1042, org.springframework.boot.test.autoconfigure.properties.PropertyMappingContextCustomizer@0, org.springframework.boot.test.autoconfigure.web.servlet.WebDriverContextCustomizerFactory$Customizer@14b030a0, org.springframework.boot.test.context.filter.ExcludeFilterContextCustomizer@56bca85b, org.springframework.boot.test.json.DuplicateJsonObjectContextCustomizerFactory$DuplicateJsonObjectContextCustomizer@22b53226, org.springframework.boot.test.mock.mockito.MockitoContextCustomizer@f02ece12], contextLoader = 'org.springframework.test.context.support.DelegatingSmartContextLoader', parent = [null]]]
00:38:36.207 [Test worker] DEBUG org.springframework.test.context.cache - Spring test ApplicationContext cache statistics: [DefaultContextCache@6981f8f3 size = 1, maxSize = 32, parentContextCount = 0, hitCount = 27, missCount = 1]
00:38:36.207 [Test worker] DEBUG org.springframework.test.context.cache.DefaultCacheAwareContextLoaderDelegate - Retrieved ApplicationContext [246826139] from cache with key [[MergedContextConfiguration@3f1c5af9 testClass = InsurancePolicyImplTest, locations = '{}', classes = '{class com.waris.insurance.service.impl.InsurancePolicyImpl}', contextInitializerClasses = '[]', activeProfiles = '{}', propertySourceLocations = '{}', propertySourceProperties = '{}', contextCustomizers = set[org.springframework.boot.test.autoconfigure.actuate.metrics.MetricsExportContextCustomizerFactory$DisableMetricExportContextCustomizer@2cae1042, org.springframework.boot.test.autoconfigure.properties.PropertyMappingContextCustomizer@0, org.springframework.boot.test.autoconfigure.web.servlet.WebDriverContextCustomizerFactory$Customizer@14b030a0, org.springframework.boot.test.context.filter.ExcludeFilterContextCustomizer@56bca85b, org.springframework.boot.test.json.DuplicateJsonObjectContextCustomizerFactory$DuplicateJsonObjectContextCustomizer@22b53226, org.springframework.boot.test.mock.mockito.MockitoContextCustomizer@f02ece12], contextLoader = 'org.springframework.test.context.support.DelegatingSmartContextLoader', parent = [null]]]
00:38:36.207 [Test worker] DEBUG org.springframework.test.context.cache - Spring test ApplicationContext cache statistics: [DefaultContextCache@6981f8f3 size = 1, maxSize = 32, parentContextCount = 0, hitCount = 28, missCount = 1]
00:38:36.208 [Test worker] DEBUG org.springframework.test.context.cache.DefaultCacheAwareContextLoaderDelegate - Retrieved ApplicationContext [246826139] from cache with key [[MergedContextConfiguration@3f1c5af9 testClass = InsurancePolicyImplTest, locations = '{}', classes = '{class com.waris.insurance.service.impl.InsurancePolicyImpl}', contextInitializerClasses = '[]', activeProfiles = '{}', propertySourceLocations = '{}', propertySourceProperties = '{}', contextCustomizers = set[org.springframework.boot.test.autoconfigure.actuate.metrics.MetricsExportContextCustomizerFactory$DisableMetricExportContextCustomizer@2cae1042, org.springframework.boot.test.autoconfigure.properties.PropertyMappingContextCustomizer@0, org.springframework.boot.test.autoconfigure.web.servlet.WebDriverContextCustomizerFactory$Customizer@14b030a0, org.springframework.boot.test.context.filter.ExcludeFilterContextCustomizer@56bca85b, org.springframework.boot.test.json.DuplicateJsonObjectContextCustomizerFactory$DuplicateJsonObjectContextCustomizer@22b53226, org.springframework.boot.test.mock.mockito.MockitoContextCustomizer@f02ece12], contextLoader = 'org.springframework.test.context.support.DelegatingSmartContextLoader', parent = [null]]]
00:38:36.208 [Test worker] DEBUG org.springframework.test.context.cache - Spring test ApplicationContext cache statistics: [DefaultContextCache@6981f8f3 size = 1, maxSize = 32, parentContextCount = 0, hitCount = 29, missCount = 1]
00:38:36.210 [Test worker] DEBUG org.springframework.test.context.cache.DefaultCacheAwareContextLoaderDelegate - Retrieved ApplicationContext [246826139] from cache with key [[MergedContextConfiguration@3f1c5af9 testClass = InsurancePolicyImplTest, locations = '{}', classes = '{class com.waris.insurance.service.impl.InsurancePolicyImpl}', contextInitializerClasses = '[]', activeProfiles = '{}', propertySourceLocations = '{}', propertySourceProperties = '{}', contextCustomizers = set[org.springframework.boot.test.autoconfigure.actuate.metrics.MetricsExportContextCustomizerFactory$DisableMetricExportContextCustomizer@2cae1042, org.springframework.boot.test.autoconfigure.properties.PropertyMappingContextCustomizer@0, org.springframework.boot.test.autoconfigure.web.servlet.WebDriverContextCustomizerFactory$Customizer@14b030a0, org.springframework.boot.test.context.filter.ExcludeFilterContextCustomizer@56bca85b, org.springframework.boot.test.json.DuplicateJsonObjectContextCustomizerFactory$DuplicateJsonObjectContextCustomizer@22b53226, org.springframework.boot.test.mock.mockito.MockitoContextCustomizer@f02ece12], contextLoader = 'org.springframework.test.context.support.DelegatingSmartContextLoader', parent = [null]]]
00:38:36.211 [Test worker] DEBUG org.springframework.test.context.cache - Spring test ApplicationContext cache statistics: [DefaultContextCache@6981f8f3 size = 1, maxSize = 32, parentContextCount = 0, hitCount = 30, missCount = 1]
00:38:36.211 [Test worker] DEBUG org.springframework.test.context.cache.DefaultCacheAwareContextLoaderDelegate - Retrieved ApplicationContext [246826139] from cache with key [[MergedContextConfiguration@3f1c5af9 testClass = InsurancePolicyImplTest, locations = '{}', classes = '{class com.waris.insurance.service.impl.InsurancePolicyImpl}', contextInitializerClasses = '[]', activeProfiles = '{}', propertySourceLocations = '{}', propertySourceProperties = '{}', contextCustomizers = set[org.springframework.boot.test.autoconfigure.actuate.metrics.MetricsExportContextCustomizerFactory$DisableMetricExportContextCustomizer@2cae1042, org.springframework.boot.test.autoconfigure.properties.PropertyMappingContextCustomizer@0, org.springframework.boot.test.autoconfigure.web.servlet.WebDriverContextCustomizerFactory$Customizer@14b030a0, org.springframework.boot.test.context.filter.ExcludeFilterContextCustomizer@56bca85b, org.springframework.boot.test.json.DuplicateJsonObjectContextCustomizerFactory$DuplicateJsonObjectContextCustomizer@22b53226, org.springframework.boot.test.mock.mockito.MockitoContextCustomizer@f02ece12], contextLoader = 'org.springframework.test.context.support.DelegatingSmartContextLoader', parent = [null]]]
00:38:36.211 [Test worker] DEBUG org.springframework.test.context.cache - Spring test ApplicationContext cache statistics: [DefaultContextCache@6981f8f3 size = 1, maxSize = 32, parentContextCount = 0, hitCount = 31, missCount = 1]
00:38:36.211 [Test worker] DEBUG org.springframework.test.context.cache.DefaultCacheAwareContextLoaderDelegate - Retrieved ApplicationContext [246826139] from cache with key [[MergedContextConfiguration@3f1c5af9 testClass = InsurancePolicyImplTest, locations = '{}', classes = '{class com.waris.insurance.service.impl.InsurancePolicyImpl}', contextInitializerClasses = '[]', activeProfiles = '{}', propertySourceLocations = '{}', propertySourceProperties = '{}', contextCustomizers = set[org.springframework.boot.test.autoconfigure.actuate.metrics.MetricsExportContextCustomizerFactory$DisableMetricExportContextCustomizer@2cae1042, org.springframework.boot.test.autoconfigure.properties.PropertyMappingContextCustomizer@0, org.springframework.boot.test.autoconfigure.web.servlet.WebDriverContextCustomizerFactory$Customizer@14b030a0, org.springframework.boot.test.context.filter.ExcludeFilterContextCustomizer@56bca85b, org.springframework.boot.test.json.DuplicateJsonObjectContextCustomizerFactory$DuplicateJsonObjectContextCustomizer@22b53226, org.springframework.boot.test.mock.mockito.MockitoContextCustomizer@f02ece12], contextLoader = 'org.springframework.test.context.support.DelegatingSmartContextLoader', parent = [null]]]
00:38:36.211 [Test worker] DEBUG org.springframework.test.context.cache - Spring test ApplicationContext cache statistics: [DefaultContextCache@6981f8f3 size = 1, maxSize = 32, parentContextCount = 0, hitCount = 32, missCount = 1]
00:38:36.212 [Test worker] DEBUG org.springframework.test.context.cache.DefaultCacheAwareContextLoaderDelegate - Retrieved ApplicationContext [246826139] from cache with key [[MergedContextConfiguration@3f1c5af9 testClass = InsurancePolicyImplTest, locations = '{}', classes = '{class com.waris.insurance.service.impl.InsurancePolicyImpl}', contextInitializerClasses = '[]', activeProfiles = '{}', propertySourceLocations = '{}', propertySourceProperties = '{}', contextCustomizers = set[org.springframework.boot.test.autoconfigure.actuate.metrics.MetricsExportContextCustomizerFactory$DisableMetricExportContextCustomizer@2cae1042, org.springframework.boot.test.autoconfigure.properties.PropertyMappingContextCustomizer@0, org.springframework.boot.test.autoconfigure.web.servlet.WebDriverContextCustomizerFactory$Customizer@14b030a0, org.springframework.boot.test.context.filter.ExcludeFilterContextCustomizer@56bca85b, org.springframework.boot.test.json.DuplicateJsonObjectContextCustomizerFactory$DuplicateJsonObjectContextCustomizer@22b53226, org.springframework.boot.test.mock.mockito.MockitoContextCustomizer@f02ece12], contextLoader = 'org.springframework.test.context.support.DelegatingSmartContextLoader', parent = [null]]]
00:38:36.212 [Test worker] DEBUG org.springframework.test.context.cache - Spring test ApplicationContext cache statistics: [DefaultContextCache@6981f8f3 size = 1, maxSize = 32, parentContextCount = 0, hitCount = 33, missCount = 1]
00:38:36.212 [Test worker] DEBUG org.springframework.test.context.cache.DefaultCacheAwareContextLoaderDelegate - Retrieved ApplicationContext [246826139] from cache with key [[MergedContextConfiguration@3f1c5af9 testClass = InsurancePolicyImplTest, locations = '{}', classes = '{class com.waris.insurance.service.impl.InsurancePolicyImpl}', contextInitializerClasses = '[]', activeProfiles = '{}', propertySourceLocations = '{}', propertySourceProperties = '{}', contextCustomizers = set[org.springframework.boot.test.autoconfigure.actuate.metrics.MetricsExportContextCustomizerFactory$DisableMetricExportContextCustomizer@2cae1042, org.springframework.boot.test.autoconfigure.properties.PropertyMappingContextCustomizer@0, org.springframework.boot.test.autoconfigure.web.servlet.WebDriverContextCustomizerFactory$Customizer@14b030a0, org.springframework.boot.test.context.filter.ExcludeFilterContextCustomizer@56bca85b, org.springframework.boot.test.json.DuplicateJsonObjectContextCustomizerFactory$DuplicateJsonObjectContextCustomizer@22b53226, org.springframework.boot.test.mock.mockito.MockitoContextCustomizer@f02ece12], contextLoader = 'org.springframework.test.context.support.DelegatingSmartContextLoader', parent = [null]]]
00:38:36.212 [Test worker] DEBUG org.springframework.test.context.cache - Spring test ApplicationContext cache statistics: [DefaultContextCache@6981f8f3 size = 1, maxSize = 32, parentContextCount = 0, hitCount = 34, missCount = 1]
00:38:36.213 [Test worker] DEBUG org.springframework.test.context.cache.DefaultCacheAwareContextLoaderDelegate - Retrieved ApplicationContext [246826139] from cache with key [[MergedContextConfiguration@3f1c5af9 testClass = InsurancePolicyImplTest, locations = '{}', classes = '{class com.waris.insurance.service.impl.InsurancePolicyImpl}', contextInitializerClasses = '[]', activeProfiles = '{}', propertySourceLocations = '{}', propertySourceProperties = '{}', contextCustomizers = set[org.springframework.boot.test.autoconfigure.actuate.metrics.MetricsExportContextCustomizerFactory$DisableMetricExportContextCustomizer@2cae1042, org.springframework.boot.test.autoconfigure.properties.PropertyMappingContextCustomizer@0, org.springframework.boot.test.autoconfigure.web.servlet.WebDriverContextCustomizerFactory$Customizer@14b030a0, org.springframework.boot.test.context.filter.ExcludeFilterContextCustomizer@56bca85b, org.springframework.boot.test.json.DuplicateJsonObjectContextCustomizerFactory$DuplicateJsonObjectContextCustomizer@22b53226, org.springframework.boot.test.mock.mockito.MockitoContextCustomizer@f02ece12], contextLoader = 'org.springframework.test.context.support.DelegatingSmartContextLoader', parent = [null]]]
00:38:36.213 [Test worker] DEBUG org.springframework.test.context.cache - Spring test ApplicationContext cache statistics: [DefaultContextCache@6981f8f3 size = 1, maxSize = 32, parentContextCount = 0, hitCount = 35, missCount = 1]
00:38:36.213 [Test worker] DEBUG org.springframework.test.context.support.AbstractDirtiesContextTestExecutionListener - After test method: context [DefaultTestContext@2b491fee testClass = InsurancePolicyImplTest, testInstance = com.waris.insurance.service.impl.InsurancePolicyImplTest@7a8b9166, testMethod = testDeleteInsuranceById2@InsurancePolicyImplTest, testException = [null], mergedContextConfiguration = [MergedContextConfiguration@3f1c5af9 testClass = InsurancePolicyImplTest, locations = '{}', classes = '{class com.waris.insurance.service.impl.InsurancePolicyImpl}', contextInitializerClasses = '[]', activeProfiles = '{}', propertySourceLocations = '{}', propertySourceProperties = '{}', contextCustomizers = set[org.springframework.boot.test.autoconfigure.actuate.metrics.MetricsExportContextCustomizerFactory$DisableMetricExportContextCustomizer@2cae1042, org.springframework.boot.test.autoconfigure.properties.PropertyMappingContextCustomizer@0, org.springframework.boot.test.autoconfigure.web.servlet.WebDriverContextCustomizerFactory$Customizer@14b030a0, org.springframework.boot.test.context.filter.ExcludeFilterContextCustomizer@56bca85b, org.springframework.boot.test.json.DuplicateJsonObjectContextCustomizerFactory$DuplicateJsonObjectContextCustomizer@22b53226, org.springframework.boot.test.mock.mockito.MockitoContextCustomizer@f02ece12], contextLoader = 'org.springframework.test.context.support.DelegatingSmartContextLoader', parent = [null]], attributes = map['org.springframework.test.context.event.ApplicationEventsTestExecutionListener.recordApplicationEvents' -> false]], class annotated with @DirtiesContext [false] with mode [null], method annotated with @DirtiesContext [false] with mode [null].
00:38:36.214 [Test worker] DEBUG org.springframework.test.context.cache.DefaultCacheAwareContextLoaderDelegate - Retrieved ApplicationContext [246826139] from cache with key [[MergedContextConfiguration@3f1c5af9 testClass = InsurancePolicyImplTest, locations = '{}', classes = '{class com.waris.insurance.service.impl.InsurancePolicyImpl}', contextInitializerClasses = '[]', activeProfiles = '{}', propertySourceLocations = '{}', propertySourceProperties = '{}', contextCustomizers = set[org.springframework.boot.test.autoconfigure.actuate.metrics.MetricsExportContextCustomizerFactory$DisableMetricExportContextCustomizer@2cae1042, org.springframework.boot.test.autoconfigure.properties.PropertyMappingContextCustomizer@0, org.springframework.boot.test.autoconfigure.web.servlet.WebDriverContextCustomizerFactory$Customizer@14b030a0, org.springframework.boot.test.context.filter.ExcludeFilterContextCustomizer@56bca85b, org.springframework.boot.test.json.DuplicateJsonObjectContextCustomizerFactory$DuplicateJsonObjectContextCustomizer@22b53226, org.springframework.boot.test.mock.mockito.MockitoContextCustomizer@f02ece12], contextLoader = 'org.springframework.test.context.support.DelegatingSmartContextLoader', parent = [null]]]
00:38:36.214 [Test worker] DEBUG org.springframework.test.context.cache - Spring test ApplicationContext cache statistics: [DefaultContextCache@6981f8f3 size = 1, maxSize = 32, parentContextCount = 0, hitCount = 36, missCount = 1]
00:38:36.214 [Test worker] DEBUG org.springframework.test.context.support.DependencyInjectionTestExecutionListener - Performing dependency injection for test context [[DefaultTestContext@2b491fee testClass = InsurancePolicyImplTest, testInstance = com.waris.insurance.service.impl.InsurancePolicyImplTest@44b29496, testMethod = [null], testException = [null], mergedContextConfiguration = [MergedContextConfiguration@3f1c5af9 testClass = InsurancePolicyImplTest, locations = '{}', classes = '{class com.waris.insurance.service.impl.InsurancePolicyImpl}', contextInitializerClasses = '[]', activeProfiles = '{}', propertySourceLocations = '{}', propertySourceProperties = '{}', contextCustomizers = set[org.springframework.boot.test.autoconfigure.actuate.metrics.MetricsExportContextCustomizerFactory$DisableMetricExportContextCustomizer@2cae1042, org.springframework.boot.test.autoconfigure.properties.PropertyMappingContextCustomizer@0, org.springframework.boot.test.autoconfigure.web.servlet.WebDriverContextCustomizerFactory$Customizer@14b030a0, org.springframework.boot.test.context.filter.ExcludeFilterContextCustomizer@56bca85b, org.springframework.boot.test.json.DuplicateJsonObjectContextCustomizerFactory$DuplicateJsonObjectContextCustomizer@22b53226, org.springframework.boot.test.mock.mockito.MockitoContextCustomizer@f02ece12], contextLoader = 'org.springframework.test.context.support.DelegatingSmartContextLoader', parent = [null]], attributes = map['org.springframework.test.context.event.ApplicationEventsTestExecutionListener.recordApplicationEvents' -> false]]].
00:38:36.215 [Test worker] DEBUG org.springframework.test.context.cache.DefaultCacheAwareContextLoaderDelegate - Retrieved ApplicationContext [246826139] from cache with key [[MergedContextConfiguration@3f1c5af9 testClass = InsurancePolicyImplTest, locations = '{}', classes = '{class com.waris.insurance.service.impl.InsurancePolicyImpl}', contextInitializerClasses = '[]', activeProfiles = '{}', propertySourceLocations = '{}', propertySourceProperties = '{}', contextCustomizers = set[org.springframework.boot.test.autoconfigure.actuate.metrics.MetricsExportContextCustomizerFactory$DisableMetricExportContextCustomizer@2cae1042, org.springframework.boot.test.autoconfigure.properties.PropertyMappingContextCustomizer@0, org.springframework.boot.test.autoconfigure.web.servlet.WebDriverContextCustomizerFactory$Customizer@14b030a0, org.springframework.boot.test.context.filter.ExcludeFilterContextCustomizer@56bca85b, org.springframework.boot.test.json.DuplicateJsonObjectContextCustomizerFactory$DuplicateJsonObjectContextCustomizer@22b53226, org.springframework.boot.test.mock.mockito.MockitoContextCustomizer@f02ece12], contextLoader = 'org.springframework.test.context.support.DelegatingSmartContextLoader', parent = [null]]]
00:38:36.215 [Test worker] DEBUG org.springframework.test.context.cache - Spring test ApplicationContext cache statistics: [DefaultContextCache@6981f8f3 size = 1, maxSize = 32, parentContextCount = 0, hitCount = 37, missCount = 1]
00:38:36.215 [Test worker] DEBUG org.springframework.test.context.cache.DefaultCacheAwareContextLoaderDelegate - Retrieved ApplicationContext [246826139] from cache with key [[MergedContextConfiguration@3f1c5af9 testClass = InsurancePolicyImplTest, locations = '{}', classes = '{class com.waris.insurance.service.impl.InsurancePolicyImpl}', contextInitializerClasses = '[]', activeProfiles = '{}', propertySourceLocations = '{}', propertySourceProperties = '{}', contextCustomizers = set[org.springframework.boot.test.autoconfigure.actuate.metrics.MetricsExportContextCustomizerFactory$DisableMetricExportContextCustomizer@2cae1042, org.springframework.boot.test.autoconfigure.properties.PropertyMappingContextCustomizer@0, org.springframework.boot.test.autoconfigure.web.servlet.WebDriverContextCustomizerFactory$Customizer@14b030a0, org.springframework.boot.test.context.filter.ExcludeFilterContextCustomizer@56bca85b, org.springframework.boot.test.json.DuplicateJsonObjectContextCustomizerFactory$DuplicateJsonObjectContextCustomizer@22b53226, org.springframework.boot.test.mock.mockito.MockitoContextCustomizer@f02ece12], contextLoader = 'org.springframework.test.context.support.DelegatingSmartContextLoader', parent = [null]]]
00:38:36.215 [Test worker] DEBUG org.springframework.test.context.cache - Spring test ApplicationContext cache statistics: [DefaultContextCache@6981f8f3 size = 1, maxSize = 32, parentContextCount = 0, hitCount = 38, missCount = 1]
00:38:36.217 [Test worker] DEBUG org.springframework.test.context.support.AbstractDirtiesContextTestExecutionListener - Before test method: context [DefaultTestContext@2b491fee testClass = InsurancePolicyImplTest, testInstance = com.waris.insurance.service.impl.InsurancePolicyImplTest@44b29496, testMethod = testDeleteInsuranceById3@InsurancePolicyImplTest, testException = [null], mergedContextConfiguration = [MergedContextConfiguration@3f1c5af9 testClass = InsurancePolicyImplTest, locations = '{}', classes = '{class com.waris.insurance.service.impl.InsurancePolicyImpl}', contextInitializerClasses = '[]', activeProfiles = '{}', propertySourceLocations = '{}', propertySourceProperties = '{}', contextCustomizers = set[org.springframework.boot.test.autoconfigure.actuate.metrics.MetricsExportContextCustomizerFactory$DisableMetricExportContextCustomizer@2cae1042, org.springframework.boot.test.autoconfigure.properties.PropertyMappingContextCustomizer@0, org.springframework.boot.test.autoconfigure.web.servlet.WebDriverContextCustomizerFactory$Customizer@14b030a0, org.springframework.boot.test.context.filter.ExcludeFilterContextCustomizer@56bca85b, org.springframework.boot.test.json.DuplicateJsonObjectContextCustomizerFactory$DuplicateJsonObjectContextCustomizer@22b53226, org.springframework.boot.test.mock.mockito.MockitoContextCustomizer@f02ece12], contextLoader = 'org.springframework.test.context.support.DelegatingSmartContextLoader', parent = [null]], attributes = map['org.springframework.test.context.event.ApplicationEventsTestExecutionListener.recordApplicationEvents' -> false]], class annotated with @DirtiesContext [false] with mode [null], method annotated with @DirtiesContext [false] with mode [null].
00:38:36.217 [Test worker] DEBUG org.springframework.test.context.cache.DefaultCacheAwareContextLoaderDelegate - Retrieved ApplicationContext [246826139] from cache with key [[MergedContextConfiguration@3f1c5af9 testClass = InsurancePolicyImplTest, locations = '{}', classes = '{class com.waris.insurance.service.impl.InsurancePolicyImpl}', contextInitializerClasses = '[]', activeProfiles = '{}', propertySourceLocations = '{}', propertySourceProperties = '{}', contextCustomizers = set[org.springframework.boot.test.autoconfigure.actuate.metrics.MetricsExportContextCustomizerFactory$DisableMetricExportContextCustomizer@2cae1042, org.springframework.boot.test.autoconfigure.properties.PropertyMappingContextCustomizer@0, org.springframework.boot.test.autoconfigure.web.servlet.WebDriverContextCustomizerFactory$Customizer@14b030a0, org.springframework.boot.test.context.filter.ExcludeFilterContextCustomizer@56bca85b, org.springframework.boot.test.json.DuplicateJsonObjectContextCustomizerFactory$DuplicateJsonObjectContextCustomizer@22b53226, org.springframework.boot.test.mock.mockito.MockitoContextCustomizer@f02ece12], contextLoader = 'org.springframework.test.context.support.DelegatingSmartContextLoader', parent = [null]]]
00:38:36.217 [Test worker] DEBUG org.springframework.test.context.cache - Spring test ApplicationContext cache statistics: [DefaultContextCache@6981f8f3 size = 1, maxSize = 32, parentContextCount = 0, hitCount = 39, missCount = 1]
00:38:36.218 [Test worker] DEBUG org.springframework.test.context.cache.DefaultCacheAwareContextLoaderDelegate - Retrieved ApplicationContext [246826139] from cache with key [[MergedContextConfiguration@3f1c5af9 testClass = InsurancePolicyImplTest, locations = '{}', classes = '{class com.waris.insurance.service.impl.InsurancePolicyImpl}', contextInitializerClasses = '[]', activeProfiles = '{}', propertySourceLocations = '{}', propertySourceProperties = '{}', contextCustomizers = set[org.springframework.boot.test.autoconfigure.actuate.metrics.MetricsExportContextCustomizerFactory$DisableMetricExportContextCustomizer@2cae1042, org.springframework.boot.test.autoconfigure.properties.PropertyMappingContextCustomizer@0, org.springframework.boot.test.autoconfigure.web.servlet.WebDriverContextCustomizerFactory$Customizer@14b030a0, org.springframework.boot.test.context.filter.ExcludeFilterContextCustomizer@56bca85b, org.springframework.boot.test.json.DuplicateJsonObjectContextCustomizerFactory$DuplicateJsonObjectContextCustomizer@22b53226, org.springframework.boot.test.mock.mockito.MockitoContextCustomizer@f02ece12], contextLoader = 'org.springframework.test.context.support.DelegatingSmartContextLoader', parent = [null]]]
00:38:36.218 [Test worker] DEBUG org.springframework.test.context.cache - Spring test ApplicationContext cache statistics: [DefaultContextCache@6981f8f3 size = 1, maxSize = 32, parentContextCount = 0, hitCount = 40, missCount = 1]
00:38:36.218 [Test worker] DEBUG org.springframework.test.context.cache.DefaultCacheAwareContextLoaderDelegate - Retrieved ApplicationContext [246826139] from cache with key [[MergedContextConfiguration@3f1c5af9 testClass = InsurancePolicyImplTest, locations = '{}', classes = '{class com.waris.insurance.service.impl.InsurancePolicyImpl}', contextInitializerClasses = '[]', activeProfiles = '{}', propertySourceLocations = '{}', propertySourceProperties = '{}', contextCustomizers = set[org.springframework.boot.test.autoconfigure.actuate.metrics.MetricsExportContextCustomizerFactory$DisableMetricExportContextCustomizer@2cae1042, org.springframework.boot.test.autoconfigure.properties.PropertyMappingContextCustomizer@0, org.springframework.boot.test.autoconfigure.web.servlet.WebDriverContextCustomizerFactory$Customizer@14b030a0, org.springframework.boot.test.context.filter.ExcludeFilterContextCustomizer@56bca85b, org.springframework.boot.test.json.DuplicateJsonObjectContextCustomizerFactory$DuplicateJsonObjectContextCustomizer@22b53226, org.springframework.boot.test.mock.mockito.MockitoContextCustomizer@f02ece12], contextLoader = 'org.springframework.test.context.support.DelegatingSmartContextLoader', parent = [null]]]
00:38:36.219 [Test worker] DEBUG org.springframework.test.context.cache - Spring test ApplicationContext cache statistics: [DefaultContextCache@6981f8f3 size = 1, maxSize = 32, parentContextCount = 0, hitCount = 41, missCount = 1]
00:38:36.221 [Test worker] DEBUG org.springframework.test.context.cache.DefaultCacheAwareContextLoaderDelegate - Retrieved ApplicationContext [246826139] from cache with key [[MergedContextConfiguration@3f1c5af9 testClass = InsurancePolicyImplTest, locations = '{}', classes = '{class com.waris.insurance.service.impl.InsurancePolicyImpl}', contextInitializerClasses = '[]', activeProfiles = '{}', propertySourceLocations = '{}', propertySourceProperties = '{}', contextCustomizers = set[org.springframework.boot.test.autoconfigure.actuate.metrics.MetricsExportContextCustomizerFactory$DisableMetricExportContextCustomizer@2cae1042, org.springframework.boot.test.autoconfigure.properties.PropertyMappingContextCustomizer@0, org.springframework.boot.test.autoconfigure.web.servlet.WebDriverContextCustomizerFactory$Customizer@14b030a0, org.springframework.boot.test.context.filter.ExcludeFilterContextCustomizer@56bca85b, org.springframework.boot.test.json.DuplicateJsonObjectContextCustomizerFactory$DuplicateJsonObjectContextCustomizer@22b53226, org.springframework.boot.test.mock.mockito.MockitoContextCustomizer@f02ece12], contextLoader = 'org.springframework.test.context.support.DelegatingSmartContextLoader', parent = [null]]]
00:38:36.221 [Test worker] DEBUG org.springframework.test.context.cache - Spring test ApplicationContext cache statistics: [DefaultContextCache@6981f8f3 size = 1, maxSize = 32, parentContextCount = 0, hitCount = 42, missCount = 1]
00:38:36.221 [Test worker] DEBUG org.springframework.test.context.cache.DefaultCacheAwareContextLoaderDelegate - Retrieved ApplicationContext [246826139] from cache with key [[MergedContextConfiguration@3f1c5af9 testClass = InsurancePolicyImplTest, locations = '{}', classes = '{class com.waris.insurance.service.impl.InsurancePolicyImpl}', contextInitializerClasses = '[]', activeProfiles = '{}', propertySourceLocations = '{}', propertySourceProperties = '{}', contextCustomizers = set[org.springframework.boot.test.autoconfigure.actuate.metrics.MetricsExportContextCustomizerFactory$DisableMetricExportContextCustomizer@2cae1042, org.springframework.boot.test.autoconfigure.properties.PropertyMappingContextCustomizer@0, org.springframework.boot.test.autoconfigure.web.servlet.WebDriverContextCustomizerFactory$Customizer@14b030a0, org.springframework.boot.test.context.filter.ExcludeFilterContextCustomizer@56bca85b, org.springframework.boot.test.json.DuplicateJsonObjectContextCustomizerFactory$DuplicateJsonObjectContextCustomizer@22b53226, org.springframework.boot.test.mock.mockito.MockitoContextCustomizer@f02ece12], contextLoader = 'org.springframework.test.context.support.DelegatingSmartContextLoader', parent = [null]]]
00:38:36.221 [Test worker] DEBUG org.springframework.test.context.cache - Spring test ApplicationContext cache statistics: [DefaultContextCache@6981f8f3 size = 1, maxSize = 32, parentContextCount = 0, hitCount = 43, missCount = 1]
00:38:36.222 [Test worker] DEBUG org.springframework.test.context.cache.DefaultCacheAwareContextLoaderDelegate - Retrieved ApplicationContext [246826139] from cache with key [[MergedContextConfiguration@3f1c5af9 testClass = InsurancePolicyImplTest, locations = '{}', classes = '{class com.waris.insurance.service.impl.InsurancePolicyImpl}', contextInitializerClasses = '[]', activeProfiles = '{}', propertySourceLocations = '{}', propertySourceProperties = '{}', contextCustomizers = set[org.springframework.boot.test.autoconfigure.actuate.metrics.MetricsExportContextCustomizerFactory$DisableMetricExportContextCustomizer@2cae1042, org.springframework.boot.test.autoconfigure.properties.PropertyMappingContextCustomizer@0, org.springframework.boot.test.autoconfigure.web.servlet.WebDriverContextCustomizerFactory$Customizer@14b030a0, org.springframework.boot.test.context.filter.ExcludeFilterContextCustomizer@56bca85b, org.springframework.boot.test.json.DuplicateJsonObjectContextCustomizerFactory$DuplicateJsonObjectContextCustomizer@22b53226, org.springframework.boot.test.mock.mockito.MockitoContextCustomizer@f02ece12], contextLoader = 'org.springframework.test.context.support.DelegatingSmartContextLoader', parent = [null]]]
00:38:36.222 [Test worker] DEBUG org.springframework.test.context.cache - Spring test ApplicationContext cache statistics: [DefaultContextCache@6981f8f3 size = 1, maxSize = 32, parentContextCount = 0, hitCount = 44, missCount = 1]
00:38:36.222 [Test worker] DEBUG org.springframework.test.context.cache.DefaultCacheAwareContextLoaderDelegate - Retrieved ApplicationContext [246826139] from cache with key [[MergedContextConfiguration@3f1c5af9 testClass = InsurancePolicyImplTest, locations = '{}', classes = '{class com.waris.insurance.service.impl.InsurancePolicyImpl}', contextInitializerClasses = '[]', activeProfiles = '{}', propertySourceLocations = '{}', propertySourceProperties = '{}', contextCustomizers = set[org.springframework.boot.test.autoconfigure.actuate.metrics.MetricsExportContextCustomizerFactory$DisableMetricExportContextCustomizer@2cae1042, org.springframework.boot.test.autoconfigure.properties.PropertyMappingContextCustomizer@0, org.springframework.boot.test.autoconfigure.web.servlet.WebDriverContextCustomizerFactory$Customizer@14b030a0, org.springframework.boot.test.context.filter.ExcludeFilterContextCustomizer@56bca85b, org.springframework.boot.test.json.DuplicateJsonObjectContextCustomizerFactory$DuplicateJsonObjectContextCustomizer@22b53226, org.springframework.boot.test.mock.mockito.MockitoContextCustomizer@f02ece12], contextLoader = 'org.springframework.test.context.support.DelegatingSmartContextLoader', parent = [null]]]
00:38:36.222 [Test worker] DEBUG org.springframework.test.context.cache - Spring test ApplicationContext cache statistics: [DefaultContextCache@6981f8f3 size = 1, maxSize = 32, parentContextCount = 0, hitCount = 45, missCount = 1]
00:38:36.223 [Test worker] DEBUG org.springframework.test.context.cache.DefaultCacheAwareContextLoaderDelegate - Retrieved ApplicationContext [246826139] from cache with key [[MergedContextConfiguration@3f1c5af9 testClass = InsurancePolicyImplTest, locations = '{}', classes = '{class com.waris.insurance.service.impl.InsurancePolicyImpl}', contextInitializerClasses = '[]', activeProfiles = '{}', propertySourceLocations = '{}', propertySourceProperties = '{}', contextCustomizers = set[org.springframework.boot.test.autoconfigure.actuate.metrics.MetricsExportContextCustomizerFactory$DisableMetricExportContextCustomizer@2cae1042, org.springframework.boot.test.autoconfigure.properties.PropertyMappingContextCustomizer@0, org.springframework.boot.test.autoconfigure.web.servlet.WebDriverContextCustomizerFactory$Customizer@14b030a0, org.springframework.boot.test.context.filter.ExcludeFilterContextCustomizer@56bca85b, org.springframework.boot.test.json.DuplicateJsonObjectContextCustomizerFactory$DuplicateJsonObjectContextCustomizer@22b53226, org.springframework.boot.test.mock.mockito.MockitoContextCustomizer@f02ece12], contextLoader = 'org.springframework.test.context.support.DelegatingSmartContextLoader', parent = [null]]]
00:38:36.223 [Test worker] DEBUG org.springframework.test.context.cache - Spring test ApplicationContext cache statistics: [DefaultContextCache@6981f8f3 size = 1, maxSize = 32, parentContextCount = 0, hitCount = 46, missCount = 1]
00:38:36.223 [Test worker] DEBUG org.springframework.test.context.cache.DefaultCacheAwareContextLoaderDelegate - Retrieved ApplicationContext [246826139] from cache with key [[MergedContextConfiguration@3f1c5af9 testClass = InsurancePolicyImplTest, locations = '{}', classes = '{class com.waris.insurance.service.impl.InsurancePolicyImpl}', contextInitializerClasses = '[]', activeProfiles = '{}', propertySourceLocations = '{}', propertySourceProperties = '{}', contextCustomizers = set[org.springframework.boot.test.autoconfigure.actuate.metrics.MetricsExportContextCustomizerFactory$DisableMetricExportContextCustomizer@2cae1042, org.springframework.boot.test.autoconfigure.properties.PropertyMappingContextCustomizer@0, org.springframework.boot.test.autoconfigure.web.servlet.WebDriverContextCustomizerFactory$Customizer@14b030a0, org.springframework.boot.test.context.filter.ExcludeFilterContextCustomizer@56bca85b, org.springframework.boot.test.json.DuplicateJsonObjectContextCustomizerFactory$DuplicateJsonObjectContextCustomizer@22b53226, org.springframework.boot.test.mock.mockito.MockitoContextCustomizer@f02ece12], contextLoader = 'org.springframework.test.context.support.DelegatingSmartContextLoader', parent = [null]]]
00:38:36.223 [Test worker] DEBUG org.springframework.test.context.cache - Spring test ApplicationContext cache statistics: [DefaultContextCache@6981f8f3 size = 1, maxSize = 32, parentContextCount = 0, hitCount = 47, missCount = 1]
00:38:36.224 [Test worker] DEBUG org.springframework.test.context.support.AbstractDirtiesContextTestExecutionListener - After test method: context [DefaultTestContext@2b491fee testClass = InsurancePolicyImplTest, testInstance = com.waris.insurance.service.impl.InsurancePolicyImplTest@44b29496, testMethod = testDeleteInsuranceById3@InsurancePolicyImplTest, testException = [null], mergedContextConfiguration = [MergedContextConfiguration@3f1c5af9 testClass = InsurancePolicyImplTest, locations = '{}', classes = '{class com.waris.insurance.service.impl.InsurancePolicyImpl}', contextInitializerClasses = '[]', activeProfiles = '{}', propertySourceLocations = '{}', propertySourceProperties = '{}', contextCustomizers = set[org.springframework.boot.test.autoconfigure.actuate.metrics.MetricsExportContextCustomizerFactory$DisableMetricExportContextCustomizer@2cae1042, org.springframework.boot.test.autoconfigure.properties.PropertyMappingContextCustomizer@0, org.springframework.boot.test.autoconfigure.web.servlet.WebDriverContextCustomizerFactory$Customizer@14b030a0, org.springframework.boot.test.context.filter.ExcludeFilterContextCustomizer@56bca85b, org.springframework.boot.test.json.DuplicateJsonObjectContextCustomizerFactory$DuplicateJsonObjectContextCustomizer@22b53226, org.springframework.boot.test.mock.mockito.MockitoContextCustomizer@f02ece12], contextLoader = 'org.springframework.test.context.support.DelegatingSmartContextLoader', parent = [null]], attributes = map['org.springframework.test.context.event.ApplicationEventsTestExecutionListener.recordApplicationEvents' -> false]], class annotated with @DirtiesContext [false] with mode [null], method annotated with @DirtiesContext [false] with mode [null].
00:38:36.225 [Test worker] DEBUG org.springframework.test.context.cache.DefaultCacheAwareContextLoaderDelegate - Retrieved ApplicationContext [246826139] from cache with key [[MergedContextConfiguration@3f1c5af9 testClass = InsurancePolicyImplTest, locations = '{}', classes = '{class com.waris.insurance.service.impl.InsurancePolicyImpl}', contextInitializerClasses = '[]', activeProfiles = '{}', propertySourceLocations = '{}', propertySourceProperties = '{}', contextCustomizers = set[org.springframework.boot.test.autoconfigure.actuate.metrics.MetricsExportContextCustomizerFactory$DisableMetricExportContextCustomizer@2cae1042, org.springframework.boot.test.autoconfigure.properties.PropertyMappingContextCustomizer@0, org.springframework.boot.test.autoconfigure.web.servlet.WebDriverContextCustomizerFactory$Customizer@14b030a0, org.springframework.boot.test.context.filter.ExcludeFilterContextCustomizer@56bca85b, org.springframework.boot.test.json.DuplicateJsonObjectContextCustomizerFactory$DuplicateJsonObjectContextCustomizer@22b53226, org.springframework.boot.test.mock.mockito.MockitoContextCustomizer@f02ece12], contextLoader = 'org.springframework.test.context.support.DelegatingSmartContextLoader', parent = [null]]]
00:38:36.225 [Test worker] DEBUG org.springframework.test.context.cache - Spring test ApplicationContext cache statistics: [DefaultContextCache@6981f8f3 size = 1, maxSize = 32, parentContextCount = 0, hitCount = 48, missCount = 1]
00:38:36.225 [Test worker] DEBUG org.springframework.test.context.support.DependencyInjectionTestExecutionListener - Performing dependency injection for test context [[DefaultTestContext@2b491fee testClass = InsurancePolicyImplTest, testInstance = com.waris.insurance.service.impl.InsurancePolicyImplTest@43d9f1a2, testMethod = [null], testException = [null], mergedContextConfiguration = [MergedContextConfiguration@3f1c5af9 testClass = InsurancePolicyImplTest, locations = '{}', classes = '{class com.waris.insurance.service.impl.InsurancePolicyImpl}', contextInitializerClasses = '[]', activeProfiles = '{}', propertySourceLocations = '{}', propertySourceProperties = '{}', contextCustomizers = set[org.springframework.boot.test.autoconfigure.actuate.metrics.MetricsExportContextCustomizerFactory$DisableMetricExportContextCustomizer@2cae1042, org.springframework.boot.test.autoconfigure.properties.PropertyMappingContextCustomizer@0, org.springframework.boot.test.autoconfigure.web.servlet.WebDriverContextCustomizerFactory$Customizer@14b030a0, org.springframework.boot.test.context.filter.ExcludeFilterContextCustomizer@56bca85b, org.springframework.boot.test.json.DuplicateJsonObjectContextCustomizerFactory$DuplicateJsonObjectContextCustomizer@22b53226, org.springframework.boot.test.mock.mockito.MockitoContextCustomizer@f02ece12], contextLoader = 'org.springframework.test.context.support.DelegatingSmartContextLoader', parent = [null]], attributes = map['org.springframework.test.context.event.ApplicationEventsTestExecutionListener.recordApplicationEvents' -> false]]].
00:38:36.225 [Test worker] DEBUG org.springframework.test.context.cache.DefaultCacheAwareContextLoaderDelegate - Retrieved ApplicationContext [246826139] from cache with key [[MergedContextConfiguration@3f1c5af9 testClass = InsurancePolicyImplTest, locations = '{}', classes = '{class com.waris.insurance.service.impl.InsurancePolicyImpl}', contextInitializerClasses = '[]', activeProfiles = '{}', propertySourceLocations = '{}', propertySourceProperties = '{}', contextCustomizers = set[org.springframework.boot.test.autoconfigure.actuate.metrics.MetricsExportContextCustomizerFactory$DisableMetricExportContextCustomizer@2cae1042, org.springframework.boot.test.autoconfigure.properties.PropertyMappingContextCustomizer@0, org.springframework.boot.test.autoconfigure.web.servlet.WebDriverContextCustomizerFactory$Customizer@14b030a0, org.springframework.boot.test.context.filter.ExcludeFilterContextCustomizer@56bca85b, org.springframework.boot.test.json.DuplicateJsonObjectContextCustomizerFactory$DuplicateJsonObjectContextCustomizer@22b53226, org.springframework.boot.test.mock.mockito.MockitoContextCustomizer@f02ece12], contextLoader = 'org.springframework.test.context.support.DelegatingSmartContextLoader', parent = [null]]]
00:38:36.225 [Test worker] DEBUG org.springframework.test.context.cache - Spring test ApplicationContext cache statistics: [DefaultContextCache@6981f8f3 size = 1, maxSize = 32, parentContextCount = 0, hitCount = 49, missCount = 1]
00:38:36.225 [Test worker] DEBUG org.springframework.test.context.cache.DefaultCacheAwareContextLoaderDelegate - Retrieved ApplicationContext [246826139] from cache with key [[MergedContextConfiguration@3f1c5af9 testClass = InsurancePolicyImplTest, locations = '{}', classes = '{class com.waris.insurance.service.impl.InsurancePolicyImpl}', contextInitializerClasses = '[]', activeProfiles = '{}', propertySourceLocations = '{}', propertySourceProperties = '{}', contextCustomizers = set[org.springframework.boot.test.autoconfigure.actuate.metrics.MetricsExportContextCustomizerFactory$DisableMetricExportContextCustomizer@2cae1042, org.springframework.boot.test.autoconfigure.properties.PropertyMappingContextCustomizer@0, org.springframework.boot.test.autoconfigure.web.servlet.WebDriverContextCustomizerFactory$Customizer@14b030a0, org.springframework.boot.test.context.filter.ExcludeFilterContextCustomizer@56bca85b, org.springframework.boot.test.json.DuplicateJsonObjectContextCustomizerFactory$DuplicateJsonObjectContextCustomizer@22b53226, org.springframework.boot.test.mock.mockito.MockitoContextCustomizer@f02ece12], contextLoader = 'org.springframework.test.context.support.DelegatingSmartContextLoader', parent = [null]]]
00:38:36.226 [Test worker] DEBUG org.springframework.test.context.cache - Spring test ApplicationContext cache statistics: [DefaultContextCache@6981f8f3 size = 1, maxSize = 32, parentContextCount = 0, hitCount = 50, missCount = 1]
00:38:36.227 [Test worker] DEBUG org.springframework.test.context.support.AbstractDirtiesContextTestExecutionListener - Before test method: context [DefaultTestContext@2b491fee testClass = InsurancePolicyImplTest, testInstance = com.waris.insurance.service.impl.InsurancePolicyImplTest@43d9f1a2, testMethod = testSaveInsurancePolicy2@InsurancePolicyImplTest, testException = [null], mergedContextConfiguration = [MergedContextConfiguration@3f1c5af9 testClass = InsurancePolicyImplTest, locations = '{}', classes = '{class com.waris.insurance.service.impl.InsurancePolicyImpl}', contextInitializerClasses = '[]', activeProfiles = '{}', propertySourceLocations = '{}', propertySourceProperties = '{}', contextCustomizers = set[org.springframework.boot.test.autoconfigure.actuate.metrics.MetricsExportContextCustomizerFactory$DisableMetricExportContextCustomizer@2cae1042, org.springframework.boot.test.autoconfigure.properties.PropertyMappingContextCustomizer@0, org.springframework.boot.test.autoconfigure.web.servlet.WebDriverContextCustomizerFactory$Customizer@14b030a0, org.springframework.boot.test.context.filter.ExcludeFilterContextCustomizer@56bca85b, org.springframework.boot.test.json.DuplicateJsonObjectContextCustomizerFactory$DuplicateJsonObjectContextCustomizer@22b53226, org.springframework.boot.test.mock.mockito.MockitoContextCustomizer@f02ece12], contextLoader = 'org.springframework.test.context.support.DelegatingSmartContextLoader', parent = [null]], attributes = map['org.springframework.test.context.event.ApplicationEventsTestExecutionListener.recordApplicationEvents' -> false]], class annotated with @DirtiesContext [false] with mode [null], method annotated with @DirtiesContext [false] with mode [null].
00:38:36.227 [Test worker] DEBUG org.springframework.test.context.cache.DefaultCacheAwareContextLoaderDelegate - Retrieved ApplicationContext [246826139] from cache with key [[MergedContextConfiguration@3f1c5af9 testClass = InsurancePolicyImplTest, locations = '{}', classes = '{class com.waris.insurance.service.impl.InsurancePolicyImpl}', contextInitializerClasses = '[]', activeProfiles = '{}', propertySourceLocations = '{}', propertySourceProperties = '{}', contextCustomizers = set[org.springframework.boot.test.autoconfigure.actuate.metrics.MetricsExportContextCustomizerFactory$DisableMetricExportContextCustomizer@2cae1042, org.springframework.boot.test.autoconfigure.properties.PropertyMappingContextCustomizer@0, org.springframework.boot.test.autoconfigure.web.servlet.WebDriverContextCustomizerFactory$Customizer@14b030a0, org.springframework.boot.test.context.filter.ExcludeFilterContextCustomizer@56bca85b, org.springframework.boot.test.json.DuplicateJsonObjectContextCustomizerFactory$DuplicateJsonObjectContextCustomizer@22b53226, org.springframework.boot.test.mock.mockito.MockitoContextCustomizer@f02ece12], contextLoader = 'org.springframework.test.context.support.DelegatingSmartContextLoader', parent = [null]]]
00:38:36.227 [Test worker] DEBUG org.springframework.test.context.cache - Spring test ApplicationContext cache statistics: [DefaultContextCache@6981f8f3 size = 1, maxSize = 32, parentContextCount = 0, hitCount = 51, missCount = 1]
00:38:36.228 [Test worker] DEBUG org.springframework.test.context.cache.DefaultCacheAwareContextLoaderDelegate - Retrieved ApplicationContext [246826139] from cache with key [[MergedContextConfiguration@3f1c5af9 testClass = InsurancePolicyImplTest, locations = '{}', classes = '{class com.waris.insurance.service.impl.InsurancePolicyImpl}', contextInitializerClasses = '[]', activeProfiles = '{}', propertySourceLocations = '{}', propertySourceProperties = '{}', contextCustomizers = set[org.springframework.boot.test.autoconfigure.actuate.metrics.MetricsExportContextCustomizerFactory$DisableMetricExportContextCustomizer@2cae1042, org.springframework.boot.test.autoconfigure.properties.PropertyMappingContextCustomizer@0, org.springframework.boot.test.autoconfigure.web.servlet.WebDriverContextCustomizerFactory$Customizer@14b030a0, org.springframework.boot.test.context.filter.ExcludeFilterContextCustomizer@56bca85b, org.springframework.boot.test.json.DuplicateJsonObjectContextCustomizerFactory$DuplicateJsonObjectContextCustomizer@22b53226, org.springframework.boot.test.mock.mockito.MockitoContextCustomizer@f02ece12], contextLoader = 'org.springframework.test.context.support.DelegatingSmartContextLoader', parent = [null]]]
00:38:36.228 [Test worker] DEBUG org.springframework.test.context.cache - Spring test ApplicationContext cache statistics: [DefaultContextCache@6981f8f3 size = 1, maxSize = 32, parentContextCount = 0, hitCount = 52, missCount = 1]
00:38:36.228 [Test worker] DEBUG org.springframework.test.context.cache.DefaultCacheAwareContextLoaderDelegate - Retrieved ApplicationContext [246826139] from cache with key [[MergedContextConfiguration@3f1c5af9 testClass = InsurancePolicyImplTest, locations = '{}', classes = '{class com.waris.insurance.service.impl.InsurancePolicyImpl}', contextInitializerClasses = '[]', activeProfiles = '{}', propertySourceLocations = '{}', propertySourceProperties = '{}', contextCustomizers = set[org.springframework.boot.test.autoconfigure.actuate.metrics.MetricsExportContextCustomizerFactory$DisableMetricExportContextCustomizer@2cae1042, org.springframework.boot.test.autoconfigure.properties.PropertyMappingContextCustomizer@0, org.springframework.boot.test.autoconfigure.web.servlet.WebDriverContextCustomizerFactory$Customizer@14b030a0, org.springframework.boot.test.context.filter.ExcludeFilterContextCustomizer@56bca85b, org.springframework.boot.test.json.DuplicateJsonObjectContextCustomizerFactory$DuplicateJsonObjectContextCustomizer@22b53226, org.springframework.boot.test.mock.mockito.MockitoContextCustomizer@f02ece12], contextLoader = 'org.springframework.test.context.support.DelegatingSmartContextLoader', parent = [null]]]
00:38:36.228 [Test worker] DEBUG org.springframework.test.context.cache - Spring test ApplicationContext cache statistics: [DefaultContextCache@6981f8f3 size = 1, maxSize = 32, parentContextCount = 0, hitCount = 53, missCount = 1]
00:38:36.229 [Test worker] INFO com.waris.insurance.service.impl.InsurancePolicyImpl - Adding Insurance Policy
00:38:36.231 [Test worker] DEBUG org.springframework.test.context.cache.DefaultCacheAwareContextLoaderDelegate - Retrieved ApplicationContext [246826139] from cache with key [[MergedContextConfiguration@3f1c5af9 testClass = InsurancePolicyImplTest, locations = '{}', classes = '{class com.waris.insurance.service.impl.InsurancePolicyImpl}', contextInitializerClasses = '[]', activeProfiles = '{}', propertySourceLocations = '{}', propertySourceProperties = '{}', contextCustomizers = set[org.springframework.boot.test.autoconfigure.actuate.metrics.MetricsExportContextCustomizerFactory$DisableMetricExportContextCustomizer@2cae1042, org.springframework.boot.test.autoconfigure.properties.PropertyMappingContextCustomizer@0, org.springframework.boot.test.autoconfigure.web.servlet.WebDriverContextCustomizerFactory$Customizer@14b030a0, org.springframework.boot.test.context.filter.ExcludeFilterContextCustomizer@56bca85b, org.springframework.boot.test.json.DuplicateJsonObjectContextCustomizerFactory$DuplicateJsonObjectContextCustomizer@22b53226, org.springframework.boot.test.mock.mockito.MockitoContextCustomizer@f02ece12], contextLoader = 'org.springframework.test.context.support.DelegatingSmartContextLoader', parent = [null]]]
00:38:36.231 [Test worker] DEBUG org.springframework.test.context.cache - Spring test ApplicationContext cache statistics: [DefaultContextCache@6981f8f3 size = 1, maxSize = 32, parentContextCount = 0, hitCount = 54, missCount = 1]
00:38:36.231 [Test worker] DEBUG org.springframework.test.context.cache.DefaultCacheAwareContextLoaderDelegate - Retrieved ApplicationContext [246826139] from cache with key [[MergedContextConfiguration@3f1c5af9 testClass = InsurancePolicyImplTest, locations = '{}', classes = '{class com.waris.insurance.service.impl.InsurancePolicyImpl}', contextInitializerClasses = '[]', activeProfiles = '{}', propertySourceLocations = '{}', propertySourceProperties = '{}', contextCustomizers = set[org.springframework.boot.test.autoconfigure.actuate.metrics.MetricsExportContextCustomizerFactory$DisableMetricExportContextCustomizer@2cae1042, org.springframework.boot.test.autoconfigure.properties.PropertyMappingContextCustomizer@0, org.springframework.boot.test.autoconfigure.web.servlet.WebDriverContextCustomizerFactory$Customizer@14b030a0, org.springframework.boot.test.context.filter.ExcludeFilterContextCustomizer@56bca85b, org.springframework.boot.test.json.DuplicateJsonObjectContextCustomizerFactory$DuplicateJsonObjectContextCustomizer@22b53226, org.springframework.boot.test.mock.mockito.MockitoContextCustomizer@f02ece12], contextLoader = 'org.springframework.test.context.support.DelegatingSmartContextLoader', parent = [null]]]
00:38:36.231 [Test worker] DEBUG org.springframework.test.context.cache - Spring test ApplicationContext cache statistics: [DefaultContextCache@6981f8f3 size = 1, maxSize = 32, parentContextCount = 0, hitCount = 55, missCount = 1]
00:38:36.232 [Test worker] DEBUG org.springframework.test.context.cache.DefaultCacheAwareContextLoaderDelegate - Retrieved ApplicationContext [246826139] from cache with key [[MergedContextConfiguration@3f1c5af9 testClass = InsurancePolicyImplTest, locations = '{}', classes = '{class com.waris.insurance.service.impl.InsurancePolicyImpl}', contextInitializerClasses = '[]', activeProfiles = '{}', propertySourceLocations = '{}', propertySourceProperties = '{}', contextCustomizers = set[org.springframework.boot.test.autoconfigure.actuate.metrics.MetricsExportContextCustomizerFactory$DisableMetricExportContextCustomizer@2cae1042, org.springframework.boot.test.autoconfigure.properties.PropertyMappingContextCustomizer@0, org.springframework.boot.test.autoconfigure.web.servlet.WebDriverContextCustomizerFactory$Customizer@14b030a0, org.springframework.boot.test.context.filter.ExcludeFilterContextCustomizer@56bca85b, org.springframework.boot.test.json.DuplicateJsonObjectContextCustomizerFactory$DuplicateJsonObjectContextCustomizer@22b53226, org.springframework.boot.test.mock.mockito.MockitoContextCustomizer@f02ece12], contextLoader = 'org.springframework.test.context.support.DelegatingSmartContextLoader', parent = [null]]]
00:38:36.232 [Test worker] DEBUG org.springframework.test.context.cache - Spring test ApplicationContext cache statistics: [DefaultContextCache@6981f8f3 size = 1, maxSize = 32, parentContextCount = 0, hitCount = 56, missCount = 1]
00:38:36.232 [Test worker] DEBUG org.springframework.test.context.cache.DefaultCacheAwareContextLoaderDelegate - Retrieved ApplicationContext [246826139] from cache with key [[MergedContextConfiguration@3f1c5af9 testClass = InsurancePolicyImplTest, locations = '{}', classes = '{class com.waris.insurance.service.impl.InsurancePolicyImpl}', contextInitializerClasses = '[]', activeProfiles = '{}', propertySourceLocations = '{}', propertySourceProperties = '{}', contextCustomizers = set[org.springframework.boot.test.autoconfigure.actuate.metrics.MetricsExportContextCustomizerFactory$DisableMetricExportContextCustomizer@2cae1042, org.springframework.boot.test.autoconfigure.properties.PropertyMappingContextCustomizer@0, org.springframework.boot.test.autoconfigure.web.servlet.WebDriverContextCustomizerFactory$Customizer@14b030a0, org.springframework.boot.test.context.filter.ExcludeFilterContextCustomizer@56bca85b, org.springframework.boot.test.json.DuplicateJsonObjectContextCustomizerFactory$DuplicateJsonObjectContextCustomizer@22b53226, org.springframework.boot.test.mock.mockito.MockitoContextCustomizer@f02ece12], contextLoader = 'org.springframework.test.context.support.DelegatingSmartContextLoader', parent = [null]]]
00:38:36.232 [Test worker] DEBUG org.springframework.test.context.cache - Spring test ApplicationContext cache statistics: [DefaultContextCache@6981f8f3 size = 1, maxSize = 32, parentContextCount = 0, hitCount = 57, missCount = 1]
00:38:36.232 [Test worker] DEBUG org.springframework.test.context.cache.DefaultCacheAwareContextLoaderDelegate - Retrieved ApplicationContext [246826139] from cache with key [[MergedContextConfiguration@3f1c5af9 testClass = InsurancePolicyImplTest, locations = '{}', classes = '{class com.waris.insurance.service.impl.InsurancePolicyImpl}', contextInitializerClasses = '[]', activeProfiles = '{}', propertySourceLocations = '{}', propertySourceProperties = '{}', contextCustomizers = set[org.springframework.boot.test.autoconfigure.actuate.metrics.MetricsExportContextCustomizerFactory$DisableMetricExportContextCustomizer@2cae1042, org.springframework.boot.test.autoconfigure.properties.PropertyMappingContextCustomizer@0, org.springframework.boot.test.autoconfigure.web.servlet.WebDriverContextCustomizerFactory$Customizer@14b030a0, org.springframework.boot.test.context.filter.ExcludeFilterContextCustomizer@56bca85b, org.springframework.boot.test.json.DuplicateJsonObjectContextCustomizerFactory$DuplicateJsonObjectContextCustomizer@22b53226, org.springframework.boot.test.mock.mockito.MockitoContextCustomizer@f02ece12], contextLoader = 'org.springframework.test.context.support.DelegatingSmartContextLoader', parent = [null]]]
00:38:36.232 [Test worker] DEBUG org.springframework.test.context.cache - Spring test ApplicationContext cache statistics: [DefaultContextCache@6981f8f3 size = 1, maxSize = 32, parentContextCount = 0, hitCount = 58, missCount = 1]
00:38:36.233 [Test worker] DEBUG org.springframework.test.context.cache.DefaultCacheAwareContextLoaderDelegate - Retrieved ApplicationContext [246826139] from cache with key [[MergedContextConfiguration@3f1c5af9 testClass = InsurancePolicyImplTest, locations = '{}', classes = '{class com.waris.insurance.service.impl.InsurancePolicyImpl}', contextInitializerClasses = '[]', activeProfiles = '{}', propertySourceLocations = '{}', propertySourceProperties = '{}', contextCustomizers = set[org.springframework.boot.test.autoconfigure.actuate.metrics.MetricsExportContextCustomizerFactory$DisableMetricExportContextCustomizer@2cae1042, org.springframework.boot.test.autoconfigure.properties.PropertyMappingContextCustomizer@0, org.springframework.boot.test.autoconfigure.web.servlet.WebDriverContextCustomizerFactory$Customizer@14b030a0, org.springframework.boot.test.context.filter.ExcludeFilterContextCustomizer@56bca85b, org.springframework.boot.test.json.DuplicateJsonObjectContextCustomizerFactory$DuplicateJsonObjectContextCustomizer@22b53226, org.springframework.boot.test.mock.mockito.MockitoContextCustomizer@f02ece12], contextLoader = 'org.springframework.test.context.support.DelegatingSmartContextLoader', parent = [null]]]
00:38:36.233 [Test worker] DEBUG org.springframework.test.context.cache - Spring test ApplicationContext cache statistics: [DefaultContextCache@6981f8f3 size = 1, maxSize = 32, parentContextCount = 0, hitCount = 59, missCount = 1]
00:38:36.233 [Test worker] DEBUG org.springframework.test.context.support.AbstractDirtiesContextTestExecutionListener - After test method: context [DefaultTestContext@2b491fee testClass = InsurancePolicyImplTest, testInstance = com.waris.insurance.service.impl.InsurancePolicyImplTest@43d9f1a2, testMethod = testSaveInsurancePolicy2@InsurancePolicyImplTest, testException = [null], mergedContextConfiguration = [MergedContextConfiguration@3f1c5af9 testClass = InsurancePolicyImplTest, locations = '{}', classes = '{class com.waris.insurance.service.impl.InsurancePolicyImpl}', contextInitializerClasses = '[]', activeProfiles = '{}', propertySourceLocations = '{}', propertySourceProperties = '{}', contextCustomizers = set[org.springframework.boot.test.autoconfigure.actuate.metrics.MetricsExportContextCustomizerFactory$DisableMetricExportContextCustomizer@2cae1042, org.springframework.boot.test.autoconfigure.properties.PropertyMappingContextCustomizer@0, org.springframework.boot.test.autoconfigure.web.servlet.WebDriverContextCustomizerFactory$Customizer@14b030a0, org.springframework.boot.test.context.filter.ExcludeFilterContextCustomizer@56bca85b, org.springframework.boot.test.json.DuplicateJsonObjectContextCustomizerFactory$DuplicateJsonObjectContextCustomizer@22b53226, org.springframework.boot.test.mock.mockito.MockitoContextCustomizer@f02ece12], contextLoader = 'org.springframework.test.context.support.DelegatingSmartContextLoader', parent = [null]], attributes = map['org.springframework.test.context.event.ApplicationEventsTestExecutionListener.recordApplicationEvents' -> false]], class annotated with @DirtiesContext [false] with mode [null], method annotated with @DirtiesContext [false] with mode [null].
00:38:36.234 [Test worker] DEBUG org.springframework.test.context.cache.DefaultCacheAwareContextLoaderDelegate - Retrieved ApplicationContext [246826139] from cache with key [[MergedContextConfiguration@3f1c5af9 testClass = InsurancePolicyImplTest, locations = '{}', classes = '{class com.waris.insurance.service.impl.InsurancePolicyImpl}', contextInitializerClasses = '[]', activeProfiles = '{}', propertySourceLocations = '{}', propertySourceProperties = '{}', contextCustomizers = set[org.springframework.boot.test.autoconfigure.actuate.metrics.MetricsExportContextCustomizerFactory$DisableMetricExportContextCustomizer@2cae1042, org.springframework.boot.test.autoconfigure.properties.PropertyMappingContextCustomizer@0, org.springframework.boot.test.autoconfigure.web.servlet.WebDriverContextCustomizerFactory$Customizer@14b030a0, org.springframework.boot.test.context.filter.ExcludeFilterContextCustomizer@56bca85b, org.springframework.boot.test.json.DuplicateJsonObjectContextCustomizerFactory$DuplicateJsonObjectContextCustomizer@22b53226, org.springframework.boot.test.mock.mockito.MockitoContextCustomizer@f02ece12], contextLoader = 'org.springframework.test.context.support.DelegatingSmartContextLoader', parent = [null]]]
00:38:36.234 [Test worker] DEBUG org.springframework.test.context.cache - Spring test ApplicationContext cache statistics: [DefaultContextCache@6981f8f3 size = 1, maxSize = 32, parentContextCount = 0, hitCount = 60, missCount = 1]
00:38:36.235 [Test worker] DEBUG org.springframework.test.context.support.DependencyInjectionTestExecutionListener - Performing dependency injection for test context [[DefaultTestContext@2b491fee testClass = InsurancePolicyImplTest, testInstance = com.waris.insurance.service.impl.InsurancePolicyImplTest@94e51e8, testMethod = [null], testException = [null], mergedContextConfiguration = [MergedContextConfiguration@3f1c5af9 testClass = InsurancePolicyImplTest, locations = '{}', classes = '{class com.waris.insurance.service.impl.InsurancePolicyImpl}', contextInitializerClasses = '[]', activeProfiles = '{}', propertySourceLocations = '{}', propertySourceProperties = '{}', contextCustomizers = set[org.springframework.boot.test.autoconfigure.actuate.metrics.MetricsExportContextCustomizerFactory$DisableMetricExportContextCustomizer@2cae1042, org.springframework.boot.test.autoconfigure.properties.PropertyMappingContextCustomizer@0, org.springframework.boot.test.autoconfigure.web.servlet.WebDriverContextCustomizerFactory$Customizer@14b030a0, org.springframework.boot.test.context.filter.ExcludeFilterContextCustomizer@56bca85b, org.springframework.boot.test.json.DuplicateJsonObjectContextCustomizerFactory$DuplicateJsonObjectContextCustomizer@22b53226, org.springframework.boot.test.mock.mockito.MockitoContextCustomizer@f02ece12], contextLoader = 'org.springframework.test.context.support.DelegatingSmartContextLoader', parent = [null]], attributes = map['org.springframework.test.context.event.ApplicationEventsTestExecutionListener.recordApplicationEvents' -> false]]].
00:38:36.235 [Test worker] DEBUG org.springframework.test.context.cache.DefaultCacheAwareContextLoaderDelegate - Retrieved ApplicationContext [246826139] from cache with key [[MergedContextConfiguration@3f1c5af9 testClass = InsurancePolicyImplTest, locations = '{}', classes = '{class com.waris.insurance.service.impl.InsurancePolicyImpl}', contextInitializerClasses = '[]', activeProfiles = '{}', propertySourceLocations = '{}', propertySourceProperties = '{}', contextCustomizers = set[org.springframework.boot.test.autoconfigure.actuate.metrics.MetricsExportContextCustomizerFactory$DisableMetricExportContextCustomizer@2cae1042, org.springframework.boot.test.autoconfigure.properties.PropertyMappingContextCustomizer@0, org.springframework.boot.test.autoconfigure.web.servlet.WebDriverContextCustomizerFactory$Customizer@14b030a0, org.springframework.boot.test.context.filter.ExcludeFilterContextCustomizer@56bca85b, org.springframework.boot.test.json.DuplicateJsonObjectContextCustomizerFactory$DuplicateJsonObjectContextCustomizer@22b53226, org.springframework.boot.test.mock.mockito.MockitoContextCustomizer@f02ece12], contextLoader = 'org.springframework.test.context.support.DelegatingSmartContextLoader', parent = [null]]]
00:38:36.235 [Test worker] DEBUG org.springframework.test.context.cache - Spring test ApplicationContext cache statistics: [DefaultContextCache@6981f8f3 size = 1, maxSize = 32, parentContextCount = 0, hitCount = 61, missCount = 1]
00:38:36.235 [Test worker] DEBUG org.springframework.test.context.cache.DefaultCacheAwareContextLoaderDelegate - Retrieved ApplicationContext [246826139] from cache with key [[MergedContextConfiguration@3f1c5af9 testClass = InsurancePolicyImplTest, locations = '{}', classes = '{class com.waris.insurance.service.impl.InsurancePolicyImpl}', contextInitializerClasses = '[]', activeProfiles = '{}', propertySourceLocations = '{}', propertySourceProperties = '{}', contextCustomizers = set[org.springframework.boot.test.autoconfigure.actuate.metrics.MetricsExportContextCustomizerFactory$DisableMetricExportContextCustomizer@2cae1042, org.springframework.boot.test.autoconfigure.properties.PropertyMappingContextCustomizer@0, org.springframework.boot.test.autoconfigure.web.servlet.WebDriverContextCustomizerFactory$Customizer@14b030a0, org.springframework.boot.test.context.filter.ExcludeFilterContextCustomizer@56bca85b, org.springframework.boot.test.json.DuplicateJsonObjectContextCustomizerFactory$DuplicateJsonObjectContextCustomizer@22b53226, org.springframework.boot.test.mock.mockito.MockitoContextCustomizer@f02ece12], contextLoader = 'org.springframework.test.context.support.DelegatingSmartContextLoader', parent = [null]]]
00:38:36.235 [Test worker] DEBUG org.springframework.test.context.cache - Spring test ApplicationContext cache statistics: [DefaultContextCache@6981f8f3 size = 1, maxSize = 32, parentContextCount = 0, hitCount = 62, missCount = 1]
00:38:36.237 [Test worker] DEBUG org.springframework.test.context.support.AbstractDirtiesContextTestExecutionListener - Before test method: context [DefaultTestContext@2b491fee testClass = InsurancePolicyImplTest, testInstance = com.waris.insurance.service.impl.InsurancePolicyImplTest@94e51e8, testMethod = testSaveInsurancePolicy4@InsurancePolicyImplTest, testException = [null], mergedContextConfiguration = [MergedContextConfiguration@3f1c5af9 testClass = InsurancePolicyImplTest, locations = '{}', classes = '{class com.waris.insurance.service.impl.InsurancePolicyImpl}', contextInitializerClasses = '[]', activeProfiles = '{}', propertySourceLocations = '{}', propertySourceProperties = '{}', contextCustomizers = set[org.springframework.boot.test.autoconfigure.actuate.metrics.MetricsExportContextCustomizerFactory$DisableMetricExportContextCustomizer@2cae1042, org.springframework.boot.test.autoconfigure.properties.PropertyMappingContextCustomizer@0, org.springframework.boot.test.autoconfigure.web.servlet.WebDriverContextCustomizerFactory$Customizer@14b030a0, org.springframework.boot.test.context.filter.ExcludeFilterContextCustomizer@56bca85b, org.springframework.boot.test.json.DuplicateJsonObjectContextCustomizerFactory$DuplicateJsonObjectContextCustomizer@22b53226, org.springframework.boot.test.mock.mockito.MockitoContextCustomizer@f02ece12], contextLoader = 'org.springframework.test.context.support.DelegatingSmartContextLoader', parent = [null]], attributes = map['org.springframework.test.context.event.ApplicationEventsTestExecutionListener.recordApplicationEvents' -> false]], class annotated with @DirtiesContext [false] with mode [null], method annotated with @DirtiesContext [false] with mode [null].
00:38:36.237 [Test worker] DEBUG org.springframework.test.context.cache.DefaultCacheAwareContextLoaderDelegate - Retrieved ApplicationContext [246826139] from cache with key [[MergedContextConfiguration@3f1c5af9 testClass = InsurancePolicyImplTest, locations = '{}', classes = '{class com.waris.insurance.service.impl.InsurancePolicyImpl}', contextInitializerClasses = '[]', activeProfiles = '{}', propertySourceLocations = '{}', propertySourceProperties = '{}', contextCustomizers = set[org.springframework.boot.test.autoconfigure.actuate.metrics.MetricsExportContextCustomizerFactory$DisableMetricExportContextCustomizer@2cae1042, org.springframework.boot.test.autoconfigure.properties.PropertyMappingContextCustomizer@0, org.springframework.boot.test.autoconfigure.web.servlet.WebDriverContextCustomizerFactory$Customizer@14b030a0, org.springframework.boot.test.context.filter.ExcludeFilterContextCustomizer@56bca85b, org.springframework.boot.test.json.DuplicateJsonObjectContextCustomizerFactory$DuplicateJsonObjectContextCustomizer@22b53226, org.springframework.boot.test.mock.mockito.MockitoContextCustomizer@f02ece12], contextLoader = 'org.springframework.test.context.support.DelegatingSmartContextLoader', parent = [null]]]
00:38:36.237 [Test worker] DEBUG org.springframework.test.context.cache - Spring test ApplicationContext cache statistics: [DefaultContextCache@6981f8f3 size = 1, maxSize = 32, parentContextCount = 0, hitCount = 63, missCount = 1]
00:38:36.237 [Test worker] DEBUG org.springframework.test.context.cache.DefaultCacheAwareContextLoaderDelegate - Retrieved ApplicationContext [246826139] from cache with key [[MergedContextConfiguration@3f1c5af9 testClass = InsurancePolicyImplTest, locations = '{}', classes = '{class com.waris.insurance.service.impl.InsurancePolicyImpl}', contextInitializerClasses = '[]', activeProfiles = '{}', propertySourceLocations = '{}', propertySourceProperties = '{}', contextCustomizers = set[org.springframework.boot.test.autoconfigure.actuate.metrics.MetricsExportContextCustomizerFactory$DisableMetricExportContextCustomizer@2cae1042, org.springframework.boot.test.autoconfigure.properties.PropertyMappingContextCustomizer@0, org.springframework.boot.test.autoconfigure.web.servlet.WebDriverContextCustomizerFactory$Customizer@14b030a0, org.springframework.boot.test.context.filter.ExcludeFilterContextCustomizer@56bca85b, org.springframework.boot.test.json.DuplicateJsonObjectContextCustomizerFactory$DuplicateJsonObjectContextCustomizer@22b53226, org.springframework.boot.test.mock.mockito.MockitoContextCustomizer@f02ece12], contextLoader = 'org.springframework.test.context.support.DelegatingSmartContextLoader', parent = [null]]]
00:38:36.238 [Test worker] DEBUG org.springframework.test.context.cache - Spring test ApplicationContext cache statistics: [DefaultContextCache@6981f8f3 size = 1, maxSize = 32, parentContextCount = 0, hitCount = 64, missCount = 1]
00:38:36.238 [Test worker] DEBUG org.springframework.test.context.cache.DefaultCacheAwareContextLoaderDelegate - Retrieved ApplicationContext [246826139] from cache with key [[MergedContextConfiguration@3f1c5af9 testClass = InsurancePolicyImplTest, locations = '{}', classes = '{class com.waris.insurance.service.impl.InsurancePolicyImpl}', contextInitializerClasses = '[]', activeProfiles = '{}', propertySourceLocations = '{}', propertySourceProperties = '{}', contextCustomizers = set[org.springframework.boot.test.autoconfigure.actuate.metrics.MetricsExportContextCustomizerFactory$DisableMetricExportContextCustomizer@2cae1042, org.springframework.boot.test.autoconfigure.properties.PropertyMappingContextCustomizer@0, org.springframework.boot.test.autoconfigure.web.servlet.WebDriverContextCustomizerFactory$Customizer@14b030a0, org.springframework.boot.test.context.filter.ExcludeFilterContextCustomizer@56bca85b, org.springframework.boot.test.json.DuplicateJsonObjectContextCustomizerFactory$DuplicateJsonObjectContextCustomizer@22b53226, org.springframework.boot.test.mock.mockito.MockitoContextCustomizer@f02ece12], contextLoader = 'org.springframework.test.context.support.DelegatingSmartContextLoader', parent = [null]]]
00:38:36.238 [Test worker] DEBUG org.springframework.test.context.cache - Spring test ApplicationContext cache statistics: [DefaultContextCache@6981f8f3 size = 1, maxSize = 32, parentContextCount = 0, hitCount = 65, missCount = 1]
00:38:36.239 [Test worker] INFO com.waris.insurance.service.impl.InsurancePolicyImpl - Adding Insurance Policy
00:38:36.240 [Test worker] DEBUG org.springframework.test.context.cache.DefaultCacheAwareContextLoaderDelegate - Retrieved ApplicationContext [246826139] from cache with key [[MergedContextConfiguration@3f1c5af9 testClass = InsurancePolicyImplTest, locations = '{}', classes = '{class com.waris.insurance.service.impl.InsurancePolicyImpl}', contextInitializerClasses = '[]', activeProfiles = '{}', propertySourceLocations = '{}', propertySourceProperties = '{}', contextCustomizers = set[org.springframework.boot.test.autoconfigure.actuate.metrics.MetricsExportContextCustomizerFactory$DisableMetricExportContextCustomizer@2cae1042, org.springframework.boot.test.autoconfigure.properties.PropertyMappingContextCustomizer@0, org.springframework.boot.test.autoconfigure.web.servlet.WebDriverContextCustomizerFactory$Customizer@14b030a0, org.springframework.boot.test.context.filter.ExcludeFilterContextCustomizer@56bca85b, org.springframework.boot.test.json.DuplicateJsonObjectContextCustomizerFactory$DuplicateJsonObjectContextCustomizer@22b53226, org.springframework.boot.test.mock.mockito.MockitoContextCustomizer@f02ece12], contextLoader = 'org.springframework.test.context.support.DelegatingSmartContextLoader', parent = [null]]]
00:38:36.240 [Test worker] DEBUG org.springframework.test.context.cache - Spring test ApplicationContext cache statistics: [DefaultContextCache@6981f8f3 size = 1, maxSize = 32, parentContextCount = 0, hitCount = 66, missCount = 1]
00:38:36.240 [Test worker] DEBUG org.springframework.test.context.cache.DefaultCacheAwareContextLoaderDelegate - Retrieved ApplicationContext [246826139] from cache with key [[MergedContextConfiguration@3f1c5af9 testClass = InsurancePolicyImplTest, locations = '{}', classes = '{class com.waris.insurance.service.impl.InsurancePolicyImpl}', contextInitializerClasses = '[]', activeProfiles = '{}', propertySourceLocations = '{}', propertySourceProperties = '{}', contextCustomizers = set[org.springframework.boot.test.autoconfigure.actuate.metrics.MetricsExportContextCustomizerFactory$DisableMetricExportContextCustomizer@2cae1042, org.springframework.boot.test.autoconfigure.properties.PropertyMappingContextCustomizer@0, org.springframework.boot.test.autoconfigure.web.servlet.WebDriverContextCustomizerFactory$Customizer@14b030a0, org.springframework.boot.test.context.filter.ExcludeFilterContextCustomizer@56bca85b, org.springframework.boot.test.json.DuplicateJsonObjectContextCustomizerFactory$DuplicateJsonObjectContextCustomizer@22b53226, org.springframework.boot.test.mock.mockito.MockitoContextCustomizer@f02ece12], contextLoader = 'org.springframework.test.context.support.DelegatingSmartContextLoader', parent = [null]]]
00:38:36.240 [Test worker] DEBUG org.springframework.test.context.cache - Spring test ApplicationContext cache statistics: [DefaultContextCache@6981f8f3 size = 1, maxSize = 32, parentContextCount = 0, hitCount = 67, missCount = 1]
00:38:36.241 [Test worker] DEBUG org.springframework.test.context.cache.DefaultCacheAwareContextLoaderDelegate - Retrieved ApplicationContext [246826139] from cache with key [[MergedContextConfiguration@3f1c5af9 testClass = InsurancePolicyImplTest, locations = '{}', classes = '{class com.waris.insurance.service.impl.InsurancePolicyImpl}', contextInitializerClasses = '[]', activeProfiles = '{}', propertySourceLocations = '{}', propertySourceProperties = '{}', contextCustomizers = set[org.springframework.boot.test.autoconfigure.actuate.metrics.MetricsExportContextCustomizerFactory$DisableMetricExportContextCustomizer@2cae1042, org.springframework.boot.test.autoconfigure.properties.PropertyMappingContextCustomizer@0, org.springframework.boot.test.autoconfigure.web.servlet.WebDriverContextCustomizerFactory$Customizer@14b030a0, org.springframework.boot.test.context.filter.ExcludeFilterContextCustomizer@56bca85b, org.springframework.boot.test.json.DuplicateJsonObjectContextCustomizerFactory$DuplicateJsonObjectContextCustomizer@22b53226, org.springframework.boot.test.mock.mockito.MockitoContextCustomizer@f02ece12], contextLoader = 'org.springframework.test.context.support.DelegatingSmartContextLoader', parent = [null]]]
00:38:36.241 [Test worker] DEBUG org.springframework.test.context.cache - Spring test ApplicationContext cache statistics: [DefaultContextCache@6981f8f3 size = 1, maxSize = 32, parentContextCount = 0, hitCount = 68, missCount = 1]
00:38:36.241 [Test worker] DEBUG org.springframework.test.context.cache.DefaultCacheAwareContextLoaderDelegate - Retrieved ApplicationContext [246826139] from cache with key [[MergedContextConfiguration@3f1c5af9 testClass = InsurancePolicyImplTest, locations = '{}', classes = '{class com.waris.insurance.service.impl.InsurancePolicyImpl}', contextInitializerClasses = '[]', activeProfiles = '{}', propertySourceLocations = '{}', propertySourceProperties = '{}', contextCustomizers = set[org.springframework.boot.test.autoconfigure.actuate.metrics.MetricsExportContextCustomizerFactory$DisableMetricExportContextCustomizer@2cae1042, org.springframework.boot.test.autoconfigure.properties.PropertyMappingContextCustomizer@0, org.springframework.boot.test.autoconfigure.web.servlet.WebDriverContextCustomizerFactory$Customizer@14b030a0, org.springframework.boot.test.context.filter.ExcludeFilterContextCustomizer@56bca85b, org.springframework.boot.test.json.DuplicateJsonObjectContextCustomizerFactory$DuplicateJsonObjectContextCustomizer@22b53226, org.springframework.boot.test.mock.mockito.MockitoContextCustomizer@f02ece12], contextLoader = 'org.springframework.test.context.support.DelegatingSmartContextLoader', parent = [null]]]
00:38:36.241 [Test worker] DEBUG org.springframework.test.context.cache - Spring test ApplicationContext cache statistics: [DefaultContextCache@6981f8f3 size = 1, maxSize = 32, parentContextCount = 0, hitCount = 69, missCount = 1]
00:38:36.241 [Test worker] DEBUG org.springframework.test.context.cache.DefaultCacheAwareContextLoaderDelegate - Retrieved ApplicationContext [246826139] from cache with key [[MergedContextConfiguration@3f1c5af9 testClass = InsurancePolicyImplTest, locations = '{}', classes = '{class com.waris.insurance.service.impl.InsurancePolicyImpl}', contextInitializerClasses = '[]', activeProfiles = '{}', propertySourceLocations = '{}', propertySourceProperties = '{}', contextCustomizers = set[org.springframework.boot.test.autoconfigure.actuate.metrics.MetricsExportContextCustomizerFactory$DisableMetricExportContextCustomizer@2cae1042, org.springframework.boot.test.autoconfigure.properties.PropertyMappingContextCustomizer@0, org.springframework.boot.test.autoconfigure.web.servlet.WebDriverContextCustomizerFactory$Customizer@14b030a0, org.springframework.boot.test.context.filter.ExcludeFilterContextCustomizer@56bca85b, org.springframework.boot.test.json.DuplicateJsonObjectContextCustomizerFactory$DuplicateJsonObjectContextCustomizer@22b53226, org.springframework.boot.test.mock.mockito.MockitoContextCustomizer@f02ece12], contextLoader = 'org.springframework.test.context.support.DelegatingSmartContextLoader', parent = [null]]]
00:38:36.241 [Test worker] DEBUG org.springframework.test.context.cache - Spring test ApplicationContext cache statistics: [DefaultContextCache@6981f8f3 size = 1, maxSize = 32, parentContextCount = 0, hitCount = 70, missCount = 1]
00:38:36.242 [Test worker] DEBUG org.springframework.test.context.cache.DefaultCacheAwareContextLoaderDelegate - Retrieved ApplicationContext [246826139] from cache with key [[MergedContextConfiguration@3f1c5af9 testClass = InsurancePolicyImplTest, locations = '{}', classes = '{class com.waris.insurance.service.impl.InsurancePolicyImpl}', contextInitializerClasses = '[]', activeProfiles = '{}', propertySourceLocations = '{}', propertySourceProperties = '{}', contextCustomizers = set[org.springframework.boot.test.autoconfigure.actuate.metrics.MetricsExportContextCustomizerFactory$DisableMetricExportContextCustomizer@2cae1042, org.springframework.boot.test.autoconfigure.properties.PropertyMappingContextCustomizer@0, org.springframework.boot.test.autoconfigure.web.servlet.WebDriverContextCustomizerFactory$Customizer@14b030a0, org.springframework.boot.test.context.filter.ExcludeFilterContextCustomizer@56bca85b, org.springframework.boot.test.json.DuplicateJsonObjectContextCustomizerFactory$DuplicateJsonObjectContextCustomizer@22b53226, org.springframework.boot.test.mock.mockito.MockitoContextCustomizer@f02ece12], contextLoader = 'org.springframework.test.context.support.DelegatingSmartContextLoader', parent = [null]]]
00:38:36.242 [Test worker] DEBUG org.springframework.test.context.cache - Spring test ApplicationContext cache statistics: [DefaultContextCache@6981f8f3 size = 1, maxSize = 32, parentContextCount = 0, hitCount = 71, missCount = 1]
00:38:36.242 [Test worker] DEBUG org.springframework.test.context.support.AbstractDirtiesContextTestExecutionListener - After test method: context [DefaultTestContext@2b491fee testClass = InsurancePolicyImplTest, testInstance = com.waris.insurance.service.impl.InsurancePolicyImplTest@94e51e8, testMethod = testSaveInsurancePolicy4@InsurancePolicyImplTest, testException = [null], mergedContextConfiguration = [MergedContextConfiguration@3f1c5af9 testClass = InsurancePolicyImplTest, locations = '{}', classes = '{class com.waris.insurance.service.impl.InsurancePolicyImpl}', contextInitializerClasses = '[]', activeProfiles = '{}', propertySourceLocations = '{}', propertySourceProperties = '{}', contextCustomizers = set[org.springframework.boot.test.autoconfigure.actuate.metrics.MetricsExportContextCustomizerFactory$DisableMetricExportContextCustomizer@2cae1042, org.springframework.boot.test.autoconfigure.properties.PropertyMappingContextCustomizer@0, org.springframework.boot.test.autoconfigure.web.servlet.WebDriverContextCustomizerFactory$Customizer@14b030a0, org.springframework.boot.test.context.filter.ExcludeFilterContextCustomizer@56bca85b, org.springframework.boot.test.json.DuplicateJsonObjectContextCustomizerFactory$DuplicateJsonObjectContextCustomizer@22b53226, org.springframework.boot.test.mock.mockito.MockitoContextCustomizer@f02ece12], contextLoader = 'org.springframework.test.context.support.DelegatingSmartContextLoader', parent = [null]], attributes = map['org.springframework.test.context.event.ApplicationEventsTestExecutionListener.recordApplicationEvents' -> false]], class annotated with @DirtiesContext [false] with mode [null], method annotated with @DirtiesContext [false] with mode [null].
00:38:36.243 [Test worker] DEBUG org.springframework.test.context.cache.DefaultCacheAwareContextLoaderDelegate - Retrieved ApplicationContext [246826139] from cache with key [[MergedContextConfiguration@3f1c5af9 testClass = InsurancePolicyImplTest, locations = '{}', classes = '{class com.waris.insurance.service.impl.InsurancePolicyImpl}', contextInitializerClasses = '[]', activeProfiles = '{}', propertySourceLocations = '{}', propertySourceProperties = '{}', contextCustomizers = set[org.springframework.boot.test.autoconfigure.actuate.metrics.MetricsExportContextCustomizerFactory$DisableMetricExportContextCustomizer@2cae1042, org.springframework.boot.test.autoconfigure.properties.PropertyMappingContextCustomizer@0, org.springframework.boot.test.autoconfigure.web.servlet.WebDriverContextCustomizerFactory$Customizer@14b030a0, org.springframework.boot.test.context.filter.ExcludeFilterContextCustomizer@56bca85b, org.springframework.boot.test.json.DuplicateJsonObjectContextCustomizerFactory$DuplicateJsonObjectContextCustomizer@22b53226, org.springframework.boot.test.mock.mockito.MockitoContextCustomizer@f02ece12], contextLoader = 'org.springframework.test.context.support.DelegatingSmartContextLoader', parent = [null]]]
00:38:36.243 [Test worker] DEBUG org.springframework.test.context.cache - Spring test ApplicationContext cache statistics: [DefaultContextCache@6981f8f3 size = 1, maxSize = 32, parentContextCount = 0, hitCount = 72, missCount = 1]
00:38:36.243 [Test worker] DEBUG org.springframework.test.context.support.DependencyInjectionTestExecutionListener - Performing dependency injection for test context [[DefaultTestContext@2b491fee testClass = InsurancePolicyImplTest, testInstance = com.waris.insurance.service.impl.InsurancePolicyImplTest@4cc36c19, testMethod = [null], testException = [null], mergedContextConfiguration = [MergedContextConfiguration@3f1c5af9 testClass = InsurancePolicyImplTest, locations = '{}', classes = '{class com.waris.insurance.service.impl.InsurancePolicyImpl}', contextInitializerClasses = '[]', activeProfiles = '{}', propertySourceLocations = '{}', propertySourceProperties = '{}', contextCustomizers = set[org.springframework.boot.test.autoconfigure.actuate.metrics.MetricsExportContextCustomizerFactory$DisableMetricExportContextCustomizer@2cae1042, org.springframework.boot.test.autoconfigure.properties.PropertyMappingContextCustomizer@0, org.springframework.boot.test.autoconfigure.web.servlet.WebDriverContextCustomizerFactory$Customizer@14b030a0, org.springframework.boot.test.context.filter.ExcludeFilterContextCustomizer@56bca85b, org.springframework.boot.test.json.DuplicateJsonObjectContextCustomizerFactory$DuplicateJsonObjectContextCustomizer@22b53226, org.springframework.boot.test.mock.mockito.MockitoContextCustomizer@f02ece12], contextLoader = 'org.springframework.test.context.support.DelegatingSmartContextLoader', parent = [null]], attributes = map['org.springframework.test.context.event.ApplicationEventsTestExecutionListener.recordApplicationEvents' -> false]]].
00:38:36.244 [Test worker] DEBUG org.springframework.test.context.cache.DefaultCacheAwareContextLoaderDelegate - Retrieved ApplicationContext [246826139] from cache with key [[MergedContextConfiguration@3f1c5af9 testClass = InsurancePolicyImplTest, locations = '{}', classes = '{class com.waris.insurance.service.impl.InsurancePolicyImpl}', contextInitializerClasses = '[]', activeProfiles = '{}', propertySourceLocations = '{}', propertySourceProperties = '{}', contextCustomizers = set[org.springframework.boot.test.autoconfigure.actuate.metrics.MetricsExportContextCustomizerFactory$DisableMetricExportContextCustomizer@2cae1042, org.springframework.boot.test.autoconfigure.properties.PropertyMappingContextCustomizer@0, org.springframework.boot.test.autoconfigure.web.servlet.WebDriverContextCustomizerFactory$Customizer@14b030a0, org.springframework.boot.test.context.filter.ExcludeFilterContextCustomizer@56bca85b, org.springframework.boot.test.json.DuplicateJsonObjectContextCustomizerFactory$DuplicateJsonObjectContextCustomizer@22b53226, org.springframework.boot.test.mock.mockito.MockitoContextCustomizer@f02ece12], contextLoader = 'org.springframework.test.context.support.DelegatingSmartContextLoader', parent = [null]]]
00:38:36.244 [Test worker] DEBUG org.springframework.test.context.cache - Spring test ApplicationContext cache statistics: [DefaultContextCache@6981f8f3 size = 1, maxSize = 32, parentContextCount = 0, hitCount = 73, missCount = 1]
00:38:36.244 [Test worker] DEBUG org.springframework.test.context.cache.DefaultCacheAwareContextLoaderDelegate - Retrieved ApplicationContext [246826139] from cache with key [[MergedContextConfiguration@3f1c5af9 testClass = InsurancePolicyImplTest, locations = '{}', classes = '{class com.waris.insurance.service.impl.InsurancePolicyImpl}', contextInitializerClasses = '[]', activeProfiles = '{}', propertySourceLocations = '{}', propertySourceProperties = '{}', contextCustomizers = set[org.springframework.boot.test.autoconfigure.actuate.metrics.MetricsExportContextCustomizerFactory$DisableMetricExportContextCustomizer@2cae1042, org.springframework.boot.test.autoconfigure.properties.PropertyMappingContextCustomizer@0, org.springframework.boot.test.autoconfigure.web.servlet.WebDriverContextCustomizerFactory$Customizer@14b030a0, org.springframework.boot.test.context.filter.ExcludeFilterContextCustomizer@56bca85b, org.springframework.boot.test.json.DuplicateJsonObjectContextCustomizerFactory$DuplicateJsonObjectContextCustomizer@22b53226, org.springframework.boot.test.mock.mockito.MockitoContextCustomizer@f02ece12], contextLoader = 'org.springframework.test.context.support.DelegatingSmartContextLoader', parent = [null]]]
00:38:36.244 [Test worker] DEBUG org.springframework.test.context.cache - Spring test ApplicationContext cache statistics: [DefaultContextCache@6981f8f3 size = 1, maxSize = 32, parentContextCount = 0, hitCount = 74, missCount = 1]
00:38:36.245 [Test worker] DEBUG org.springframework.test.context.support.AbstractDirtiesContextTestExecutionListener - Before test method: context [DefaultTestContext@2b491fee testClass = InsurancePolicyImplTest, testInstance = com.waris.insurance.service.impl.InsurancePolicyImplTest@4cc36c19, testMethod = testGetInsurancePolicyById2@InsurancePolicyImplTest, testException = [null], mergedContextConfiguration = [MergedContextConfiguration@3f1c5af9 testClass = InsurancePolicyImplTest, locations = '{}', classes = '{class com.waris.insurance.service.impl.InsurancePolicyImpl}', contextInitializerClasses = '[]', activeProfiles = '{}', propertySourceLocations = '{}', propertySourceProperties = '{}', contextCustomizers = set[org.springframework.boot.test.autoconfigure.actuate.metrics.MetricsExportContextCustomizerFactory$DisableMetricExportContextCustomizer@2cae1042, org.springframework.boot.test.autoconfigure.properties.PropertyMappingContextCustomizer@0, org.springframework.boot.test.autoconfigure.web.servlet.WebDriverContextCustomizerFactory$Customizer@14b030a0, org.springframework.boot.test.context.filter.ExcludeFilterContextCustomizer@56bca85b, org.springframework.boot.test.json.DuplicateJsonObjectContextCustomizerFactory$DuplicateJsonObjectContextCustomizer@22b53226, org.springframework.boot.test.mock.mockito.MockitoContextCustomizer@f02ece12], contextLoader = 'org.springframework.test.context.support.DelegatingSmartContextLoader', parent = [null]], attributes = map['org.springframework.test.context.event.ApplicationEventsTestExecutionListener.recordApplicationEvents' -> false]], class annotated with @DirtiesContext [false] with mode [null], method annotated with @DirtiesContext [false] with mode [null].
00:38:36.245 [Test worker] DEBUG org.springframework.test.context.cache.DefaultCacheAwareContextLoaderDelegate - Retrieved ApplicationContext [246826139] from cache with key [[MergedContextConfiguration@3f1c5af9 testClass = InsurancePolicyImplTest, locations = '{}', classes = '{class com.waris.insurance.service.impl.InsurancePolicyImpl}', contextInitializerClasses = '[]', activeProfiles = '{}', propertySourceLocations = '{}', propertySourceProperties = '{}', contextCustomizers = set[org.springframework.boot.test.autoconfigure.actuate.metrics.MetricsExportContextCustomizerFactory$DisableMetricExportContextCustomizer@2cae1042, org.springframework.boot.test.autoconfigure.properties.PropertyMappingContextCustomizer@0, org.springframework.boot.test.autoconfigure.web.servlet.WebDriverContextCustomizerFactory$Customizer@14b030a0, org.springframework.boot.test.context.filter.ExcludeFilterContextCustomizer@56bca85b, org.springframework.boot.test.json.DuplicateJsonObjectContextCustomizerFactory$DuplicateJsonObjectContextCustomizer@22b53226, org.springframework.boot.test.mock.mockito.MockitoContextCustomizer@f02ece12], contextLoader = 'org.springframework.test.context.support.DelegatingSmartContextLoader', parent = [null]]]
00:38:36.245 [Test worker] DEBUG org.springframework.test.context.cache - Spring test ApplicationContext cache statistics: [DefaultContextCache@6981f8f3 size = 1, maxSize = 32, parentContextCount = 0, hitCount = 75, missCount = 1]
00:38:36.246 [Test worker] DEBUG org.springframework.test.context.cache.DefaultCacheAwareContextLoaderDelegate - Retrieved ApplicationContext [246826139] from cache with key [[MergedContextConfiguration@3f1c5af9 testClass = InsurancePolicyImplTest, locations = '{}', classes = '{class com.waris.insurance.service.impl.InsurancePolicyImpl}', contextInitializerClasses = '[]', activeProfiles = '{}', propertySourceLocations = '{}', propertySourceProperties = '{}', contextCustomizers = set[org.springframework.boot.test.autoconfigure.actuate.metrics.MetricsExportContextCustomizerFactory$DisableMetricExportContextCustomizer@2cae1042, org.springframework.boot.test.autoconfigure.properties.PropertyMappingContextCustomizer@0, org.springframework.boot.test.autoconfigure.web.servlet.WebDriverContextCustomizerFactory$Customizer@14b030a0, org.springframework.boot.test.context.filter.ExcludeFilterContextCustomizer@56bca85b, org.springframework.boot.test.json.DuplicateJsonObjectContextCustomizerFactory$DuplicateJsonObjectContextCustomizer@22b53226, org.springframework.boot.test.mock.mockito.MockitoContextCustomizer@f02ece12], contextLoader = 'org.springframework.test.context.support.DelegatingSmartContextLoader', parent = [null]]]
00:38:36.246 [Test worker] DEBUG org.springframework.test.context.cache - Spring test ApplicationContext cache statistics: [DefaultContextCache@6981f8f3 size = 1, maxSize = 32, parentContextCount = 0, hitCount = 76, missCount = 1]
00:38:36.246 [Test worker] DEBUG org.springframework.test.context.cache.DefaultCacheAwareContextLoaderDelegate - Retrieved ApplicationContext [246826139] from cache with key [[MergedContextConfiguration@3f1c5af9 testClass = InsurancePolicyImplTest, locations = '{}', classes = '{class com.waris.insurance.service.impl.InsurancePolicyImpl}', contextInitializerClasses = '[]', activeProfiles = '{}', propertySourceLocations = '{}', propertySourceProperties = '{}', contextCustomizers = set[org.springframework.boot.test.autoconfigure.actuate.metrics.MetricsExportContextCustomizerFactory$DisableMetricExportContextCustomizer@2cae1042, org.springframework.boot.test.autoconfigure.properties.PropertyMappingContextCustomizer@0, org.springframework.boot.test.autoconfigure.web.servlet.WebDriverContextCustomizerFactory$Customizer@14b030a0, org.springframework.boot.test.context.filter.ExcludeFilterContextCustomizer@56bca85b, org.springframework.boot.test.json.DuplicateJsonObjectContextCustomizerFactory$DuplicateJsonObjectContextCustomizer@22b53226, org.springframework.boot.test.mock.mockito.MockitoContextCustomizer@f02ece12], contextLoader = 'org.springframework.test.context.support.DelegatingSmartContextLoader', parent = [null]]]
00:38:36.246 [Test worker] DEBUG org.springframework.test.context.cache - Spring test ApplicationContext cache statistics: [DefaultContextCache@6981f8f3 size = 1, maxSize = 32, parentContextCount = 0, hitCount = 77, missCount = 1]
00:38:36.248 [Test worker] DEBUG org.springframework.test.context.cache.DefaultCacheAwareContextLoaderDelegate - Retrieved ApplicationContext [246826139] from cache with key [[MergedContextConfiguration@3f1c5af9 testClass = InsurancePolicyImplTest, locations = '{}', classes = '{class com.waris.insurance.service.impl.InsurancePolicyImpl}', contextInitializerClasses = '[]', activeProfiles = '{}', propertySourceLocations = '{}', propertySourceProperties = '{}', contextCustomizers = set[org.springframework.boot.test.autoconfigure.actuate.metrics.MetricsExportContextCustomizerFactory$DisableMetricExportContextCustomizer@2cae1042, org.springframework.boot.test.autoconfigure.properties.PropertyMappingContextCustomizer@0, org.springframework.boot.test.autoconfigure.web.servlet.WebDriverContextCustomizerFactory$Customizer@14b030a0, org.springframework.boot.test.context.filter.ExcludeFilterContextCustomizer@56bca85b, org.springframework.boot.test.json.DuplicateJsonObjectContextCustomizerFactory$DuplicateJsonObjectContextCustomizer@22b53226, org.springframework.boot.test.mock.mockito.MockitoContextCustomizer@f02ece12], contextLoader = 'org.springframework.test.context.support.DelegatingSmartContextLoader', parent = [null]]]
00:38:36.248 [Test worker] DEBUG org.springframework.test.context.cache - Spring test ApplicationContext cache statistics: [DefaultContextCache@6981f8f3 size = 1, maxSize = 32, parentContextCount = 0, hitCount = 78, missCount = 1]
00:38:36.248 [Test worker] DEBUG org.springframework.test.context.cache.DefaultCacheAwareContextLoaderDelegate - Retrieved ApplicationContext [246826139] from cache with key [[MergedContextConfiguration@3f1c5af9 testClass = InsurancePolicyImplTest, locations = '{}', classes = '{class com.waris.insurance.service.impl.InsurancePolicyImpl}', contextInitializerClasses = '[]', activeProfiles = '{}', propertySourceLocations = '{}', propertySourceProperties = '{}', contextCustomizers = set[org.springframework.boot.test.autoconfigure.actuate.metrics.MetricsExportContextCustomizerFactory$DisableMetricExportContextCustomizer@2cae1042, org.springframework.boot.test.autoconfigure.properties.PropertyMappingContextCustomizer@0, org.springframework.boot.test.autoconfigure.web.servlet.WebDriverContextCustomizerFactory$Customizer@14b030a0, org.springframework.boot.test.context.filter.ExcludeFilterContextCustomizer@56bca85b, org.springframework.boot.test.json.DuplicateJsonObjectContextCustomizerFactory$DuplicateJsonObjectContextCustomizer@22b53226, org.springframework.boot.test.mock.mockito.MockitoContextCustomizer@f02ece12], contextLoader = 'org.springframework.test.context.support.DelegatingSmartContextLoader', parent = [null]]]
00:38:36.248 [Test worker] DEBUG org.springframework.test.context.cache - Spring test ApplicationContext cache statistics: [DefaultContextCache@6981f8f3 size = 1, maxSize = 32, parentContextCount = 0, hitCount = 79, missCount = 1]
00:38:36.248 [Test worker] DEBUG org.springframework.test.context.cache.DefaultCacheAwareContextLoaderDelegate - Retrieved ApplicationContext [246826139] from cache with key [[MergedContextConfiguration@3f1c5af9 testClass = InsurancePolicyImplTest, locations = '{}', classes = '{class com.waris.insurance.service.impl.InsurancePolicyImpl}', contextInitializerClasses = '[]', activeProfiles = '{}', propertySourceLocations = '{}', propertySourceProperties = '{}', contextCustomizers = set[org.springframework.boot.test.autoconfigure.actuate.metrics.MetricsExportContextCustomizerFactory$DisableMetricExportContextCustomizer@2cae1042, org.springframework.boot.test.autoconfigure.properties.PropertyMappingContextCustomizer@0, org.springframework.boot.test.autoconfigure.web.servlet.WebDriverContextCustomizerFactory$Customizer@14b030a0, org.springframework.boot.test.context.filter.ExcludeFilterContextCustomizer@56bca85b, org.springframework.boot.test.json.DuplicateJsonObjectContextCustomizerFactory$DuplicateJsonObjectContextCustomizer@22b53226, org.springframework.boot.test.mock.mockito.MockitoContextCustomizer@f02ece12], contextLoader = 'org.springframework.test.context.support.DelegatingSmartContextLoader', parent = [null]]]
00:38:36.249 [Test worker] DEBUG org.springframework.test.context.cache - Spring test ApplicationContext cache statistics: [DefaultContextCache@6981f8f3 size = 1, maxSize = 32, parentContextCount = 0, hitCount = 80, missCount = 1]
00:38:36.249 [Test worker] DEBUG org.springframework.test.context.cache.DefaultCacheAwareContextLoaderDelegate - Retrieved ApplicationContext [246826139] from cache with key [[MergedContextConfiguration@3f1c5af9 testClass = InsurancePolicyImplTest, locations = '{}', classes = '{class com.waris.insurance.service.impl.InsurancePolicyImpl}', contextInitializerClasses = '[]', activeProfiles = '{}', propertySourceLocations = '{}', propertySourceProperties = '{}', contextCustomizers = set[org.springframework.boot.test.autoconfigure.actuate.metrics.MetricsExportContextCustomizerFactory$DisableMetricExportContextCustomizer@2cae1042, org.springframework.boot.test.autoconfigure.properties.PropertyMappingContextCustomizer@0, org.springframework.boot.test.autoconfigure.web.servlet.WebDriverContextCustomizerFactory$Customizer@14b030a0, org.springframework.boot.test.context.filter.ExcludeFilterContextCustomizer@56bca85b, org.springframework.boot.test.json.DuplicateJsonObjectContextCustomizerFactory$DuplicateJsonObjectContextCustomizer@22b53226, org.springframework.boot.test.mock.mockito.MockitoContextCustomizer@f02ece12], contextLoader = 'org.springframework.test.context.support.DelegatingSmartContextLoader', parent = [null]]]
00:38:36.249 [Test worker] DEBUG org.springframework.test.context.cache - Spring test ApplicationContext cache statistics: [DefaultContextCache@6981f8f3 size = 1, maxSize = 32, parentContextCount = 0, hitCount = 81, missCount = 1]
00:38:36.249 [Test worker] DEBUG org.springframework.test.context.cache.DefaultCacheAwareContextLoaderDelegate - Retrieved ApplicationContext [246826139] from cache with key [[MergedContextConfiguration@3f1c5af9 testClass = InsurancePolicyImplTest, locations = '{}', classes = '{class com.waris.insurance.service.impl.InsurancePolicyImpl}', contextInitializerClasses = '[]', activeProfiles = '{}', propertySourceLocations = '{}', propertySourceProperties = '{}', contextCustomizers = set[org.springframework.boot.test.autoconfigure.actuate.metrics.MetricsExportContextCustomizerFactory$DisableMetricExportContextCustomizer@2cae1042, org.springframework.boot.test.autoconfigure.properties.PropertyMappingContextCustomizer@0, org.springframework.boot.test.autoconfigure.web.servlet.WebDriverContextCustomizerFactory$Customizer@14b030a0, org.springframework.boot.test.context.filter.ExcludeFilterContextCustomizer@56bca85b, org.springframework.boot.test.json.DuplicateJsonObjectContextCustomizerFactory$DuplicateJsonObjectContextCustomizer@22b53226, org.springframework.boot.test.mock.mockito.MockitoContextCustomizer@f02ece12], contextLoader = 'org.springframework.test.context.support.DelegatingSmartContextLoader', parent = [null]]]
00:38:36.249 [Test worker] DEBUG org.springframework.test.context.cache - Spring test ApplicationContext cache statistics: [DefaultContextCache@6981f8f3 size = 1, maxSize = 32, parentContextCount = 0, hitCount = 82, missCount = 1]
00:38:36.249 [Test worker] DEBUG org.springframework.test.context.cache.DefaultCacheAwareContextLoaderDelegate - Retrieved ApplicationContext [246826139] from cache with key [[MergedContextConfiguration@3f1c5af9 testClass = InsurancePolicyImplTest, locations = '{}', classes = '{class com.waris.insurance.service.impl.InsurancePolicyImpl}', contextInitializerClasses = '[]', activeProfiles = '{}', propertySourceLocations = '{}', propertySourceProperties = '{}', contextCustomizers = set[org.springframework.boot.test.autoconfigure.actuate.metrics.MetricsExportContextCustomizerFactory$DisableMetricExportContextCustomizer@2cae1042, org.springframework.boot.test.autoconfigure.properties.PropertyMappingContextCustomizer@0, org.springframework.boot.test.autoconfigure.web.servlet.WebDriverContextCustomizerFactory$Customizer@14b030a0, org.springframework.boot.test.context.filter.ExcludeFilterContextCustomizer@56bca85b, org.springframework.boot.test.json.DuplicateJsonObjectContextCustomizerFactory$DuplicateJsonObjectContextCustomizer@22b53226, org.springframework.boot.test.mock.mockito.MockitoContextCustomizer@f02ece12], contextLoader = 'org.springframework.test.context.support.DelegatingSmartContextLoader', parent = [null]]]
00:38:36.249 [Test worker] DEBUG org.springframework.test.context.cache - Spring test ApplicationContext cache statistics: [DefaultContextCache@6981f8f3 size = 1, maxSize = 32, parentContextCount = 0, hitCount = 83, missCount = 1]
00:38:36.250 [Test worker] DEBUG org.springframework.test.context.support.AbstractDirtiesContextTestExecutionListener - After test method: context [DefaultTestContext@2b491fee testClass = InsurancePolicyImplTest, testInstance = com.waris.insurance.service.impl.InsurancePolicyImplTest@4cc36c19, testMethod = testGetInsurancePolicyById2@InsurancePolicyImplTest, testException = [null], mergedContextConfiguration = [MergedContextConfiguration@3f1c5af9 testClass = InsurancePolicyImplTest, locations = '{}', classes = '{class com.waris.insurance.service.impl.InsurancePolicyImpl}', contextInitializerClasses = '[]', activeProfiles = '{}', propertySourceLocations = '{}', propertySourceProperties = '{}', contextCustomizers = set[org.springframework.boot.test.autoconfigure.actuate.metrics.MetricsExportContextCustomizerFactory$DisableMetricExportContextCustomizer@2cae1042, org.springframework.boot.test.autoconfigure.properties.PropertyMappingContextCustomizer@0, org.springframework.boot.test.autoconfigure.web.servlet.WebDriverContextCustomizerFactory$Customizer@14b030a0, org.springframework.boot.test.context.filter.ExcludeFilterContextCustomizer@56bca85b, org.springframework.boot.test.json.DuplicateJsonObjectContextCustomizerFactory$DuplicateJsonObjectContextCustomizer@22b53226, org.springframework.boot.test.mock.mockito.MockitoContextCustomizer@f02ece12], contextLoader = 'org.springframework.test.context.support.DelegatingSmartContextLoader', parent = [null]], attributes = map['org.springframework.test.context.event.ApplicationEventsTestExecutionListener.recordApplicationEvents' -> false]], class annotated with @DirtiesContext [false] with mode [null], method annotated with @DirtiesContext [false] with mode [null].
00:38:36.250 [Test worker] DEBUG org.springframework.test.context.cache.DefaultCacheAwareContextLoaderDelegate - Retrieved ApplicationContext [246826139] from cache with key [[MergedContextConfiguration@3f1c5af9 testClass = InsurancePolicyImplTest, locations = '{}', classes = '{class com.waris.insurance.service.impl.InsurancePolicyImpl}', contextInitializerClasses = '[]', activeProfiles = '{}', propertySourceLocations = '{}', propertySourceProperties = '{}', contextCustomizers = set[org.springframework.boot.test.autoconfigure.actuate.metrics.MetricsExportContextCustomizerFactory$DisableMetricExportContextCustomizer@2cae1042, org.springframework.boot.test.autoconfigure.properties.PropertyMappingContextCustomizer@0, org.springframework.boot.test.autoconfigure.web.servlet.WebDriverContextCustomizerFactory$Customizer@14b030a0, org.springframework.boot.test.context.filter.ExcludeFilterContextCustomizer@56bca85b, org.springframework.boot.test.json.DuplicateJsonObjectContextCustomizerFactory$DuplicateJsonObjectContextCustomizer@22b53226, org.springframework.boot.test.mock.mockito.MockitoContextCustomizer@f02ece12], contextLoader = 'org.springframework.test.context.support.DelegatingSmartContextLoader', parent = [null]]]
00:38:36.251 [Test worker] DEBUG org.springframework.test.context.cache - Spring test ApplicationContext cache statistics: [DefaultContextCache@6981f8f3 size = 1, maxSize = 32, parentContextCount = 0, hitCount = 84, missCount = 1]
00:38:36.251 [Test worker] DEBUG org.springframework.test.context.support.DependencyInjectionTestExecutionListener - Performing dependency injection for test context [[DefaultTestContext@2b491fee testClass = InsurancePolicyImplTest, testInstance = com.waris.insurance.service.impl.InsurancePolicyImplTest@4af45442, testMethod = [null], testException = [null], mergedContextConfiguration = [MergedContextConfiguration@3f1c5af9 testClass = InsurancePolicyImplTest, locations = '{}', classes = '{class com.waris.insurance.service.impl.InsurancePolicyImpl}', contextInitializerClasses = '[]', activeProfiles = '{}', propertySourceLocations = '{}', propertySourceProperties = '{}', contextCustomizers = set[org.springframework.boot.test.autoconfigure.actuate.metrics.MetricsExportContextCustomizerFactory$DisableMetricExportContextCustomizer@2cae1042, org.springframework.boot.test.autoconfigure.properties.PropertyMappingContextCustomizer@0, org.springframework.boot.test.autoconfigure.web.servlet.WebDriverContextCustomizerFactory$Customizer@14b030a0, org.springframework.boot.test.context.filter.ExcludeFilterContextCustomizer@56bca85b, org.springframework.boot.test.json.DuplicateJsonObjectContextCustomizerFactory$DuplicateJsonObjectContextCustomizer@22b53226, org.springframework.boot.test.mock.mockito.MockitoContextCustomizer@f02ece12], contextLoader = 'org.springframework.test.context.support.DelegatingSmartContextLoader', parent = [null]], attributes = map['org.springframework.test.context.event.ApplicationEventsTestExecutionListener.recordApplicationEvents' -> false]]].
00:38:36.251 [Test worker] DEBUG org.springframework.test.context.cache.DefaultCacheAwareContextLoaderDelegate - Retrieved ApplicationContext [246826139] from cache with key [[MergedContextConfiguration@3f1c5af9 testClass = InsurancePolicyImplTest, locations = '{}', classes = '{class com.waris.insurance.service.impl.InsurancePolicyImpl}', contextInitializerClasses = '[]', activeProfiles = '{}', propertySourceLocations = '{}', propertySourceProperties = '{}', contextCustomizers = set[org.springframework.boot.test.autoconfigure.actuate.metrics.MetricsExportContextCustomizerFactory$DisableMetricExportContextCustomizer@2cae1042, org.springframework.boot.test.autoconfigure.properties.PropertyMappingContextCustomizer@0, org.springframework.boot.test.autoconfigure.web.servlet.WebDriverContextCustomizerFactory$Customizer@14b030a0, org.springframework.boot.test.context.filter.ExcludeFilterContextCustomizer@56bca85b, org.springframework.boot.test.json.DuplicateJsonObjectContextCustomizerFactory$DuplicateJsonObjectContextCustomizer@22b53226, org.springframework.boot.test.mock.mockito.MockitoContextCustomizer@f02ece12], contextLoader = 'org.springframework.test.context.support.DelegatingSmartContextLoader', parent = [null]]]
00:38:36.251 [Test worker] DEBUG org.springframework.test.context.cache - Spring test ApplicationContext cache statistics: [DefaultContextCache@6981f8f3 size = 1, maxSize = 32, parentContextCount = 0, hitCount = 85, missCount = 1]
00:38:36.251 [Test worker] DEBUG org.springframework.test.context.cache.DefaultCacheAwareContextLoaderDelegate - Retrieved ApplicationContext [246826139] from cache with key [[MergedContextConfiguration@3f1c5af9 testClass = InsurancePolicyImplTest, locations = '{}', classes = '{class com.waris.insurance.service.impl.InsurancePolicyImpl}', contextInitializerClasses = '[]', activeProfiles = '{}', propertySourceLocations = '{}', propertySourceProperties = '{}', contextCustomizers = set[org.springframework.boot.test.autoconfigure.actuate.metrics.MetricsExportContextCustomizerFactory$DisableMetricExportContextCustomizer@2cae1042, org.springframework.boot.test.autoconfigure.properties.PropertyMappingContextCustomizer@0, org.springframework.boot.test.autoconfigure.web.servlet.WebDriverContextCustomizerFactory$Customizer@14b030a0, org.springframework.boot.test.context.filter.ExcludeFilterContextCustomizer@56bca85b, org.springframework.boot.test.json.DuplicateJsonObjectContextCustomizerFactory$DuplicateJsonObjectContextCustomizer@22b53226, org.springframework.boot.test.mock.mockito.MockitoContextCustomizer@f02ece12], contextLoader = 'org.springframework.test.context.support.DelegatingSmartContextLoader', parent = [null]]]
00:38:36.251 [Test worker] DEBUG org.springframework.test.context.cache - Spring test ApplicationContext cache statistics: [DefaultContextCache@6981f8f3 size = 1, maxSize = 32, parentContextCount = 0, hitCount = 86, missCount = 1]
00:38:36.252 [Test worker] DEBUG org.springframework.test.context.support.AbstractDirtiesContextTestExecutionListener - Before test method: context [DefaultTestContext@2b491fee testClass = InsurancePolicyImplTest, testInstance = com.waris.insurance.service.impl.InsurancePolicyImplTest@4af45442, testMethod = testDeleteInsuranceById@InsurancePolicyImplTest, testException = [null], mergedContextConfiguration = [MergedContextConfiguration@3f1c5af9 testClass = InsurancePolicyImplTest, locations = '{}', classes = '{class com.waris.insurance.service.impl.InsurancePolicyImpl}', contextInitializerClasses = '[]', activeProfiles = '{}', propertySourceLocations = '{}', propertySourceProperties = '{}', contextCustomizers = set[org.springframework.boot.test.autoconfigure.actuate.metrics.MetricsExportContextCustomizerFactory$DisableMetricExportContextCustomizer@2cae1042, org.springframework.boot.test.autoconfigure.properties.PropertyMappingContextCustomizer@0, org.springframework.boot.test.autoconfigure.web.servlet.WebDriverContextCustomizerFactory$Customizer@14b030a0, org.springframework.boot.test.context.filter.ExcludeFilterContextCustomizer@56bca85b, org.springframework.boot.test.json.DuplicateJsonObjectContextCustomizerFactory$DuplicateJsonObjectContextCustomizer@22b53226, org.springframework.boot.test.mock.mockito.MockitoContextCustomizer@f02ece12], contextLoader = 'org.springframework.test.context.support.DelegatingSmartContextLoader', parent = [null]], attributes = map['org.springframework.test.context.event.ApplicationEventsTestExecutionListener.recordApplicationEvents' -> false]], class annotated with @DirtiesContext [false] with mode [null], method annotated with @DirtiesContext [false] with mode [null].
00:38:36.253 [Test worker] DEBUG org.springframework.test.context.cache.DefaultCacheAwareContextLoaderDelegate - Retrieved ApplicationContext [246826139] from cache with key [[MergedContextConfiguration@3f1c5af9 testClass = InsurancePolicyImplTest, locations = '{}', classes = '{class com.waris.insurance.service.impl.InsurancePolicyImpl}', contextInitializerClasses = '[]', activeProfiles = '{}', propertySourceLocations = '{}', propertySourceProperties = '{}', contextCustomizers = set[org.springframework.boot.test.autoconfigure.actuate.metrics.MetricsExportContextCustomizerFactory$DisableMetricExportContextCustomizer@2cae1042, org.springframework.boot.test.autoconfigure.properties.PropertyMappingContextCustomizer@0, org.springframework.boot.test.autoconfigure.web.servlet.WebDriverContextCustomizerFactory$Customizer@14b030a0, org.springframework.boot.test.context.filter.ExcludeFilterContextCustomizer@56bca85b, org.springframework.boot.test.json.DuplicateJsonObjectContextCustomizerFactory$DuplicateJsonObjectContextCustomizer@22b53226, org.springframework.boot.test.mock.mockito.MockitoContextCustomizer@f02ece12], contextLoader = 'org.springframework.test.context.support.DelegatingSmartContextLoader', parent = [null]]]
00:38:36.253 [Test worker] DEBUG org.springframework.test.context.cache - Spring test ApplicationContext cache statistics: [DefaultContextCache@6981f8f3 size = 1, maxSize = 32, parentContextCount = 0, hitCount = 87, missCount = 1]
00:38:36.253 [Test worker] DEBUG org.springframework.test.context.cache.DefaultCacheAwareContextLoaderDelegate - Retrieved ApplicationContext [246826139] from cache with key [[MergedContextConfiguration@3f1c5af9 testClass = InsurancePolicyImplTest, locations = '{}', classes = '{class com.waris.insurance.service.impl.InsurancePolicyImpl}', contextInitializerClasses = '[]', activeProfiles = '{}', propertySourceLocations = '{}', propertySourceProperties = '{}', contextCustomizers = set[org.springframework.boot.test.autoconfigure.actuate.metrics.MetricsExportContextCustomizerFactory$DisableMetricExportContextCustomizer@2cae1042, org.springframework.boot.test.autoconfigure.properties.PropertyMappingContextCustomizer@0, org.springframework.boot.test.autoconfigure.web.servlet.WebDriverContextCustomizerFactory$Customizer@14b030a0, org.springframework.boot.test.context.filter.ExcludeFilterContextCustomizer@56bca85b, org.springframework.boot.test.json.DuplicateJsonObjectContextCustomizerFactory$DuplicateJsonObjectContextCustomizer@22b53226, org.springframework.boot.test.mock.mockito.MockitoContextCustomizer@f02ece12], contextLoader = 'org.springframework.test.context.support.DelegatingSmartContextLoader', parent = [null]]]
00:38:36.253 [Test worker] DEBUG org.springframework.test.context.cache - Spring test ApplicationContext cache statistics: [DefaultContextCache@6981f8f3 size = 1, maxSize = 32, parentContextCount = 0, hitCount = 88, missCount = 1]
00:38:36.254 [Test worker] DEBUG org.springframework.test.context.cache.DefaultCacheAwareContextLoaderDelegate - Retrieved ApplicationContext [246826139] from cache with key [[MergedContextConfiguration@3f1c5af9 testClass = InsurancePolicyImplTest, locations = '{}', classes = '{class com.waris.insurance.service.impl.InsurancePolicyImpl}', contextInitializerClasses = '[]', activeProfiles = '{}', propertySourceLocations = '{}', propertySourceProperties = '{}', contextCustomizers = set[org.springframework.boot.test.autoconfigure.actuate.metrics.MetricsExportContextCustomizerFactory$DisableMetricExportContextCustomizer@2cae1042, org.springframework.boot.test.autoconfigure.properties.PropertyMappingContextCustomizer@0, org.springframework.boot.test.autoconfigure.web.servlet.WebDriverContextCustomizerFactory$Customizer@14b030a0, org.springframework.boot.test.context.filter.ExcludeFilterContextCustomizer@56bca85b, org.springframework.boot.test.json.DuplicateJsonObjectContextCustomizerFactory$DuplicateJsonObjectContextCustomizer@22b53226, org.springframework.boot.test.mock.mockito.MockitoContextCustomizer@f02ece12], contextLoader = 'org.springframework.test.context.support.DelegatingSmartContextLoader', parent = [null]]]
00:38:36.254 [Test worker] DEBUG org.springframework.test.context.cache - Spring test ApplicationContext cache statistics: [DefaultContextCache@6981f8f3 size = 1, maxSize = 32, parentContextCount = 0, hitCount = 89, missCount = 1]
00:38:36.255 [Test worker] DEBUG org.springframework.test.context.cache.DefaultCacheAwareContextLoaderDelegate - Retrieved ApplicationContext [246826139] from cache with key [[MergedContextConfiguration@3f1c5af9 testClass = InsurancePolicyImplTest, locations = '{}', classes = '{class com.waris.insurance.service.impl.InsurancePolicyImpl}', contextInitializerClasses = '[]', activeProfiles = '{}', propertySourceLocations = '{}', propertySourceProperties = '{}', contextCustomizers = set[org.springframework.boot.test.autoconfigure.actuate.metrics.MetricsExportContextCustomizerFactory$DisableMetricExportContextCustomizer@2cae1042, org.springframework.boot.test.autoconfigure.properties.PropertyMappingContextCustomizer@0, org.springframework.boot.test.autoconfigure.web.servlet.WebDriverContextCustomizerFactory$Customizer@14b030a0, org.springframework.boot.test.context.filter.ExcludeFilterContextCustomizer@56bca85b, org.springframework.boot.test.json.DuplicateJsonObjectContextCustomizerFactory$DuplicateJsonObjectContextCustomizer@22b53226, org.springframework.boot.test.mock.mockito.MockitoContextCustomizer@f02ece12], contextLoader = 'org.springframework.test.context.support.DelegatingSmartContextLoader', parent = [null]]]
00:38:36.255 [Test worker] DEBUG org.springframework.test.context.cache - Spring test ApplicationContext cache statistics: [DefaultContextCache@6981f8f3 size = 1, maxSize = 32, parentContextCount = 0, hitCount = 90, missCount = 1]
00:38:36.256 [Test worker] DEBUG org.springframework.test.context.cache.DefaultCacheAwareContextLoaderDelegate - Retrieved ApplicationContext [246826139] from cache with key [[MergedContextConfiguration@3f1c5af9 testClass = InsurancePolicyImplTest, locations = '{}', classes = '{class com.waris.insurance.service.impl.InsurancePolicyImpl}', contextInitializerClasses = '[]', activeProfiles = '{}', propertySourceLocations = '{}', propertySourceProperties = '{}', contextCustomizers = set[org.springframework.boot.test.autoconfigure.actuate.metrics.MetricsExportContextCustomizerFactory$DisableMetricExportContextCustomizer@2cae1042, org.springframework.boot.test.autoconfigure.properties.PropertyMappingContextCustomizer@0, org.springframework.boot.test.autoconfigure.web.servlet.WebDriverContextCustomizerFactory$Customizer@14b030a0, org.springframework.boot.test.context.filter.ExcludeFilterContextCustomizer@56bca85b, org.springframework.boot.test.json.DuplicateJsonObjectContextCustomizerFactory$DuplicateJsonObjectContextCustomizer@22b53226, org.springframework.boot.test.mock.mockito.MockitoContextCustomizer@f02ece12], contextLoader = 'org.springframework.test.context.support.DelegatingSmartContextLoader', parent = [null]]]
00:38:36.256 [Test worker] DEBUG org.springframework.test.context.cache - Spring test ApplicationContext cache statistics: [DefaultContextCache@6981f8f3 size = 1, maxSize = 32, parentContextCount = 0, hitCount = 91, missCount = 1]
00:38:36.256 [Test worker] DEBUG org.springframework.test.context.cache.DefaultCacheAwareContextLoaderDelegate - Retrieved ApplicationContext [246826139] from cache with key [[MergedContextConfiguration@3f1c5af9 testClass = InsurancePolicyImplTest, locations = '{}', classes = '{class com.waris.insurance.service.impl.InsurancePolicyImpl}', contextInitializerClasses = '[]', activeProfiles = '{}', propertySourceLocations = '{}', propertySourceProperties = '{}', contextCustomizers = set[org.springframework.boot.test.autoconfigure.actuate.metrics.MetricsExportContextCustomizerFactory$DisableMetricExportContextCustomizer@2cae1042, org.springframework.boot.test.autoconfigure.properties.PropertyMappingContextCustomizer@0, org.springframework.boot.test.autoconfigure.web.servlet.WebDriverContextCustomizerFactory$Customizer@14b030a0, org.springframework.boot.test.context.filter.ExcludeFilterContextCustomizer@56bca85b, org.springframework.boot.test.json.DuplicateJsonObjectContextCustomizerFactory$DuplicateJsonObjectContextCustomizer@22b53226, org.springframework.boot.test.mock.mockito.MockitoContextCustomizer@f02ece12], contextLoader = 'org.springframework.test.context.support.DelegatingSmartContextLoader', parent = [null]]]
00:38:36.256 [Test worker] DEBUG org.springframework.test.context.cache - Spring test ApplicationContext cache statistics: [DefaultContextCache@6981f8f3 size = 1, maxSize = 32, parentContextCount = 0, hitCount = 92, missCount = 1]
00:38:36.256 [Test worker] DEBUG org.springframework.test.context.cache.DefaultCacheAwareContextLoaderDelegate - Retrieved ApplicationContext [246826139] from cache with key [[MergedContextConfiguration@3f1c5af9 testClass = InsurancePolicyImplTest, locations = '{}', classes = '{class com.waris.insurance.service.impl.InsurancePolicyImpl}', contextInitializerClasses = '[]', activeProfiles = '{}', propertySourceLocations = '{}', propertySourceProperties = '{}', contextCustomizers = set[org.springframework.boot.test.autoconfigure.actuate.metrics.MetricsExportContextCustomizerFactory$DisableMetricExportContextCustomizer@2cae1042, org.springframework.boot.test.autoconfigure.properties.PropertyMappingContextCustomizer@0, org.springframework.boot.test.autoconfigure.web.servlet.WebDriverContextCustomizerFactory$Customizer@14b030a0, org.springframework.boot.test.context.filter.ExcludeFilterContextCustomizer@56bca85b, org.springframework.boot.test.json.DuplicateJsonObjectContextCustomizerFactory$DuplicateJsonObjectContextCustomizer@22b53226, org.springframework.boot.test.mock.mockito.MockitoContextCustomizer@f02ece12], contextLoader = 'org.springframework.test.context.support.DelegatingSmartContextLoader', parent = [null]]]
00:38:36.256 [Test worker] DEBUG org.springframework.test.context.cache - Spring test ApplicationContext cache statistics: [DefaultContextCache@6981f8f3 size = 1, maxSize = 32, parentContextCount = 0, hitCount = 93, missCount = 1]
00:38:36.256 [Test worker] DEBUG org.springframework.test.context.cache.DefaultCacheAwareContextLoaderDelegate - Retrieved ApplicationContext [246826139] from cache with key [[MergedContextConfiguration@3f1c5af9 testClass = InsurancePolicyImplTest, locations = '{}', classes = '{class com.waris.insurance.service.impl.InsurancePolicyImpl}', contextInitializerClasses = '[]', activeProfiles = '{}', propertySourceLocations = '{}', propertySourceProperties = '{}', contextCustomizers = set[org.springframework.boot.test.autoconfigure.actuate.metrics.MetricsExportContextCustomizerFactory$DisableMetricExportContextCustomizer@2cae1042, org.springframework.boot.test.autoconfigure.properties.PropertyMappingContextCustomizer@0, org.springframework.boot.test.autoconfigure.web.servlet.WebDriverContextCustomizerFactory$Customizer@14b030a0, org.springframework.boot.test.context.filter.ExcludeFilterContextCustomizer@56bca85b, org.springframework.boot.test.json.DuplicateJsonObjectContextCustomizerFactory$DuplicateJsonObjectContextCustomizer@22b53226, org.springframework.boot.test.mock.mockito.MockitoContextCustomizer@f02ece12], contextLoader = 'org.springframework.test.context.support.DelegatingSmartContextLoader', parent = [null]]]
00:38:36.257 [Test worker] DEBUG org.springframework.test.context.cache - Spring test ApplicationContext cache statistics: [DefaultContextCache@6981f8f3 size = 1, maxSize = 32, parentContextCount = 0, hitCount = 94, missCount = 1]
00:38:36.257 [Test worker] DEBUG org.springframework.test.context.cache.DefaultCacheAwareContextLoaderDelegate - Retrieved ApplicationContext [246826139] from cache with key [[MergedContextConfiguration@3f1c5af9 testClass = InsurancePolicyImplTest, locations = '{}', classes = '{class com.waris.insurance.service.impl.InsurancePolicyImpl}', contextInitializerClasses = '[]', activeProfiles = '{}', propertySourceLocations = '{}', propertySourceProperties = '{}', contextCustomizers = set[org.springframework.boot.test.autoconfigure.actuate.metrics.MetricsExportContextCustomizerFactory$DisableMetricExportContextCustomizer@2cae1042, org.springframework.boot.test.autoconfigure.properties.PropertyMappingContextCustomizer@0, org.springframework.boot.test.autoconfigure.web.servlet.WebDriverContextCustomizerFactory$Customizer@14b030a0, org.springframework.boot.test.context.filter.ExcludeFilterContextCustomizer@56bca85b, org.springframework.boot.test.json.DuplicateJsonObjectContextCustomizerFactory$DuplicateJsonObjectContextCustomizer@22b53226, org.springframework.boot.test.mock.mockito.MockitoContextCustomizer@f02ece12], contextLoader = 'org.springframework.test.context.support.DelegatingSmartContextLoader', parent = [null]]]
00:38:36.257 [Test worker] DEBUG org.springframework.test.context.cache - Spring test ApplicationContext cache statistics: [DefaultContextCache@6981f8f3 size = 1, maxSize = 32, parentContextCount = 0, hitCount = 95, missCount = 1]
00:38:36.258 [Test worker] DEBUG org.springframework.test.context.support.AbstractDirtiesContextTestExecutionListener - After test method: context [DefaultTestContext@2b491fee testClass = InsurancePolicyImplTest, testInstance = com.waris.insurance.service.impl.InsurancePolicyImplTest@4af45442, testMethod = testDeleteInsuranceById@InsurancePolicyImplTest, testException = [null], mergedContextConfiguration = [MergedContextConfiguration@3f1c5af9 testClass = InsurancePolicyImplTest, locations = '{}', classes = '{class com.waris.insurance.service.impl.InsurancePolicyImpl}', contextInitializerClasses = '[]', activeProfiles = '{}', propertySourceLocations = '{}', propertySourceProperties = '{}', contextCustomizers = set[org.springframework.boot.test.autoconfigure.actuate.metrics.MetricsExportContextCustomizerFactory$DisableMetricExportContextCustomizer@2cae1042, org.springframework.boot.test.autoconfigure.properties.PropertyMappingContextCustomizer@0, org.springframework.boot.test.autoconfigure.web.servlet.WebDriverContextCustomizerFactory$Customizer@14b030a0, org.springframework.boot.test.context.filter.ExcludeFilterContextCustomizer@56bca85b, org.springframework.boot.test.json.DuplicateJsonObjectContextCustomizerFactory$DuplicateJsonObjectContextCustomizer@22b53226, org.springframework.boot.test.mock.mockito.MockitoContextCustomizer@f02ece12], contextLoader = 'org.springframework.test.context.support.DelegatingSmartContextLoader', parent = [null]], attributes = map['org.springframework.test.context.event.ApplicationEventsTestExecutionListener.recordApplicationEvents' -> false]], class annotated with @DirtiesContext [false] with mode [null], method annotated with @DirtiesContext [false] with mode [null].
00:38:36.259 [Test worker] DEBUG org.springframework.test.context.cache.DefaultCacheAwareContextLoaderDelegate - Retrieved ApplicationContext [246826139] from cache with key [[MergedContextConfiguration@3f1c5af9 testClass = InsurancePolicyImplTest, locations = '{}', classes = '{class com.waris.insurance.service.impl.InsurancePolicyImpl}', contextInitializerClasses = '[]', activeProfiles = '{}', propertySourceLocations = '{}', propertySourceProperties = '{}', contextCustomizers = set[org.springframework.boot.test.autoconfigure.actuate.metrics.MetricsExportContextCustomizerFactory$DisableMetricExportContextCustomizer@2cae1042, org.springframework.boot.test.autoconfigure.properties.PropertyMappingContextCustomizer@0, org.springframework.boot.test.autoconfigure.web.servlet.WebDriverContextCustomizerFactory$Customizer@14b030a0, org.springframework.boot.test.context.filter.ExcludeFilterContextCustomizer@56bca85b, org.springframework.boot.test.json.DuplicateJsonObjectContextCustomizerFactory$DuplicateJsonObjectContextCustomizer@22b53226, org.springframework.boot.test.mock.mockito.MockitoContextCustomizer@f02ece12], contextLoader = 'org.springframework.test.context.support.DelegatingSmartContextLoader', parent = [null]]]
00:38:36.259 [Test worker] DEBUG org.springframework.test.context.cache - Spring test ApplicationContext cache statistics: [DefaultContextCache@6981f8f3 size = 1, maxSize = 32, parentContextCount = 0, hitCount = 96, missCount = 1]
00:38:36.259 [Test worker] DEBUG org.springframework.test.context.support.DependencyInjectionTestExecutionListener - Performing dependency injection for test context [[DefaultTestContext@2b491fee testClass = InsurancePolicyImplTest, testInstance = com.waris.insurance.service.impl.InsurancePolicyImplTest@1d805aa1, testMethod = [null], testException = [null], mergedContextConfiguration = [MergedContextConfiguration@3f1c5af9 testClass = InsurancePolicyImplTest, locations = '{}', classes = '{class com.waris.insurance.service.impl.InsurancePolicyImpl}', contextInitializerClasses = '[]', activeProfiles = '{}', propertySourceLocations = '{}', propertySourceProperties = '{}', contextCustomizers = set[org.springframework.boot.test.autoconfigure.actuate.metrics.MetricsExportContextCustomizerFactory$DisableMetricExportContextCustomizer@2cae1042, org.springframework.boot.test.autoconfigure.properties.PropertyMappingContextCustomizer@0, org.springframework.boot.test.autoconfigure.web.servlet.WebDriverContextCustomizerFactory$Customizer@14b030a0, org.springframework.boot.test.context.filter.ExcludeFilterContextCustomizer@56bca85b, org.springframework.boot.test.json.DuplicateJsonObjectContextCustomizerFactory$DuplicateJsonObjectContextCustomizer@22b53226, org.springframework.boot.test.mock.mockito.MockitoContextCustomizer@f02ece12], contextLoader = 'org.springframework.test.context.support.DelegatingSmartContextLoader', parent = [null]], attributes = map['org.springframework.test.context.event.ApplicationEventsTestExecutionListener.recordApplicationEvents' -> false]]].
00:38:36.259 [Test worker] DEBUG org.springframework.test.context.cache.DefaultCacheAwareContextLoaderDelegate - Retrieved ApplicationContext [246826139] from cache with key [[MergedContextConfiguration@3f1c5af9 testClass = InsurancePolicyImplTest, locations = '{}', classes = '{class com.waris.insurance.service.impl.InsurancePolicyImpl}', contextInitializerClasses = '[]', activeProfiles = '{}', propertySourceLocations = '{}', propertySourceProperties = '{}', contextCustomizers = set[org.springframework.boot.test.autoconfigure.actuate.metrics.MetricsExportContextCustomizerFactory$DisableMetricExportContextCustomizer@2cae1042, org.springframework.boot.test.autoconfigure.properties.PropertyMappingContextCustomizer@0, org.springframework.boot.test.autoconfigure.web.servlet.WebDriverContextCustomizerFactory$Customizer@14b030a0, org.springframework.boot.test.context.filter.ExcludeFilterContextCustomizer@56bca85b, org.springframework.boot.test.json.DuplicateJsonObjectContextCustomizerFactory$DuplicateJsonObjectContextCustomizer@22b53226, org.springframework.boot.test.mock.mockito.MockitoContextCustomizer@f02ece12], contextLoader = 'org.springframework.test.context.support.DelegatingSmartContextLoader', parent = [null]]]
00:38:36.259 [Test worker] DEBUG org.springframework.test.context.cache - Spring test ApplicationContext cache statistics: [DefaultContextCache@6981f8f3 size = 1, maxSize = 32, parentContextCount = 0, hitCount = 97, missCount = 1]
00:38:36.260 [Test worker] DEBUG org.springframework.test.context.cache.DefaultCacheAwareContextLoaderDelegate - Retrieved ApplicationContext [246826139] from cache with key [[MergedContextConfiguration@3f1c5af9 testClass = InsurancePolicyImplTest, locations = '{}', classes = '{class com.waris.insurance.service.impl.InsurancePolicyImpl}', contextInitializerClasses = '[]', activeProfiles = '{}', propertySourceLocations = '{}', propertySourceProperties = '{}', contextCustomizers = set[org.springframework.boot.test.autoconfigure.actuate.metrics.MetricsExportContextCustomizerFactory$DisableMetricExportContextCustomizer@2cae1042, org.springframework.boot.test.autoconfigure.properties.PropertyMappingContextCustomizer@0, org.springframework.boot.test.autoconfigure.web.servlet.WebDriverContextCustomizerFactory$Customizer@14b030a0, org.springframework.boot.test.context.filter.ExcludeFilterContextCustomizer@56bca85b, org.springframework.boot.test.json.DuplicateJsonObjectContextCustomizerFactory$DuplicateJsonObjectContextCustomizer@22b53226, org.springframework.boot.test.mock.mockito.MockitoContextCustomizer@f02ece12], contextLoader = 'org.springframework.test.context.support.DelegatingSmartContextLoader', parent = [null]]]
00:38:36.260 [Test worker] DEBUG org.springframework.test.context.cache - Spring test ApplicationContext cache statistics: [DefaultContextCache@6981f8f3 size = 1, maxSize = 32, parentContextCount = 0, hitCount = 98, missCount = 1]
00:38:36.261 [Test worker] DEBUG org.springframework.test.context.support.AbstractDirtiesContextTestExecutionListener - Before test method: context [DefaultTestContext@2b491fee testClass = InsurancePolicyImplTest, testInstance = com.waris.insurance.service.impl.InsurancePolicyImplTest@1d805aa1, testMethod = testUpdateInsuranceById@InsurancePolicyImplTest, testException = [null], mergedContextConfiguration = [MergedContextConfiguration@3f1c5af9 testClass = InsurancePolicyImplTest, locations = '{}', classes = '{class com.waris.insurance.service.impl.InsurancePolicyImpl}', contextInitializerClasses = '[]', activeProfiles = '{}', propertySourceLocations = '{}', propertySourceProperties = '{}', contextCustomizers = set[org.springframework.boot.test.autoconfigure.actuate.metrics.MetricsExportContextCustomizerFactory$DisableMetricExportContextCustomizer@2cae1042, org.springframework.boot.test.autoconfigure.properties.PropertyMappingContextCustomizer@0, org.springframework.boot.test.autoconfigure.web.servlet.WebDriverContextCustomizerFactory$Customizer@14b030a0, org.springframework.boot.test.context.filter.ExcludeFilterContextCustomizer@56bca85b, org.springframework.boot.test.json.DuplicateJsonObjectContextCustomizerFactory$DuplicateJsonObjectContextCustomizer@22b53226, org.springframework.boot.test.mock.mockito.MockitoContextCustomizer@f02ece12], contextLoader = 'org.springframework.test.context.support.DelegatingSmartContextLoader', parent = [null]], attributes = map['org.springframework.test.context.event.ApplicationEventsTestExecutionListener.recordApplicationEvents' -> false]], class annotated with @DirtiesContext [false] with mode [null], method annotated with @DirtiesContext [false] with mode [null].
00:38:36.262 [Test worker] DEBUG org.springframework.test.context.cache.DefaultCacheAwareContextLoaderDelegate - Retrieved ApplicationContext [246826139] from cache with key [[MergedContextConfiguration@3f1c5af9 testClass = InsurancePolicyImplTest, locations = '{}', classes = '{class com.waris.insurance.service.impl.InsurancePolicyImpl}', contextInitializerClasses = '[]', activeProfiles = '{}', propertySourceLocations = '{}', propertySourceProperties = '{}', contextCustomizers = set[org.springframework.boot.test.autoconfigure.actuate.metrics.MetricsExportContextCustomizerFactory$DisableMetricExportContextCustomizer@2cae1042, org.springframework.boot.test.autoconfigure.properties.PropertyMappingContextCustomizer@0, org.springframework.boot.test.autoconfigure.web.servlet.WebDriverContextCustomizerFactory$Customizer@14b030a0, org.springframework.boot.test.context.filter.ExcludeFilterContextCustomizer@56bca85b, org.springframework.boot.test.json.DuplicateJsonObjectContextCustomizerFactory$DuplicateJsonObjectContextCustomizer@22b53226, org.springframework.boot.test.mock.mockito.MockitoContextCustomizer@f02ece12], contextLoader = 'org.springframework.test.context.support.DelegatingSmartContextLoader', parent = [null]]]
00:38:36.262 [Test worker] DEBUG org.springframework.test.context.cache - Spring test ApplicationContext cache statistics: [DefaultContextCache@6981f8f3 size = 1, maxSize = 32, parentContextCount = 0, hitCount = 99, missCount = 1]
00:38:36.262 [Test worker] DEBUG org.springframework.test.context.cache.DefaultCacheAwareContextLoaderDelegate - Retrieved ApplicationContext [246826139] from cache with key [[MergedContextConfiguration@3f1c5af9 testClass = InsurancePolicyImplTest, locations = '{}', classes = '{class com.waris.insurance.service.impl.InsurancePolicyImpl}', contextInitializerClasses = '[]', activeProfiles = '{}', propertySourceLocations = '{}', propertySourceProperties = '{}', contextCustomizers = set[org.springframework.boot.test.autoconfigure.actuate.metrics.MetricsExportContextCustomizerFactory$DisableMetricExportContextCustomizer@2cae1042, org.springframework.boot.test.autoconfigure.properties.PropertyMappingContextCustomizer@0, org.springframework.boot.test.autoconfigure.web.servlet.WebDriverContextCustomizerFactory$Customizer@14b030a0, org.springframework.boot.test.context.filter.ExcludeFilterContextCustomizer@56bca85b, org.springframework.boot.test.json.DuplicateJsonObjectContextCustomizerFactory$DuplicateJsonObjectContextCustomizer@22b53226, org.springframework.boot.test.mock.mockito.MockitoContextCustomizer@f02ece12], contextLoader = 'org.springframework.test.context.support.DelegatingSmartContextLoader', parent = [null]]]
00:38:36.263 [Test worker] DEBUG org.springframework.test.context.cache - Spring test ApplicationContext cache statistics: [DefaultContextCache@6981f8f3 size = 1, maxSize = 32, parentContextCount = 0, hitCount = 100, missCount = 1]
00:38:36.263 [Test worker] DEBUG org.springframework.test.context.cache.DefaultCacheAwareContextLoaderDelegate - Retrieved ApplicationContext [246826139] from cache with key [[MergedContextConfiguration@3f1c5af9 testClass = InsurancePolicyImplTest, locations = '{}', classes = '{class com.waris.insurance.service.impl.InsurancePolicyImpl}', contextInitializerClasses = '[]', activeProfiles = '{}', propertySourceLocations = '{}', propertySourceProperties = '{}', contextCustomizers = set[org.springframework.boot.test.autoconfigure.actuate.metrics.MetricsExportContextCustomizerFactory$DisableMetricExportContextCustomizer@2cae1042, org.springframework.boot.test.autoconfigure.properties.PropertyMappingContextCustomizer@0, org.springframework.boot.test.autoconfigure.web.servlet.WebDriverContextCustomizerFactory$Customizer@14b030a0, org.springframework.boot.test.context.filter.ExcludeFilterContextCustomizer@56bca85b, org.springframework.boot.test.json.DuplicateJsonObjectContextCustomizerFactory$DuplicateJsonObjectContextCustomizer@22b53226, org.springframework.boot.test.mock.mockito.MockitoContextCustomizer@f02ece12], contextLoader = 'org.springframework.test.context.support.DelegatingSmartContextLoader', parent = [null]]]
00:38:36.263 [Test worker] DEBUG org.springframework.test.context.cache - Spring test ApplicationContext cache statistics: [DefaultContextCache@6981f8f3 size = 1, maxSize = 32, parentContextCount = 0, hitCount = 101, missCount = 1]
00:38:36.264 [Test worker] INFO com.waris.insurance.service.impl.InsurancePolicyImpl - Insurance Policy Fetched By id:42
00:38:36.266 [Test worker] DEBUG org.springframework.test.context.cache.DefaultCacheAwareContextLoaderDelegate - Retrieved ApplicationContext [246826139] from cache with key [[MergedContextConfiguration@3f1c5af9 testClass = InsurancePolicyImplTest, locations = '{}', classes = '{class com.waris.insurance.service.impl.InsurancePolicyImpl}', contextInitializerClasses = '[]', activeProfiles = '{}', propertySourceLocations = '{}', propertySourceProperties = '{}', contextCustomizers = set[org.springframework.boot.test.autoconfigure.actuate.metrics.MetricsExportContextCustomizerFactory$DisableMetricExportContextCustomizer@2cae1042, org.springframework.boot.test.autoconfigure.properties.PropertyMappingContextCustomizer@0, org.springframework.boot.test.autoconfigure.web.servlet.WebDriverContextCustomizerFactory$Customizer@14b030a0, org.springframework.boot.test.context.filter.ExcludeFilterContextCustomizer@56bca85b, org.springframework.boot.test.json.DuplicateJsonObjectContextCustomizerFactory$DuplicateJsonObjectContextCustomizer@22b53226, org.springframework.boot.test.mock.mockito.MockitoContextCustomizer@f02ece12], contextLoader = 'org.springframework.test.context.support.DelegatingSmartContextLoader', parent = [null]]]
00:38:36.266 [Test worker] DEBUG org.springframework.test.context.cache - Spring test ApplicationContext cache statistics: [DefaultContextCache@6981f8f3 size = 1, maxSize = 32, parentContextCount = 0, hitCount = 102, missCount = 1]
00:38:36.266 [Test worker] DEBUG org.springframework.test.context.cache.DefaultCacheAwareContextLoaderDelegate - Retrieved ApplicationContext [246826139] from cache with key [[MergedContextConfiguration@3f1c5af9 testClass = InsurancePolicyImplTest, locations = '{}', classes = '{class com.waris.insurance.service.impl.InsurancePolicyImpl}', contextInitializerClasses = '[]', activeProfiles = '{}', propertySourceLocations = '{}', propertySourceProperties = '{}', contextCustomizers = set[org.springframework.boot.test.autoconfigure.actuate.metrics.MetricsExportContextCustomizerFactory$DisableMetricExportContextCustomizer@2cae1042, org.springframework.boot.test.autoconfigure.properties.PropertyMappingContextCustomizer@0, org.springframework.boot.test.autoconfigure.web.servlet.WebDriverContextCustomizerFactory$Customizer@14b030a0, org.springframework.boot.test.context.filter.ExcludeFilterContextCustomizer@56bca85b, org.springframework.boot.test.json.DuplicateJsonObjectContextCustomizerFactory$DuplicateJsonObjectContextCustomizer@22b53226, org.springframework.boot.test.mock.mockito.MockitoContextCustomizer@f02ece12], contextLoader = 'org.springframework.test.context.support.DelegatingSmartContextLoader', parent = [null]]]
00:38:36.267 [Test worker] DEBUG org.springframework.test.context.cache - Spring test ApplicationContext cache statistics: [DefaultContextCache@6981f8f3 size = 1, maxSize = 32, parentContextCount = 0, hitCount = 103, missCount = 1]
00:38:36.267 [Test worker] DEBUG org.springframework.test.context.cache.DefaultCacheAwareContextLoaderDelegate - Retrieved ApplicationContext [246826139] from cache with key [[MergedContextConfiguration@3f1c5af9 testClass = InsurancePolicyImplTest, locations = '{}', classes = '{class com.waris.insurance.service.impl.InsurancePolicyImpl}', contextInitializerClasses = '[]', activeProfiles = '{}', propertySourceLocations = '{}', propertySourceProperties = '{}', contextCustomizers = set[org.springframework.boot.test.autoconfigure.actuate.metrics.MetricsExportContextCustomizerFactory$DisableMetricExportContextCustomizer@2cae1042, org.springframework.boot.test.autoconfigure.properties.PropertyMappingContextCustomizer@0, org.springframework.boot.test.autoconfigure.web.servlet.WebDriverContextCustomizerFactory$Customizer@14b030a0, org.springframework.boot.test.context.filter.ExcludeFilterContextCustomizer@56bca85b, org.springframework.boot.test.json.DuplicateJsonObjectContextCustomizerFactory$DuplicateJsonObjectContextCustomizer@22b53226, org.springframework.boot.test.mock.mockito.MockitoContextCustomizer@f02ece12], contextLoader = 'org.springframework.test.context.support.DelegatingSmartContextLoader', parent = [null]]]
00:38:36.267 [Test worker] DEBUG org.springframework.test.context.cache - Spring test ApplicationContext cache statistics: [DefaultContextCache@6981f8f3 size = 1, maxSize = 32, parentContextCount = 0, hitCount = 104, missCount = 1]
00:38:36.268 [Test worker] DEBUG org.springframework.test.context.cache.DefaultCacheAwareContextLoaderDelegate - Retrieved ApplicationContext [246826139] from cache with key [[MergedContextConfiguration@3f1c5af9 testClass = InsurancePolicyImplTest, locations = '{}', classes = '{class com.waris.insurance.service.impl.InsurancePolicyImpl}', contextInitializerClasses = '[]', activeProfiles = '{}', propertySourceLocations = '{}', propertySourceProperties = '{}', contextCustomizers = set[org.springframework.boot.test.autoconfigure.actuate.metrics.MetricsExportContextCustomizerFactory$DisableMetricExportContextCustomizer@2cae1042, org.springframework.boot.test.autoconfigure.properties.PropertyMappingContextCustomizer@0, org.springframework.boot.test.autoconfigure.web.servlet.WebDriverContextCustomizerFactory$Customizer@14b030a0, org.springframework.boot.test.context.filter.ExcludeFilterContextCustomizer@56bca85b, org.springframework.boot.test.json.DuplicateJsonObjectContextCustomizerFactory$DuplicateJsonObjectContextCustomizer@22b53226, org.springframework.boot.test.mock.mockito.MockitoContextCustomizer@f02ece12], contextLoader = 'org.springframework.test.context.support.DelegatingSmartContextLoader', parent = [null]]]
00:38:36.268 [Test worker] DEBUG org.springframework.test.context.cache - Spring test ApplicationContext cache statistics: [DefaultContextCache@6981f8f3 size = 1, maxSize = 32, parentContextCount = 0, hitCount = 105, missCount = 1]
00:38:36.268 [Test worker] DEBUG org.springframework.test.context.cache.DefaultCacheAwareContextLoaderDelegate - Retrieved ApplicationContext [246826139] from cache with key [[MergedContextConfiguration@3f1c5af9 testClass = InsurancePolicyImplTest, locations = '{}', classes = '{class com.waris.insurance.service.impl.InsurancePolicyImpl}', contextInitializerClasses = '[]', activeProfiles = '{}', propertySourceLocations = '{}', propertySourceProperties = '{}', contextCustomizers = set[org.springframework.boot.test.autoconfigure.actuate.metrics.MetricsExportContextCustomizerFactory$DisableMetricExportContextCustomizer@2cae1042, org.springframework.boot.test.autoconfigure.properties.PropertyMappingContextCustomizer@0, org.springframework.boot.test.autoconfigure.web.servlet.WebDriverContextCustomizerFactory$Customizer@14b030a0, org.springframework.boot.test.context.filter.ExcludeFilterContextCustomizer@56bca85b, org.springframework.boot.test.json.DuplicateJsonObjectContextCustomizerFactory$DuplicateJsonObjectContextCustomizer@22b53226, org.springframework.boot.test.mock.mockito.MockitoContextCustomizer@f02ece12], contextLoader = 'org.springframework.test.context.support.DelegatingSmartContextLoader', parent = [null]]]
00:38:36.268 [Test worker] DEBUG org.springframework.test.context.cache - Spring test ApplicationContext cache statistics: [DefaultContextCache@6981f8f3 size = 1, maxSize = 32, parentContextCount = 0, hitCount = 106, missCount = 1]
00:38:36.268 [Test worker] DEBUG org.springframework.test.context.cache.DefaultCacheAwareContextLoaderDelegate - Retrieved ApplicationContext [246826139] from cache with key [[MergedContextConfiguration@3f1c5af9 testClass = InsurancePolicyImplTest, locations = '{}', classes = '{class com.waris.insurance.service.impl.InsurancePolicyImpl}', contextInitializerClasses = '[]', activeProfiles = '{}', propertySourceLocations = '{}', propertySourceProperties = '{}', contextCustomizers = set[org.springframework.boot.test.autoconfigure.actuate.metrics.MetricsExportContextCustomizerFactory$DisableMetricExportContextCustomizer@2cae1042, org.springframework.boot.test.autoconfigure.properties.PropertyMappingContextCustomizer@0, org.springframework.boot.test.autoconfigure.web.servlet.WebDriverContextCustomizerFactory$Customizer@14b030a0, org.springframework.boot.test.context.filter.ExcludeFilterContextCustomizer@56bca85b, org.springframework.boot.test.json.DuplicateJsonObjectContextCustomizerFactory$DuplicateJsonObjectContextCustomizer@22b53226, org.springframework.boot.test.mock.mockito.MockitoContextCustomizer@f02ece12], contextLoader = 'org.springframework.test.context.support.DelegatingSmartContextLoader', parent = [null]]]
00:38:36.268 [Test worker] DEBUG org.springframework.test.context.cache - Spring test ApplicationContext cache statistics: [DefaultContextCache@6981f8f3 size = 1, maxSize = 32, parentContextCount = 0, hitCount = 107, missCount = 1]
00:38:36.269 [Test worker] DEBUG org.springframework.test.context.support.AbstractDirtiesContextTestExecutionListener - After test method: context [DefaultTestContext@2b491fee testClass = InsurancePolicyImplTest, testInstance = com.waris.insurance.service.impl.InsurancePolicyImplTest@1d805aa1, testMethod = testUpdateInsuranceById@InsurancePolicyImplTest, testException = [null], mergedContextConfiguration = [MergedContextConfiguration@3f1c5af9 testClass = InsurancePolicyImplTest, locations = '{}', classes = '{class com.waris.insurance.service.impl.InsurancePolicyImpl}', contextInitializerClasses = '[]', activeProfiles = '{}', propertySourceLocations = '{}', propertySourceProperties = '{}', contextCustomizers = set[org.springframework.boot.test.autoconfigure.actuate.metrics.MetricsExportContextCustomizerFactory$DisableMetricExportContextCustomizer@2cae1042, org.springframework.boot.test.autoconfigure.properties.PropertyMappingContextCustomizer@0, org.springframework.boot.test.autoconfigure.web.servlet.WebDriverContextCustomizerFactory$Customizer@14b030a0, org.springframework.boot.test.context.filter.ExcludeFilterContextCustomizer@56bca85b, org.springframework.boot.test.json.DuplicateJsonObjectContextCustomizerFactory$DuplicateJsonObjectContextCustomizer@22b53226, org.springframework.boot.test.mock.mockito.MockitoContextCustomizer@f02ece12], contextLoader = 'org.springframework.test.context.support.DelegatingSmartContextLoader', parent = [null]], attributes = map['org.springframework.test.context.event.ApplicationEventsTestExecutionListener.recordApplicationEvents' -> false]], class annotated with @DirtiesContext [false] with mode [null], method annotated with @DirtiesContext [false] with mode [null].
00:38:36.270 [Test worker] DEBUG org.springframework.test.context.cache.DefaultCacheAwareContextLoaderDelegate - Retrieved ApplicationContext [246826139] from cache with key [[MergedContextConfiguration@3f1c5af9 testClass = InsurancePolicyImplTest, locations = '{}', classes = '{class com.waris.insurance.service.impl.InsurancePolicyImpl}', contextInitializerClasses = '[]', activeProfiles = '{}', propertySourceLocations = '{}', propertySourceProperties = '{}', contextCustomizers = set[org.springframework.boot.test.autoconfigure.actuate.metrics.MetricsExportContextCustomizerFactory$DisableMetricExportContextCustomizer@2cae1042, org.springframework.boot.test.autoconfigure.properties.PropertyMappingContextCustomizer@0, org.springframework.boot.test.autoconfigure.web.servlet.WebDriverContextCustomizerFactory$Customizer@14b030a0, org.springframework.boot.test.context.filter.ExcludeFilterContextCustomizer@56bca85b, org.springframework.boot.test.json.DuplicateJsonObjectContextCustomizerFactory$DuplicateJsonObjectContextCustomizer@22b53226, org.springframework.boot.test.mock.mockito.MockitoContextCustomizer@f02ece12], contextLoader = 'org.springframework.test.context.support.DelegatingSmartContextLoader', parent = [null]]]
00:38:36.270 [Test worker] DEBUG org.springframework.test.context.cache - Spring test ApplicationContext cache statistics: [DefaultContextCache@6981f8f3 size = 1, maxSize = 32, parentContextCount = 0, hitCount = 108, missCount = 1]
00:38:36.270 [Test worker] DEBUG org.springframework.test.context.support.DependencyInjectionTestExecutionListener - Performing dependency injection for test context [[DefaultTestContext@2b491fee testClass = InsurancePolicyImplTest, testInstance = com.waris.insurance.service.impl.InsurancePolicyImplTest@176f7f3b, testMethod = [null], testException = [null], mergedContextConfiguration = [MergedContextConfiguration@3f1c5af9 testClass = InsurancePolicyImplTest, locations = '{}', classes = '{class com.waris.insurance.service.impl.InsurancePolicyImpl}', contextInitializerClasses = '[]', activeProfiles = '{}', propertySourceLocations = '{}', propertySourceProperties = '{}', contextCustomizers = set[org.springframework.boot.test.autoconfigure.actuate.metrics.MetricsExportContextCustomizerFactory$DisableMetricExportContextCustomizer@2cae1042, org.springframework.boot.test.autoconfigure.properties.PropertyMappingContextCustomizer@0, org.springframework.boot.test.autoconfigure.web.servlet.WebDriverContextCustomizerFactory$Customizer@14b030a0, org.springframework.boot.test.context.filter.ExcludeFilterContextCustomizer@56bca85b, org.springframework.boot.test.json.DuplicateJsonObjectContextCustomizerFactory$DuplicateJsonObjectContextCustomizer@22b53226, org.springframework.boot.test.mock.mockito.MockitoContextCustomizer@f02ece12], contextLoader = 'org.springframework.test.context.support.DelegatingSmartContextLoader', parent = [null]], attributes = map['org.springframework.test.context.event.ApplicationEventsTestExecutionListener.recordApplicationEvents' -> false]]].
00:38:36.270 [Test worker] DEBUG org.springframework.test.context.cache.DefaultCacheAwareContextLoaderDelegate - Retrieved ApplicationContext [246826139] from cache with key [[MergedContextConfiguration@3f1c5af9 testClass = InsurancePolicyImplTest, locations = '{}', classes = '{class com.waris.insurance.service.impl.InsurancePolicyImpl}', contextInitializerClasses = '[]', activeProfiles = '{}', propertySourceLocations = '{}', propertySourceProperties = '{}', contextCustomizers = set[org.springframework.boot.test.autoconfigure.actuate.metrics.MetricsExportContextCustomizerFactory$DisableMetricExportContextCustomizer@2cae1042, org.springframework.boot.test.autoconfigure.properties.PropertyMappingContextCustomizer@0, org.springframework.boot.test.autoconfigure.web.servlet.WebDriverContextCustomizerFactory$Customizer@14b030a0, org.springframework.boot.test.context.filter.ExcludeFilterContextCustomizer@56bca85b, org.springframework.boot.test.json.DuplicateJsonObjectContextCustomizerFactory$DuplicateJsonObjectContextCustomizer@22b53226, org.springframework.boot.test.mock.mockito.MockitoContextCustomizer@f02ece12], contextLoader = 'org.springframework.test.context.support.DelegatingSmartContextLoader', parent = [null]]]
00:38:36.271 [Test worker] DEBUG org.springframework.test.context.cache - Spring test ApplicationContext cache statistics: [DefaultContextCache@6981f8f3 size = 1, maxSize = 32, parentContextCount = 0, hitCount = 109, missCount = 1]
00:38:36.271 [Test worker] DEBUG org.springframework.test.context.cache.DefaultCacheAwareContextLoaderDelegate - Retrieved ApplicationContext [246826139] from cache with key [[MergedContextConfiguration@3f1c5af9 testClass = InsurancePolicyImplTest, locations = '{}', classes = '{class com.waris.insurance.service.impl.InsurancePolicyImpl}', contextInitializerClasses = '[]', activeProfiles = '{}', propertySourceLocations = '{}', propertySourceProperties = '{}', contextCustomizers = set[org.springframework.boot.test.autoconfigure.actuate.metrics.MetricsExportContextCustomizerFactory$DisableMetricExportContextCustomizer@2cae1042, org.springframework.boot.test.autoconfigure.properties.PropertyMappingContextCustomizer@0, org.springframework.boot.test.autoconfigure.web.servlet.WebDriverContextCustomizerFactory$Customizer@14b030a0, org.springframework.boot.test.context.filter.ExcludeFilterContextCustomizer@56bca85b, org.springframework.boot.test.json.DuplicateJsonObjectContextCustomizerFactory$DuplicateJsonObjectContextCustomizer@22b53226, org.springframework.boot.test.mock.mockito.MockitoContextCustomizer@f02ece12], contextLoader = 'org.springframework.test.context.support.DelegatingSmartContextLoader', parent = [null]]]
00:38:36.271 [Test worker] DEBUG org.springframework.test.context.cache - Spring test ApplicationContext cache statistics: [DefaultContextCache@6981f8f3 size = 1, maxSize = 32, parentContextCount = 0, hitCount = 110, missCount = 1]
00:38:36.272 [Test worker] DEBUG org.springframework.test.context.support.AbstractDirtiesContextTestExecutionListener - Before test method: context [DefaultTestContext@2b491fee testClass = InsurancePolicyImplTest, testInstance = com.waris.insurance.service.impl.InsurancePolicyImplTest@176f7f3b, testMethod = testGetInsurancePolicyById@InsurancePolicyImplTest, testException = [null], mergedContextConfiguration = [MergedContextConfiguration@3f1c5af9 testClass = InsurancePolicyImplTest, locations = '{}', classes = '{class com.waris.insurance.service.impl.InsurancePolicyImpl}', contextInitializerClasses = '[]', activeProfiles = '{}', propertySourceLocations = '{}', propertySourceProperties = '{}', contextCustomizers = set[org.springframework.boot.test.autoconfigure.actuate.metrics.MetricsExportContextCustomizerFactory$DisableMetricExportContextCustomizer@2cae1042, org.springframework.boot.test.autoconfigure.properties.PropertyMappingContextCustomizer@0, org.springframework.boot.test.autoconfigure.web.servlet.WebDriverContextCustomizerFactory$Customizer@14b030a0, org.springframework.boot.test.context.filter.ExcludeFilterContextCustomizer@56bca85b, org.springframework.boot.test.json.DuplicateJsonObjectContextCustomizerFactory$DuplicateJsonObjectContextCustomizer@22b53226, org.springframework.boot.test.mock.mockito.MockitoContextCustomizer@f02ece12], contextLoader = 'org.springframework.test.context.support.DelegatingSmartContextLoader', parent = [null]], attributes = map['org.springframework.test.context.event.ApplicationEventsTestExecutionListener.recordApplicationEvents' -> false]], class annotated with @DirtiesContext [false] with mode [null], method annotated with @DirtiesContext [false] with mode [null].
00:38:36.273 [Test worker] DEBUG org.springframework.test.context.cache.DefaultCacheAwareContextLoaderDelegate - Retrieved ApplicationContext [246826139] from cache with key [[MergedContextConfiguration@3f1c5af9 testClass = InsurancePolicyImplTest, locations = '{}', classes = '{class com.waris.insurance.service.impl.InsurancePolicyImpl}', contextInitializerClasses = '[]', activeProfiles = '{}', propertySourceLocations = '{}', propertySourceProperties = '{}', contextCustomizers = set[org.springframework.boot.test.autoconfigure.actuate.metrics.MetricsExportContextCustomizerFactory$DisableMetricExportContextCustomizer@2cae1042, org.springframework.boot.test.autoconfigure.properties.PropertyMappingContextCustomizer@0, org.springframework.boot.test.autoconfigure.web.servlet.WebDriverContextCustomizerFactory$Customizer@14b030a0, org.springframework.boot.test.context.filter.ExcludeFilterContextCustomizer@56bca85b, org.springframework.boot.test.json.DuplicateJsonObjectContextCustomizerFactory$DuplicateJsonObjectContextCustomizer@22b53226, org.springframework.boot.test.mock.mockito.MockitoContextCustomizer@f02ece12], contextLoader = 'org.springframework.test.context.support.DelegatingSmartContextLoader', parent = [null]]]
00:38:36.273 [Test worker] DEBUG org.springframework.test.context.cache - Spring test ApplicationContext cache statistics: [DefaultContextCache@6981f8f3 size = 1, maxSize = 32, parentContextCount = 0, hitCount = 111, missCount = 1]
00:38:36.273 [Test worker] DEBUG org.springframework.test.context.cache.DefaultCacheAwareContextLoaderDelegate - Retrieved ApplicationContext [246826139] from cache with key [[MergedContextConfiguration@3f1c5af9 testClass = InsurancePolicyImplTest, locations = '{}', classes = '{class com.waris.insurance.service.impl.InsurancePolicyImpl}', contextInitializerClasses = '[]', activeProfiles = '{}', propertySourceLocations = '{}', propertySourceProperties = '{}', contextCustomizers = set[org.springframework.boot.test.autoconfigure.actuate.metrics.MetricsExportContextCustomizerFactory$DisableMetricExportContextCustomizer@2cae1042, org.springframework.boot.test.autoconfigure.properties.PropertyMappingContextCustomizer@0, org.springframework.boot.test.autoconfigure.web.servlet.WebDriverContextCustomizerFactory$Customizer@14b030a0, org.springframework.boot.test.context.filter.ExcludeFilterContextCustomizer@56bca85b, org.springframework.boot.test.json.DuplicateJsonObjectContextCustomizerFactory$DuplicateJsonObjectContextCustomizer@22b53226, org.springframework.boot.test.mock.mockito.MockitoContextCustomizer@f02ece12], contextLoader = 'org.springframework.test.context.support.DelegatingSmartContextLoader', parent = [null]]]
00:38:36.273 [Test worker] DEBUG org.springframework.test.context.cache - Spring test ApplicationContext cache statistics: [DefaultContextCache@6981f8f3 size = 1, maxSize = 32, parentContextCount = 0, hitCount = 112, missCount = 1]
00:38:36.273 [Test worker] DEBUG org.springframework.test.context.cache.DefaultCacheAwareContextLoaderDelegate - Retrieved ApplicationContext [246826139] from cache with key [[MergedContextConfiguration@3f1c5af9 testClass = InsurancePolicyImplTest, locations = '{}', classes = '{class com.waris.insurance.service.impl.InsurancePolicyImpl}', contextInitializerClasses = '[]', activeProfiles = '{}', propertySourceLocations = '{}', propertySourceProperties = '{}', contextCustomizers = set[org.springframework.boot.test.autoconfigure.actuate.metrics.MetricsExportContextCustomizerFactory$DisableMetricExportContextCustomizer@2cae1042, org.springframework.boot.test.autoconfigure.properties.PropertyMappingContextCustomizer@0, org.springframework.boot.test.autoconfigure.web.servlet.WebDriverContextCustomizerFactory$Customizer@14b030a0, org.springframework.boot.test.context.filter.ExcludeFilterContextCustomizer@56bca85b, org.springframework.boot.test.json.DuplicateJsonObjectContextCustomizerFactory$DuplicateJsonObjectContextCustomizer@22b53226, org.springframework.boot.test.mock.mockito.MockitoContextCustomizer@f02ece12], contextLoader = 'org.springframework.test.context.support.DelegatingSmartContextLoader', parent = [null]]]
00:38:36.274 [Test worker] DEBUG org.springframework.test.context.cache - Spring test ApplicationContext cache statistics: [DefaultContextCache@6981f8f3 size = 1, maxSize = 32, parentContextCount = 0, hitCount = 113, missCount = 1]
00:38:36.275 [Test worker] INFO com.waris.insurance.service.impl.InsurancePolicyImpl - Insurance Policy Fetched By id:42
00:38:36.277 [Test worker] DEBUG org.springframework.test.context.cache.DefaultCacheAwareContextLoaderDelegate - Retrieved ApplicationContext [246826139] from cache with key [[MergedContextConfiguration@3f1c5af9 testClass = InsurancePolicyImplTest, locations = '{}', classes = '{class com.waris.insurance.service.impl.InsurancePolicyImpl}', contextInitializerClasses = '[]', activeProfiles = '{}', propertySourceLocations = '{}', propertySourceProperties = '{}', contextCustomizers = set[org.springframework.boot.test.autoconfigure.actuate.metrics.MetricsExportContextCustomizerFactory$DisableMetricExportContextCustomizer@2cae1042, org.springframework.boot.test.autoconfigure.properties.PropertyMappingContextCustomizer@0, org.springframework.boot.test.autoconfigure.web.servlet.WebDriverContextCustomizerFactory$Customizer@14b030a0, org.springframework.boot.test.context.filter.ExcludeFilterContextCustomizer@56bca85b, org.springframework.boot.test.json.DuplicateJsonObjectContextCustomizerFactory$DuplicateJsonObjectContextCustomizer@22b53226, org.springframework.boot.test.mock.mockito.MockitoContextCustomizer@f02ece12], contextLoader = 'org.springframework.test.context.support.DelegatingSmartContextLoader', parent = [null]]]
00:38:36.277 [Test worker] DEBUG org.springframework.test.context.cache - Spring test ApplicationContext cache statistics: [DefaultContextCache@6981f8f3 size = 1, maxSize = 32, parentContextCount = 0, hitCount = 114, missCount = 1]
00:38:36.277 [Test worker] DEBUG org.springframework.test.context.cache.DefaultCacheAwareContextLoaderDelegate - Retrieved ApplicationContext [246826139] from cache with key [[MergedContextConfiguration@3f1c5af9 testClass = InsurancePolicyImplTest, locations = '{}', classes = '{class com.waris.insurance.service.impl.InsurancePolicyImpl}', contextInitializerClasses = '[]', activeProfiles = '{}', propertySourceLocations = '{}', propertySourceProperties = '{}', contextCustomizers = set[org.springframework.boot.test.autoconfigure.actuate.metrics.MetricsExportContextCustomizerFactory$DisableMetricExportContextCustomizer@2cae1042, org.springframework.boot.test.autoconfigure.properties.PropertyMappingContextCustomizer@0, org.springframework.boot.test.autoconfigure.web.servlet.WebDriverContextCustomizerFactory$Customizer@14b030a0, org.springframework.boot.test.context.filter.ExcludeFilterContextCustomizer@56bca85b, org.springframework.boot.test.json.DuplicateJsonObjectContextCustomizerFactory$DuplicateJsonObjectContextCustomizer@22b53226, org.springframework.boot.test.mock.mockito.MockitoContextCustomizer@f02ece12], contextLoader = 'org.springframework.test.context.support.DelegatingSmartContextLoader', parent = [null]]]
00:38:36.277 [Test worker] DEBUG org.springframework.test.context.cache - Spring test ApplicationContext cache statistics: [DefaultContextCache@6981f8f3 size = 1, maxSize = 32, parentContextCount = 0, hitCount = 115, missCount = 1]
00:38:36.278 [Test worker] DEBUG org.springframework.test.context.cache.DefaultCacheAwareContextLoaderDelegate - Retrieved ApplicationContext [246826139] from cache with key [[MergedContextConfiguration@3f1c5af9 testClass = InsurancePolicyImplTest, locations = '{}', classes = '{class com.waris.insurance.service.impl.InsurancePolicyImpl}', contextInitializerClasses = '[]', activeProfiles = '{}', propertySourceLocations = '{}', propertySourceProperties = '{}', contextCustomizers = set[org.springframework.boot.test.autoconfigure.actuate.metrics.MetricsExportContextCustomizerFactory$DisableMetricExportContextCustomizer@2cae1042, org.springframework.boot.test.autoconfigure.properties.PropertyMappingContextCustomizer@0, org.springframework.boot.test.autoconfigure.web.servlet.WebDriverContextCustomizerFactory$Customizer@14b030a0, org.springframework.boot.test.context.filter.ExcludeFilterContextCustomizer@56bca85b, org.springframework.boot.test.json.DuplicateJsonObjectContextCustomizerFactory$DuplicateJsonObjectContextCustomizer@22b53226, org.springframework.boot.test.mock.mockito.MockitoContextCustomizer@f02ece12], contextLoader = 'org.springframework.test.context.support.DelegatingSmartContextLoader', parent = [null]]]
00:38:36.278 [Test worker] DEBUG org.springframework.test.context.cache - Spring test ApplicationContext cache statistics: [DefaultContextCache@6981f8f3 size = 1, maxSize = 32, parentContextCount = 0, hitCount = 116, missCount = 1]
00:38:36.278 [Test worker] DEBUG org.springframework.test.context.cache.DefaultCacheAwareContextLoaderDelegate - Retrieved ApplicationContext [246826139] from cache with key [[MergedContextConfiguration@3f1c5af9 testClass = InsurancePolicyImplTest, locations = '{}', classes = '{class com.waris.insurance.service.impl.InsurancePolicyImpl}', contextInitializerClasses = '[]', activeProfiles = '{}', propertySourceLocations = '{}', propertySourceProperties = '{}', contextCustomizers = set[org.springframework.boot.test.autoconfigure.actuate.metrics.MetricsExportContextCustomizerFactory$DisableMetricExportContextCustomizer@2cae1042, org.springframework.boot.test.autoconfigure.properties.PropertyMappingContextCustomizer@0, org.springframework.boot.test.autoconfigure.web.servlet.WebDriverContextCustomizerFactory$Customizer@14b030a0, org.springframework.boot.test.context.filter.ExcludeFilterContextCustomizer@56bca85b, org.springframework.boot.test.json.DuplicateJsonObjectContextCustomizerFactory$DuplicateJsonObjectContextCustomizer@22b53226, org.springframework.boot.test.mock.mockito.MockitoContextCustomizer@f02ece12], contextLoader = 'org.springframework.test.context.support.DelegatingSmartContextLoader', parent = [null]]]
00:38:36.278 [Test worker] DEBUG org.springframework.test.context.cache - Spring test ApplicationContext cache statistics: [DefaultContextCache@6981f8f3 size = 1, maxSize = 32, parentContextCount = 0, hitCount = 117, missCount = 1]
00:38:36.278 [Test worker] DEBUG org.springframework.test.context.cache.DefaultCacheAwareContextLoaderDelegate - Retrieved ApplicationContext [246826139] from cache with key [[MergedContextConfiguration@3f1c5af9 testClass = InsurancePolicyImplTest, locations = '{}', classes = '{class com.waris.insurance.service.impl.InsurancePolicyImpl}', contextInitializerClasses = '[]', activeProfiles = '{}', propertySourceLocations = '{}', propertySourceProperties = '{}', contextCustomizers = set[org.springframework.boot.test.autoconfigure.actuate.metrics.MetricsExportContextCustomizerFactory$DisableMetricExportContextCustomizer@2cae1042, org.springframework.boot.test.autoconfigure.properties.PropertyMappingContextCustomizer@0, org.springframework.boot.test.autoconfigure.web.servlet.WebDriverContextCustomizerFactory$Customizer@14b030a0, org.springframework.boot.test.context.filter.ExcludeFilterContextCustomizer@56bca85b, org.springframework.boot.test.json.DuplicateJsonObjectContextCustomizerFactory$DuplicateJsonObjectContextCustomizer@22b53226, org.springframework.boot.test.mock.mockito.MockitoContextCustomizer@f02ece12], contextLoader = 'org.springframework.test.context.support.DelegatingSmartContextLoader', parent = [null]]]
00:38:36.279 [Test worker] DEBUG org.springframework.test.context.cache - Spring test ApplicationContext cache statistics: [DefaultContextCache@6981f8f3 size = 1, maxSize = 32, parentContextCount = 0, hitCount = 118, missCount = 1]
00:38:36.279 [Test worker] DEBUG org.springframework.test.context.cache.DefaultCacheAwareContextLoaderDelegate - Retrieved ApplicationContext [246826139] from cache with key [[MergedContextConfiguration@3f1c5af9 testClass = InsurancePolicyImplTest, locations = '{}', classes = '{class com.waris.insurance.service.impl.InsurancePolicyImpl}', contextInitializerClasses = '[]', activeProfiles = '{}', propertySourceLocations = '{}', propertySourceProperties = '{}', contextCustomizers = set[org.springframework.boot.test.autoconfigure.actuate.metrics.MetricsExportContextCustomizerFactory$DisableMetricExportContextCustomizer@2cae1042, org.springframework.boot.test.autoconfigure.properties.PropertyMappingContextCustomizer@0, org.springframework.boot.test.autoconfigure.web.servlet.WebDriverContextCustomizerFactory$Customizer@14b030a0, org.springframework.boot.test.context.filter.ExcludeFilterContextCustomizer@56bca85b, org.springframework.boot.test.json.DuplicateJsonObjectContextCustomizerFactory$DuplicateJsonObjectContextCustomizer@22b53226, org.springframework.boot.test.mock.mockito.MockitoContextCustomizer@f02ece12], contextLoader = 'org.springframework.test.context.support.DelegatingSmartContextLoader', parent = [null]]]
00:38:36.279 [Test worker] DEBUG org.springframework.test.context.cache - Spring test ApplicationContext cache statistics: [DefaultContextCache@6981f8f3 size = 1, maxSize = 32, parentContextCount = 0, hitCount = 119, missCount = 1]
00:38:36.280 [Test worker] DEBUG org.springframework.test.context.support.AbstractDirtiesContextTestExecutionListener - After test method: context [DefaultTestContext@2b491fee testClass = InsurancePolicyImplTest, testInstance = com.waris.insurance.service.impl.InsurancePolicyImplTest@176f7f3b, testMethod = testGetInsurancePolicyById@InsurancePolicyImplTest, testException = [null], mergedContextConfiguration = [MergedContextConfiguration@3f1c5af9 testClass = InsurancePolicyImplTest, locations = '{}', classes = '{class com.waris.insurance.service.impl.InsurancePolicyImpl}', contextInitializerClasses = '[]', activeProfiles = '{}', propertySourceLocations = '{}', propertySourceProperties = '{}', contextCustomizers = set[org.springframework.boot.test.autoconfigure.actuate.metrics.MetricsExportContextCustomizerFactory$DisableMetricExportContextCustomizer@2cae1042, org.springframework.boot.test.autoconfigure.properties.PropertyMappingContextCustomizer@0, org.springframework.boot.test.autoconfigure.web.servlet.WebDriverContextCustomizerFactory$Customizer@14b030a0, org.springframework.boot.test.context.filter.ExcludeFilterContextCustomizer@56bca85b, org.springframework.boot.test.json.DuplicateJsonObjectContextCustomizerFactory$DuplicateJsonObjectContextCustomizer@22b53226, org.springframework.boot.test.mock.mockito.MockitoContextCustomizer@f02ece12], contextLoader = 'org.springframework.test.context.support.DelegatingSmartContextLoader', parent = [null]], attributes = map['org.springframework.test.context.event.ApplicationEventsTestExecutionListener.recordApplicationEvents' -> false]], class annotated with @DirtiesContext [false] with mode [null], method annotated with @DirtiesContext [false] with mode [null].
00:38:36.280 [Test worker] DEBUG org.springframework.test.context.cache.DefaultCacheAwareContextLoaderDelegate - Retrieved ApplicationContext [246826139] from cache with key [[MergedContextConfiguration@3f1c5af9 testClass = InsurancePolicyImplTest, locations = '{}', classes = '{class com.waris.insurance.service.impl.InsurancePolicyImpl}', contextInitializerClasses = '[]', activeProfiles = '{}', propertySourceLocations = '{}', propertySourceProperties = '{}', contextCustomizers = set[org.springframework.boot.test.autoconfigure.actuate.metrics.MetricsExportContextCustomizerFactory$DisableMetricExportContextCustomizer@2cae1042, org.springframework.boot.test.autoconfigure.properties.PropertyMappingContextCustomizer@0, org.springframework.boot.test.autoconfigure.web.servlet.WebDriverContextCustomizerFactory$Customizer@14b030a0, org.springframework.boot.test.context.filter.ExcludeFilterContextCustomizer@56bca85b, org.springframework.boot.test.json.DuplicateJsonObjectContextCustomizerFactory$DuplicateJsonObjectContextCustomizer@22b53226, org.springframework.boot.test.mock.mockito.MockitoContextCustomizer@f02ece12], contextLoader = 'org.springframework.test.context.support.DelegatingSmartContextLoader', parent = [null]]]
00:38:36.280 [Test worker] DEBUG org.springframework.test.context.cache - Spring test ApplicationContext cache statistics: [DefaultContextCache@6981f8f3 size = 1, maxSize = 32, parentContextCount = 0, hitCount = 120, missCount = 1]
00:38:36.280 [Test worker] DEBUG org.springframework.test.context.support.DependencyInjectionTestExecutionListener - Performing dependency injection for test context [[DefaultTestContext@2b491fee testClass = InsurancePolicyImplTest, testInstance = com.waris.insurance.service.impl.InsurancePolicyImplTest@2bc426f0, testMethod = [null], testException = [null], mergedContextConfiguration = [MergedContextConfiguration@3f1c5af9 testClass = InsurancePolicyImplTest, locations = '{}', classes = '{class com.waris.insurance.service.impl.InsurancePolicyImpl}', contextInitializerClasses = '[]', activeProfiles = '{}', propertySourceLocations = '{}', propertySourceProperties = '{}', contextCustomizers = set[org.springframework.boot.test.autoconfigure.actuate.metrics.MetricsExportContextCustomizerFactory$DisableMetricExportContextCustomizer@2cae1042, org.springframework.boot.test.autoconfigure.properties.PropertyMappingContextCustomizer@0, org.springframework.boot.test.autoconfigure.web.servlet.WebDriverContextCustomizerFactory$Customizer@14b030a0, org.springframework.boot.test.context.filter.ExcludeFilterContextCustomizer@56bca85b, org.springframework.boot.test.json.DuplicateJsonObjectContextCustomizerFactory$DuplicateJsonObjectContextCustomizer@22b53226, org.springframework.boot.test.mock.mockito.MockitoContextCustomizer@f02ece12], contextLoader = 'org.springframework.test.context.support.DelegatingSmartContextLoader', parent = [null]], attributes = map['org.springframework.test.context.event.ApplicationEventsTestExecutionListener.recordApplicationEvents' -> false]]].
00:38:36.281 [Test worker] DEBUG org.springframework.test.context.cache.DefaultCacheAwareContextLoaderDelegate - Retrieved ApplicationContext [246826139] from cache with key [[MergedContextConfiguration@3f1c5af9 testClass = InsurancePolicyImplTest, locations = '{}', classes = '{class com.waris.insurance.service.impl.InsurancePolicyImpl}', contextInitializerClasses = '[]', activeProfiles = '{}', propertySourceLocations = '{}', propertySourceProperties = '{}', contextCustomizers = set[org.springframework.boot.test.autoconfigure.actuate.metrics.MetricsExportContextCustomizerFactory$DisableMetricExportContextCustomizer@2cae1042, org.springframework.boot.test.autoconfigure.properties.PropertyMappingContextCustomizer@0, org.springframework.boot.test.autoconfigure.web.servlet.WebDriverContextCustomizerFactory$Customizer@14b030a0, org.springframework.boot.test.context.filter.ExcludeFilterContextCustomizer@56bca85b, org.springframework.boot.test.json.DuplicateJsonObjectContextCustomizerFactory$DuplicateJsonObjectContextCustomizer@22b53226, org.springframework.boot.test.mock.mockito.MockitoContextCustomizer@f02ece12], contextLoader = 'org.springframework.test.context.support.DelegatingSmartContextLoader', parent = [null]]]
00:38:36.281 [Test worker] DEBUG org.springframework.test.context.cache - Spring test ApplicationContext cache statistics: [DefaultContextCache@6981f8f3 size = 1, maxSize = 32, parentContextCount = 0, hitCount = 121, missCount = 1]
00:38:36.281 [Test worker] DEBUG org.springframework.test.context.cache.DefaultCacheAwareContextLoaderDelegate - Retrieved ApplicationContext [246826139] from cache with key [[MergedContextConfiguration@3f1c5af9 testClass = InsurancePolicyImplTest, locations = '{}', classes = '{class com.waris.insurance.service.impl.InsurancePolicyImpl}', contextInitializerClasses = '[]', activeProfiles = '{}', propertySourceLocations = '{}', propertySourceProperties = '{}', contextCustomizers = set[org.springframework.boot.test.autoconfigure.actuate.metrics.MetricsExportContextCustomizerFactory$DisableMetricExportContextCustomizer@2cae1042, org.springframework.boot.test.autoconfigure.properties.PropertyMappingContextCustomizer@0, org.springframework.boot.test.autoconfigure.web.servlet.WebDriverContextCustomizerFactory$Customizer@14b030a0, org.springframework.boot.test.context.filter.ExcludeFilterContextCustomizer@56bca85b, org.springframework.boot.test.json.DuplicateJsonObjectContextCustomizerFactory$DuplicateJsonObjectContextCustomizer@22b53226, org.springframework.boot.test.mock.mockito.MockitoContextCustomizer@f02ece12], contextLoader = 'org.springframework.test.context.support.DelegatingSmartContextLoader', parent = [null]]]
00:38:36.281 [Test worker] DEBUG org.springframework.test.context.cache - Spring test ApplicationContext cache statistics: [DefaultContextCache@6981f8f3 size = 1, maxSize = 32, parentContextCount = 0, hitCount = 122, missCount = 1]
00:38:36.282 [Test worker] DEBUG org.springframework.test.context.support.AbstractDirtiesContextTestExecutionListener - Before test method: context [DefaultTestContext@2b491fee testClass = InsurancePolicyImplTest, testInstance = com.waris.insurance.service.impl.InsurancePolicyImplTest@2bc426f0, testMethod = testSaveInsurancePolicy@InsurancePolicyImplTest, testException = [null], mergedContextConfiguration = [MergedContextConfiguration@3f1c5af9 testClass = InsurancePolicyImplTest, locations = '{}', classes = '{class com.waris.insurance.service.impl.InsurancePolicyImpl}', contextInitializerClasses = '[]', activeProfiles = '{}', propertySourceLocations = '{}', propertySourceProperties = '{}', contextCustomizers = set[org.springframework.boot.test.autoconfigure.actuate.metrics.MetricsExportContextCustomizerFactory$DisableMetricExportContextCustomizer@2cae1042, org.springframework.boot.test.autoconfigure.properties.PropertyMappingContextCustomizer@0, org.springframework.boot.test.autoconfigure.web.servlet.WebDriverContextCustomizerFactory$Customizer@14b030a0, org.springframework.boot.test.context.filter.ExcludeFilterContextCustomizer@56bca85b, org.springframework.boot.test.json.DuplicateJsonObjectContextCustomizerFactory$DuplicateJsonObjectContextCustomizer@22b53226, org.springframework.boot.test.mock.mockito.MockitoContextCustomizer@f02ece12], contextLoader = 'org.springframework.test.context.support.DelegatingSmartContextLoader', parent = [null]], attributes = map['org.springframework.test.context.event.ApplicationEventsTestExecutionListener.recordApplicationEvents' -> false]], class annotated with @DirtiesContext [false] with mode [null], method annotated with @DirtiesContext [false] with mode [null].
00:38:36.282 [Test worker] DEBUG org.springframework.test.context.cache.DefaultCacheAwareContextLoaderDelegate - Retrieved ApplicationContext [246826139] from cache with key [[MergedContextConfiguration@3f1c5af9 testClass = InsurancePolicyImplTest, locations = '{}', classes = '{class com.waris.insurance.service.impl.InsurancePolicyImpl}', contextInitializerClasses = '[]', activeProfiles = '{}', propertySourceLocations = '{}', propertySourceProperties = '{}', contextCustomizers = set[org.springframework.boot.test.autoconfigure.actuate.metrics.MetricsExportContextCustomizerFactory$DisableMetricExportContextCustomizer@2cae1042, org.springframework.boot.test.autoconfigure.properties.PropertyMappingContextCustomizer@0, org.springframework.boot.test.autoconfigure.web.servlet.WebDriverContextCustomizerFactory$Customizer@14b030a0, org.springframework.boot.test.context.filter.ExcludeFilterContextCustomizer@56bca85b, org.springframework.boot.test.json.DuplicateJsonObjectContextCustomizerFactory$DuplicateJsonObjectContextCustomizer@22b53226, org.springframework.boot.test.mock.mockito.MockitoContextCustomizer@f02ece12], contextLoader = 'org.springframework.test.context.support.DelegatingSmartContextLoader', parent = [null]]]
00:38:36.282 [Test worker] DEBUG org.springframework.test.context.cache - Spring test ApplicationContext cache statistics: [DefaultContextCache@6981f8f3 size = 1, maxSize = 32, parentContextCount = 0, hitCount = 123, missCount = 1]
00:38:36.283 [Test worker] DEBUG org.springframework.test.context.cache.DefaultCacheAwareContextLoaderDelegate - Retrieved ApplicationContext [246826139] from cache with key [[MergedContextConfiguration@3f1c5af9 testClass = InsurancePolicyImplTest, locations = '{}', classes = '{class com.waris.insurance.service.impl.InsurancePolicyImpl}', contextInitializerClasses = '[]', activeProfiles = '{}', propertySourceLocations = '{}', propertySourceProperties = '{}', contextCustomizers = set[org.springframework.boot.test.autoconfigure.actuate.metrics.MetricsExportContextCustomizerFactory$DisableMetricExportContextCustomizer@2cae1042, org.springframework.boot.test.autoconfigure.properties.PropertyMappingContextCustomizer@0, org.springframework.boot.test.autoconfigure.web.servlet.WebDriverContextCustomizerFactory$Customizer@14b030a0, org.springframework.boot.test.context.filter.ExcludeFilterContextCustomizer@56bca85b, org.springframework.boot.test.json.DuplicateJsonObjectContextCustomizerFactory$DuplicateJsonObjectContextCustomizer@22b53226, org.springframework.boot.test.mock.mockito.MockitoContextCustomizer@f02ece12], contextLoader = 'org.springframework.test.context.support.DelegatingSmartContextLoader', parent = [null]]]
00:38:36.283 [Test worker] DEBUG org.springframework.test.context.cache - Spring test ApplicationContext cache statistics: [DefaultContextCache@6981f8f3 size = 1, maxSize = 32, parentContextCount = 0, hitCount = 124, missCount = 1]
00:38:36.283 [Test worker] DEBUG org.springframework.test.context.cache.DefaultCacheAwareContextLoaderDelegate - Retrieved ApplicationContext [246826139] from cache with key [[MergedContextConfiguration@3f1c5af9 testClass = InsurancePolicyImplTest, locations = '{}', classes = '{class com.waris.insurance.service.impl.InsurancePolicyImpl}', contextInitializerClasses = '[]', activeProfiles = '{}', propertySourceLocations = '{}', propertySourceProperties = '{}', contextCustomizers = set[org.springframework.boot.test.autoconfigure.actuate.metrics.MetricsExportContextCustomizerFactory$DisableMetricExportContextCustomizer@2cae1042, org.springframework.boot.test.autoconfigure.properties.PropertyMappingContextCustomizer@0, org.springframework.boot.test.autoconfigure.web.servlet.WebDriverContextCustomizerFactory$Customizer@14b030a0, org.springframework.boot.test.context.filter.ExcludeFilterContextCustomizer@56bca85b, org.springframework.boot.test.json.DuplicateJsonObjectContextCustomizerFactory$DuplicateJsonObjectContextCustomizer@22b53226, org.springframework.boot.test.mock.mockito.MockitoContextCustomizer@f02ece12], contextLoader = 'org.springframework.test.context.support.DelegatingSmartContextLoader', parent = [null]]]
00:38:36.283 [Test worker] DEBUG org.springframework.test.context.cache - Spring test ApplicationContext cache statistics: [DefaultContextCache@6981f8f3 size = 1, maxSize = 32, parentContextCount = 0, hitCount = 125, missCount = 1]
00:38:36.284 [Test worker] INFO com.waris.insurance.service.impl.InsurancePolicyImpl - Adding Insurance Policy
00:38:36.284 [Test worker] DEBUG org.springframework.test.context.cache.DefaultCacheAwareContextLoaderDelegate - Retrieved ApplicationContext [246826139] from cache with key [[MergedContextConfiguration@3f1c5af9 testClass = InsurancePolicyImplTest, locations = '{}', classes = '{class com.waris.insurance.service.impl.InsurancePolicyImpl}', contextInitializerClasses = '[]', activeProfiles = '{}', propertySourceLocations = '{}', propertySourceProperties = '{}', contextCustomizers = set[org.springframework.boot.test.autoconfigure.actuate.metrics.MetricsExportContextCustomizerFactory$DisableMetricExportContextCustomizer@2cae1042, org.springframework.boot.test.autoconfigure.properties.PropertyMappingContextCustomizer@0, org.springframework.boot.test.autoconfigure.web.servlet.WebDriverContextCustomizerFactory$Customizer@14b030a0, org.springframework.boot.test.context.filter.ExcludeFilterContextCustomizer@56bca85b, org.springframework.boot.test.json.DuplicateJsonObjectContextCustomizerFactory$DuplicateJsonObjectContextCustomizer@22b53226, org.springframework.boot.test.mock.mockito.MockitoContextCustomizer@f02ece12], contextLoader = 'org.springframework.test.context.support.DelegatingSmartContextLoader', parent = [null]]]
00:38:36.284 [Test worker] DEBUG org.springframework.test.context.cache - Spring test ApplicationContext cache statistics: [DefaultContextCache@6981f8f3 size = 1, maxSize = 32, parentContextCount = 0, hitCount = 126, missCount = 1]
00:38:36.284 [Test worker] DEBUG org.springframework.test.context.cache.DefaultCacheAwareContextLoaderDelegate - Retrieved ApplicationContext [246826139] from cache with key [[MergedContextConfiguration@3f1c5af9 testClass = InsurancePolicyImplTest, locations = '{}', classes = '{class com.waris.insurance.service.impl.InsurancePolicyImpl}', contextInitializerClasses = '[]', activeProfiles = '{}', propertySourceLocations = '{}', propertySourceProperties = '{}', contextCustomizers = set[org.springframework.boot.test.autoconfigure.actuate.metrics.MetricsExportContextCustomizerFactory$DisableMetricExportContextCustomizer@2cae1042, org.springframework.boot.test.autoconfigure.properties.PropertyMappingContextCustomizer@0, org.springframework.boot.test.autoconfigure.web.servlet.WebDriverContextCustomizerFactory$Customizer@14b030a0, org.springframework.boot.test.context.filter.ExcludeFilterContextCustomizer@56bca85b, org.springframework.boot.test.json.DuplicateJsonObjectContextCustomizerFactory$DuplicateJsonObjectContextCustomizer@22b53226, org.springframework.boot.test.mock.mockito.MockitoContextCustomizer@f02ece12], contextLoader = 'org.springframework.test.context.support.DelegatingSmartContextLoader', parent = [null]]]
00:38:36.284 [Test worker] DEBUG org.springframework.test.context.cache - Spring test ApplicationContext cache statistics: [DefaultContextCache@6981f8f3 size = 1, maxSize = 32, parentContextCount = 0, hitCount = 127, missCount = 1]
00:38:36.285 [Test worker] DEBUG org.springframework.test.context.cache.DefaultCacheAwareContextLoaderDelegate - Retrieved ApplicationContext [246826139] from cache with key [[MergedContextConfiguration@3f1c5af9 testClass = InsurancePolicyImplTest, locations = '{}', classes = '{class com.waris.insurance.service.impl.InsurancePolicyImpl}', contextInitializerClasses = '[]', activeProfiles = '{}', propertySourceLocations = '{}', propertySourceProperties = '{}', contextCustomizers = set[org.springframework.boot.test.autoconfigure.actuate.metrics.MetricsExportContextCustomizerFactory$DisableMetricExportContextCustomizer@2cae1042, org.springframework.boot.test.autoconfigure.properties.PropertyMappingContextCustomizer@0, org.springframework.boot.test.autoconfigure.web.servlet.WebDriverContextCustomizerFactory$Customizer@14b030a0, org.springframework.boot.test.context.filter.ExcludeFilterContextCustomizer@56bca85b, org.springframework.boot.test.json.DuplicateJsonObjectContextCustomizerFactory$DuplicateJsonObjectContextCustomizer@22b53226, org.springframework.boot.test.mock.mockito.MockitoContextCustomizer@f02ece12], contextLoader = 'org.springframework.test.context.support.DelegatingSmartContextLoader', parent = [null]]]
00:38:36.285 [Test worker] DEBUG org.springframework.test.context.cache - Spring test ApplicationContext cache statistics: [DefaultContextCache@6981f8f3 size = 1, maxSize = 32, parentContextCount = 0, hitCount = 128, missCount = 1]
00:38:36.286 [Test worker] DEBUG org.springframework.test.context.cache.DefaultCacheAwareContextLoaderDelegate - Retrieved ApplicationContext [246826139] from cache with key [[MergedContextConfiguration@3f1c5af9 testClass = InsurancePolicyImplTest, locations = '{}', classes = '{class com.waris.insurance.service.impl.InsurancePolicyImpl}', contextInitializerClasses = '[]', activeProfiles = '{}', propertySourceLocations = '{}', propertySourceProperties = '{}', contextCustomizers = set[org.springframework.boot.test.autoconfigure.actuate.metrics.MetricsExportContextCustomizerFactory$DisableMetricExportContextCustomizer@2cae1042, org.springframework.boot.test.autoconfigure.properties.PropertyMappingContextCustomizer@0, org.springframework.boot.test.autoconfigure.web.servlet.WebDriverContextCustomizerFactory$Customizer@14b030a0, org.springframework.boot.test.context.filter.ExcludeFilterContextCustomizer@56bca85b, org.springframework.boot.test.json.DuplicateJsonObjectContextCustomizerFactory$DuplicateJsonObjectContextCustomizer@22b53226, org.springframework.boot.test.mock.mockito.MockitoContextCustomizer@f02ece12], contextLoader = 'org.springframework.test.context.support.DelegatingSmartContextLoader', parent = [null]]]
00:38:36.286 [Test worker] DEBUG org.springframework.test.context.cache - Spring test ApplicationContext cache statistics: [DefaultContextCache@6981f8f3 size = 1, maxSize = 32, parentContextCount = 0, hitCount = 129, missCount = 1]
00:38:36.286 [Test worker] DEBUG org.springframework.test.context.cache.DefaultCacheAwareContextLoaderDelegate - Retrieved ApplicationContext [246826139] from cache with key [[MergedContextConfiguration@3f1c5af9 testClass = InsurancePolicyImplTest, locations = '{}', classes = '{class com.waris.insurance.service.impl.InsurancePolicyImpl}', contextInitializerClasses = '[]', activeProfiles = '{}', propertySourceLocations = '{}', propertySourceProperties = '{}', contextCustomizers = set[org.springframework.boot.test.autoconfigure.actuate.metrics.MetricsExportContextCustomizerFactory$DisableMetricExportContextCustomizer@2cae1042, org.springframework.boot.test.autoconfigure.properties.PropertyMappingContextCustomizer@0, org.springframework.boot.test.autoconfigure.web.servlet.WebDriverContextCustomizerFactory$Customizer@14b030a0, org.springframework.boot.test.context.filter.ExcludeFilterContextCustomizer@56bca85b, org.springframework.boot.test.json.DuplicateJsonObjectContextCustomizerFactory$DuplicateJsonObjectContextCustomizer@22b53226, org.springframework.boot.test.mock.mockito.MockitoContextCustomizer@f02ece12], contextLoader = 'org.springframework.test.context.support.DelegatingSmartContextLoader', parent = [null]]]
00:38:36.286 [Test worker] DEBUG org.springframework.test.context.cache - Spring test ApplicationContext cache statistics: [DefaultContextCache@6981f8f3 size = 1, maxSize = 32, parentContextCount = 0, hitCount = 130, missCount = 1]
00:38:36.286 [Test worker] DEBUG org.springframework.test.context.cache.DefaultCacheAwareContextLoaderDelegate - Retrieved ApplicationContext [246826139] from cache with key [[MergedContextConfiguration@3f1c5af9 testClass = InsurancePolicyImplTest, locations = '{}', classes = '{class com.waris.insurance.service.impl.InsurancePolicyImpl}', contextInitializerClasses = '[]', activeProfiles = '{}', propertySourceLocations = '{}', propertySourceProperties = '{}', contextCustomizers = set[org.springframework.boot.test.autoconfigure.actuate.metrics.MetricsExportContextCustomizerFactory$DisableMetricExportContextCustomizer@2cae1042, org.springframework.boot.test.autoconfigure.properties.PropertyMappingContextCustomizer@0, org.springframework.boot.test.autoconfigure.web.servlet.WebDriverContextCustomizerFactory$Customizer@14b030a0, org.springframework.boot.test.context.filter.ExcludeFilterContextCustomizer@56bca85b, org.springframework.boot.test.json.DuplicateJsonObjectContextCustomizerFactory$DuplicateJsonObjectContextCustomizer@22b53226, org.springframework.boot.test.mock.mockito.MockitoContextCustomizer@f02ece12], contextLoader = 'org.springframework.test.context.support.DelegatingSmartContextLoader', parent = [null]]]
00:38:36.286 [Test worker] DEBUG org.springframework.test.context.cache - Spring test ApplicationContext cache statistics: [DefaultContextCache@6981f8f3 size = 1, maxSize = 32, parentContextCount = 0, hitCount = 131, missCount = 1]
00:38:36.287 [Test worker] DEBUG org.springframework.test.context.support.AbstractDirtiesContextTestExecutionListener - After test method: context [DefaultTestContext@2b491fee testClass = InsurancePolicyImplTest, testInstance = com.waris.insurance.service.impl.InsurancePolicyImplTest@2bc426f0, testMethod = testSaveInsurancePolicy@InsurancePolicyImplTest, testException = [null], mergedContextConfiguration = [MergedContextConfiguration@3f1c5af9 testClass = InsurancePolicyImplTest, locations = '{}', classes = '{class com.waris.insurance.service.impl.InsurancePolicyImpl}', contextInitializerClasses = '[]', activeProfiles = '{}', propertySourceLocations = '{}', propertySourceProperties = '{}', contextCustomizers = set[org.springframework.boot.test.autoconfigure.actuate.metrics.MetricsExportContextCustomizerFactory$DisableMetricExportContextCustomizer@2cae1042, org.springframework.boot.test.autoconfigure.properties.PropertyMappingContextCustomizer@0, org.springframework.boot.test.autoconfigure.web.servlet.WebDriverContextCustomizerFactory$Customizer@14b030a0, org.springframework.boot.test.context.filter.ExcludeFilterContextCustomizer@56bca85b, org.springframework.boot.test.json.DuplicateJsonObjectContextCustomizerFactory$DuplicateJsonObjectContextCustomizer@22b53226, org.springframework.boot.test.mock.mockito.MockitoContextCustomizer@f02ece12], contextLoader = 'org.springframework.test.context.support.DelegatingSmartContextLoader', parent = [null]], attributes = map['org.springframework.test.context.event.ApplicationEventsTestExecutionListener.recordApplicationEvents' -> false]], class annotated with @DirtiesContext [false] with mode [null], method annotated with @DirtiesContext [false] with mode [null].
00:38:36.287 [Test worker] DEBUG org.springframework.test.context.cache.DefaultCacheAwareContextLoaderDelegate - Retrieved ApplicationContext [246826139] from cache with key [[MergedContextConfiguration@3f1c5af9 testClass = InsurancePolicyImplTest, locations = '{}', classes = '{class com.waris.insurance.service.impl.InsurancePolicyImpl}', contextInitializerClasses = '[]', activeProfiles = '{}', propertySourceLocations = '{}', propertySourceProperties = '{}', contextCustomizers = set[org.springframework.boot.test.autoconfigure.actuate.metrics.MetricsExportContextCustomizerFactory$DisableMetricExportContextCustomizer@2cae1042, org.springframework.boot.test.autoconfigure.properties.PropertyMappingContextCustomizer@0, org.springframework.boot.test.autoconfigure.web.servlet.WebDriverContextCustomizerFactory$Customizer@14b030a0, org.springframework.boot.test.context.filter.ExcludeFilterContextCustomizer@56bca85b, org.springframework.boot.test.json.DuplicateJsonObjectContextCustomizerFactory$DuplicateJsonObjectContextCustomizer@22b53226, org.springframework.boot.test.mock.mockito.MockitoContextCustomizer@f02ece12], contextLoader = 'org.springframework.test.context.support.DelegatingSmartContextLoader', parent = [null]]]
00:38:36.288 [Test worker] DEBUG org.springframework.test.context.cache - Spring test ApplicationContext cache statistics: [DefaultContextCache@6981f8f3 size = 1, maxSize = 32, parentContextCount = 0, hitCount = 132, missCount = 1]
00:38:36.288 [Test worker] DEBUG org.springframework.test.context.support.DependencyInjectionTestExecutionListener - Performing dependency injection for test context [[DefaultTestContext@2b491fee testClass = InsurancePolicyImplTest, testInstance = com.waris.insurance.service.impl.InsurancePolicyImplTest@33425811, testMethod = [null], testException = [null], mergedContextConfiguration = [MergedContextConfiguration@3f1c5af9 testClass = InsurancePolicyImplTest, locations = '{}', classes = '{class com.waris.insurance.service.impl.InsurancePolicyImpl}', contextInitializerClasses = '[]', activeProfiles = '{}', propertySourceLocations = '{}', propertySourceProperties = '{}', contextCustomizers = set[org.springframework.boot.test.autoconfigure.actuate.metrics.MetricsExportContextCustomizerFactory$DisableMetricExportContextCustomizer@2cae1042, org.springframework.boot.test.autoconfigure.properties.PropertyMappingContextCustomizer@0, org.springframework.boot.test.autoconfigure.web.servlet.WebDriverContextCustomizerFactory$Customizer@14b030a0, org.springframework.boot.test.context.filter.ExcludeFilterContextCustomizer@56bca85b, org.springframework.boot.test.json.DuplicateJsonObjectContextCustomizerFactory$DuplicateJsonObjectContextCustomizer@22b53226, org.springframework.boot.test.mock.mockito.MockitoContextCustomizer@f02ece12], contextLoader = 'org.springframework.test.context.support.DelegatingSmartContextLoader', parent = [null]], attributes = map['org.springframework.test.context.event.ApplicationEventsTestExecutionListener.recordApplicationEvents' -> false]]].
00:38:36.288 [Test worker] DEBUG org.springframework.test.context.cache.DefaultCacheAwareContextLoaderDelegate - Retrieved ApplicationContext [246826139] from cache with key [[MergedContextConfiguration@3f1c5af9 testClass = InsurancePolicyImplTest, locations = '{}', classes = '{class com.waris.insurance.service.impl.InsurancePolicyImpl}', contextInitializerClasses = '[]', activeProfiles = '{}', propertySourceLocations = '{}', propertySourceProperties = '{}', contextCustomizers = set[org.springframework.boot.test.autoconfigure.actuate.metrics.MetricsExportContextCustomizerFactory$DisableMetricExportContextCustomizer@2cae1042, org.springframework.boot.test.autoconfigure.properties.PropertyMappingContextCustomizer@0, org.springframework.boot.test.autoconfigure.web.servlet.WebDriverContextCustomizerFactory$Customizer@14b030a0, org.springframework.boot.test.context.filter.ExcludeFilterContextCustomizer@56bca85b, org.springframework.boot.test.json.DuplicateJsonObjectContextCustomizerFactory$DuplicateJsonObjectContextCustomizer@22b53226, org.springframework.boot.test.mock.mockito.MockitoContextCustomizer@f02ece12], contextLoader = 'org.springframework.test.context.support.DelegatingSmartContextLoader', parent = [null]]]
00:38:36.288 [Test worker] DEBUG org.springframework.test.context.cache - Spring test ApplicationContext cache statistics: [DefaultContextCache@6981f8f3 size = 1, maxSize = 32, parentContextCount = 0, hitCount = 133, missCount = 1]
00:38:36.288 [Test worker] DEBUG org.springframework.test.context.cache.DefaultCacheAwareContextLoaderDelegate - Retrieved ApplicationContext [246826139] from cache with key [[MergedContextConfiguration@3f1c5af9 testClass = InsurancePolicyImplTest, locations = '{}', classes = '{class com.waris.insurance.service.impl.InsurancePolicyImpl}', contextInitializerClasses = '[]', activeProfiles = '{}', propertySourceLocations = '{}', propertySourceProperties = '{}', contextCustomizers = set[org.springframework.boot.test.autoconfigure.actuate.metrics.MetricsExportContextCustomizerFactory$DisableMetricExportContextCustomizer@2cae1042, org.springframework.boot.test.autoconfigure.properties.PropertyMappingContextCustomizer@0, org.springframework.boot.test.autoconfigure.web.servlet.WebDriverContextCustomizerFactory$Customizer@14b030a0, org.springframework.boot.test.context.filter.ExcludeFilterContextCustomizer@56bca85b, org.springframework.boot.test.json.DuplicateJsonObjectContextCustomizerFactory$DuplicateJsonObjectContextCustomizer@22b53226, org.springframework.boot.test.mock.mockito.MockitoContextCustomizer@f02ece12], contextLoader = 'org.springframework.test.context.support.DelegatingSmartContextLoader', parent = [null]]]
00:38:36.288 [Test worker] DEBUG org.springframework.test.context.cache - Spring test ApplicationContext cache statistics: [DefaultContextCache@6981f8f3 size = 1, maxSize = 32, parentContextCount = 0, hitCount = 134, missCount = 1]
00:38:36.289 [Test worker] DEBUG org.springframework.test.context.support.AbstractDirtiesContextTestExecutionListener - Before test method: context [DefaultTestContext@2b491fee testClass = InsurancePolicyImplTest, testInstance = com.waris.insurance.service.impl.InsurancePolicyImplTest@33425811, testMethod = testGetInsurancePolicy@InsurancePolicyImplTest, testException = [null], mergedContextConfiguration = [MergedContextConfiguration@3f1c5af9 testClass = InsurancePolicyImplTest, locations = '{}', classes = '{class com.waris.insurance.service.impl.InsurancePolicyImpl}', contextInitializerClasses = '[]', activeProfiles = '{}', propertySourceLocations = '{}', propertySourceProperties = '{}', contextCustomizers = set[org.springframework.boot.test.autoconfigure.actuate.metrics.MetricsExportContextCustomizerFactory$DisableMetricExportContextCustomizer@2cae1042, org.springframework.boot.test.autoconfigure.properties.PropertyMappingContextCustomizer@0, org.springframework.boot.test.autoconfigure.web.servlet.WebDriverContextCustomizerFactory$Customizer@14b030a0, org.springframework.boot.test.context.filter.ExcludeFilterContextCustomizer@56bca85b, org.springframework.boot.test.json.DuplicateJsonObjectContextCustomizerFactory$DuplicateJsonObjectContextCustomizer@22b53226, org.springframework.boot.test.mock.mockito.MockitoContextCustomizer@f02ece12], contextLoader = 'org.springframework.test.context.support.DelegatingSmartContextLoader', parent = [null]], attributes = map['org.springframework.test.context.event.ApplicationEventsTestExecutionListener.recordApplicationEvents' -> false]], class annotated with @DirtiesContext [false] with mode [null], method annotated with @DirtiesContext [false] with mode [null].
00:38:36.289 [Test worker] DEBUG org.springframework.test.context.cache.DefaultCacheAwareContextLoaderDelegate - Retrieved ApplicationContext [246826139] from cache with key [[MergedContextConfiguration@3f1c5af9 testClass = InsurancePolicyImplTest, locations = '{}', classes = '{class com.waris.insurance.service.impl.InsurancePolicyImpl}', contextInitializerClasses = '[]', activeProfiles = '{}', propertySourceLocations = '{}', propertySourceProperties = '{}', contextCustomizers = set[org.springframework.boot.test.autoconfigure.actuate.metrics.MetricsExportContextCustomizerFactory$DisableMetricExportContextCustomizer@2cae1042, org.springframework.boot.test.autoconfigure.properties.PropertyMappingContextCustomizer@0, org.springframework.boot.test.autoconfigure.web.servlet.WebDriverContextCustomizerFactory$Customizer@14b030a0, org.springframework.boot.test.context.filter.ExcludeFilterContextCustomizer@56bca85b, org.springframework.boot.test.json.DuplicateJsonObjectContextCustomizerFactory$DuplicateJsonObjectContextCustomizer@22b53226, org.springframework.boot.test.mock.mockito.MockitoContextCustomizer@f02ece12], contextLoader = 'org.springframework.test.context.support.DelegatingSmartContextLoader', parent = [null]]]
00:38:36.289 [Test worker] DEBUG org.springframework.test.context.cache - Spring test ApplicationContext cache statistics: [DefaultContextCache@6981f8f3 size = 1, maxSize = 32, parentContextCount = 0, hitCount = 135, missCount = 1]
00:38:36.290 [Test worker] DEBUG org.springframework.test.context.cache.DefaultCacheAwareContextLoaderDelegate - Retrieved ApplicationContext [246826139] from cache with key [[MergedContextConfiguration@3f1c5af9 testClass = InsurancePolicyImplTest, locations = '{}', classes = '{class com.waris.insurance.service.impl.InsurancePolicyImpl}', contextInitializerClasses = '[]', activeProfiles = '{}', propertySourceLocations = '{}', propertySourceProperties = '{}', contextCustomizers = set[org.springframework.boot.test.autoconfigure.actuate.metrics.MetricsExportContextCustomizerFactory$DisableMetricExportContextCustomizer@2cae1042, org.springframework.boot.test.autoconfigure.properties.PropertyMappingContextCustomizer@0, org.springframework.boot.test.autoconfigure.web.servlet.WebDriverContextCustomizerFactory$Customizer@14b030a0, org.springframework.boot.test.context.filter.ExcludeFilterContextCustomizer@56bca85b, org.springframework.boot.test.json.DuplicateJsonObjectContextCustomizerFactory$DuplicateJsonObjectContextCustomizer@22b53226, org.springframework.boot.test.mock.mockito.MockitoContextCustomizer@f02ece12], contextLoader = 'org.springframework.test.context.support.DelegatingSmartContextLoader', parent = [null]]]
00:38:36.290 [Test worker] DEBUG org.springframework.test.context.cache - Spring test ApplicationContext cache statistics: [DefaultContextCache@6981f8f3 size = 1, maxSize = 32, parentContextCount = 0, hitCount = 136, missCount = 1]
00:38:36.290 [Test worker] DEBUG org.springframework.test.context.cache.DefaultCacheAwareContextLoaderDelegate - Retrieved ApplicationContext [246826139] from cache with key [[MergedContextConfiguration@3f1c5af9 testClass = InsurancePolicyImplTest, locations = '{}', classes = '{class com.waris.insurance.service.impl.InsurancePolicyImpl}', contextInitializerClasses = '[]', activeProfiles = '{}', propertySourceLocations = '{}', propertySourceProperties = '{}', contextCustomizers = set[org.springframework.boot.test.autoconfigure.actuate.metrics.MetricsExportContextCustomizerFactory$DisableMetricExportContextCustomizer@2cae1042, org.springframework.boot.test.autoconfigure.properties.PropertyMappingContextCustomizer@0, org.springframework.boot.test.autoconfigure.web.servlet.WebDriverContextCustomizerFactory$Customizer@14b030a0, org.springframework.boot.test.context.filter.ExcludeFilterContextCustomizer@56bca85b, org.springframework.boot.test.json.DuplicateJsonObjectContextCustomizerFactory$DuplicateJsonObjectContextCustomizer@22b53226, org.springframework.boot.test.mock.mockito.MockitoContextCustomizer@f02ece12], contextLoader = 'org.springframework.test.context.support.DelegatingSmartContextLoader', parent = [null]]]
00:38:36.290 [Test worker] DEBUG org.springframework.test.context.cache - Spring test ApplicationContext cache statistics: [DefaultContextCache@6981f8f3 size = 1, maxSize = 32, parentContextCount = 0, hitCount = 137, missCount = 1]
00:38:36.291 [Test worker] INFO com.waris.insurance.service.impl.InsurancePolicyImpl - Getting Policy
00:38:36.292 [Test worker] DEBUG org.springframework.test.context.cache.DefaultCacheAwareContextLoaderDelegate - Retrieved ApplicationContext [246826139] from cache with key [[MergedContextConfiguration@3f1c5af9 testClass = InsurancePolicyImplTest, locations = '{}', classes = '{class com.waris.insurance.service.impl.InsurancePolicyImpl}', contextInitializerClasses = '[]', activeProfiles = '{}', propertySourceLocations = '{}', propertySourceProperties = '{}', contextCustomizers = set[org.springframework.boot.test.autoconfigure.actuate.metrics.MetricsExportContextCustomizerFactory$DisableMetricExportContextCustomizer@2cae1042, org.springframework.boot.test.autoconfigure.properties.PropertyMappingContextCustomizer@0, org.springframework.boot.test.autoconfigure.web.servlet.WebDriverContextCustomizerFactory$Customizer@14b030a0, org.springframework.boot.test.context.filter.ExcludeFilterContextCustomizer@56bca85b, org.springframework.boot.test.json.DuplicateJsonObjectContextCustomizerFactory$DuplicateJsonObjectContextCustomizer@22b53226, org.springframework.boot.test.mock.mockito.MockitoContextCustomizer@f02ece12], contextLoader = 'org.springframework.test.context.support.DelegatingSmartContextLoader', parent = [null]]]
00:38:36.292 [Test worker] DEBUG org.springframework.test.context.cache - Spring test ApplicationContext cache statistics: [DefaultContextCache@6981f8f3 size = 1, maxSize = 32, parentContextCount = 0, hitCount = 138, missCount = 1]
00:38:36.292 [Test worker] DEBUG org.springframework.test.context.cache.DefaultCacheAwareContextLoaderDelegate - Retrieved ApplicationContext [246826139] from cache with key [[MergedContextConfiguration@3f1c5af9 testClass = InsurancePolicyImplTest, locations = '{}', classes = '{class com.waris.insurance.service.impl.InsurancePolicyImpl}', contextInitializerClasses = '[]', activeProfiles = '{}', propertySourceLocations = '{}', propertySourceProperties = '{}', contextCustomizers = set[org.springframework.boot.test.autoconfigure.actuate.metrics.MetricsExportContextCustomizerFactory$DisableMetricExportContextCustomizer@2cae1042, org.springframework.boot.test.autoconfigure.properties.PropertyMappingContextCustomizer@0, org.springframework.boot.test.autoconfigure.web.servlet.WebDriverContextCustomizerFactory$Customizer@14b030a0, org.springframework.boot.test.context.filter.ExcludeFilterContextCustomizer@56bca85b, org.springframework.boot.test.json.DuplicateJsonObjectContextCustomizerFactory$DuplicateJsonObjectContextCustomizer@22b53226, org.springframework.boot.test.mock.mockito.MockitoContextCustomizer@f02ece12], contextLoader = 'org.springframework.test.context.support.DelegatingSmartContextLoader', parent = [null]]]
00:38:36.292 [Test worker] DEBUG org.springframework.test.context.cache - Spring test ApplicationContext cache statistics: [DefaultContextCache@6981f8f3 size = 1, maxSize = 32, parentContextCount = 0, hitCount = 139, missCount = 1]
00:38:36.293 [Test worker] DEBUG org.springframework.test.context.cache.DefaultCacheAwareContextLoaderDelegate - Retrieved ApplicationContext [246826139] from cache with key [[MergedContextConfiguration@3f1c5af9 testClass = InsurancePolicyImplTest, locations = '{}', classes = '{class com.waris.insurance.service.impl.InsurancePolicyImpl}', contextInitializerClasses = '[]', activeProfiles = '{}', propertySourceLocations = '{}', propertySourceProperties = '{}', contextCustomizers = set[org.springframework.boot.test.autoconfigure.actuate.metrics.MetricsExportContextCustomizerFactory$DisableMetricExportContextCustomizer@2cae1042, org.springframework.boot.test.autoconfigure.properties.PropertyMappingContextCustomizer@0, org.springframework.boot.test.autoconfigure.web.servlet.WebDriverContextCustomizerFactory$Customizer@14b030a0, org.springframework.boot.test.context.filter.ExcludeFilterContextCustomizer@56bca85b, org.springframework.boot.test.json.DuplicateJsonObjectContextCustomizerFactory$DuplicateJsonObjectContextCustomizer@22b53226, org.springframework.boot.test.mock.mockito.MockitoContextCustomizer@f02ece12], contextLoader = 'org.springframework.test.context.support.DelegatingSmartContextLoader', parent = [null]]]
00:38:36.293 [Test worker] DEBUG org.springframework.test.context.cache - Spring test ApplicationContext cache statistics: [DefaultContextCache@6981f8f3 size = 1, maxSize = 32, parentContextCount = 0, hitCount = 140, missCount = 1]
00:38:36.293 [Test worker] DEBUG org.springframework.test.context.cache.DefaultCacheAwareContextLoaderDelegate - Retrieved ApplicationContext [246826139] from cache with key [[MergedContextConfiguration@3f1c5af9 testClass = InsurancePolicyImplTest, locations = '{}', classes = '{class com.waris.insurance.service.impl.InsurancePolicyImpl}', contextInitializerClasses = '[]', activeProfiles = '{}', propertySourceLocations = '{}', propertySourceProperties = '{}', contextCustomizers = set[org.springframework.boot.test.autoconfigure.actuate.metrics.MetricsExportContextCustomizerFactory$DisableMetricExportContextCustomizer@2cae1042, org.springframework.boot.test.autoconfigure.properties.PropertyMappingContextCustomizer@0, org.springframework.boot.test.autoconfigure.web.servlet.WebDriverContextCustomizerFactory$Customizer@14b030a0, org.springframework.boot.test.context.filter.ExcludeFilterContextCustomizer@56bca85b, org.springframework.boot.test.json.DuplicateJsonObjectContextCustomizerFactory$DuplicateJsonObjectContextCustomizer@22b53226, org.springframework.boot.test.mock.mockito.MockitoContextCustomizer@f02ece12], contextLoader = 'org.springframework.test.context.support.DelegatingSmartContextLoader', parent = [null]]]
00:38:36.293 [Test worker] DEBUG org.springframework.test.context.cache - Spring test ApplicationContext cache statistics: [DefaultContextCache@6981f8f3 size = 1, maxSize = 32, parentContextCount = 0, hitCount = 141, missCount = 1]
00:38:36.294 [Test worker] DEBUG org.springframework.test.context.cache.DefaultCacheAwareContextLoaderDelegate - Retrieved ApplicationContext [246826139] from cache with key [[MergedContextConfiguration@3f1c5af9 testClass = InsurancePolicyImplTest, locations = '{}', classes = '{class com.waris.insurance.service.impl.InsurancePolicyImpl}', contextInitializerClasses = '[]', activeProfiles = '{}', propertySourceLocations = '{}', propertySourceProperties = '{}', contextCustomizers = set[org.springframework.boot.test.autoconfigure.actuate.metrics.MetricsExportContextCustomizerFactory$DisableMetricExportContextCustomizer@2cae1042, org.springframework.boot.test.autoconfigure.properties.PropertyMappingContextCustomizer@0, org.springframework.boot.test.autoconfigure.web.servlet.WebDriverContextCustomizerFactory$Customizer@14b030a0, org.springframework.boot.test.context.filter.ExcludeFilterContextCustomizer@56bca85b, org.springframework.boot.test.json.DuplicateJsonObjectContextCustomizerFactory$DuplicateJsonObjectContextCustomizer@22b53226, org.springframework.boot.test.mock.mockito.MockitoContextCustomizer@f02ece12], contextLoader = 'org.springframework.test.context.support.DelegatingSmartContextLoader', parent = [null]]]
00:38:36.294 [Test worker] DEBUG org.springframework.test.context.cache - Spring test ApplicationContext cache statistics: [DefaultContextCache@6981f8f3 size = 1, maxSize = 32, parentContextCount = 0, hitCount = 142, missCount = 1]
00:38:36.294 [Test worker] DEBUG org.springframework.test.context.cache.DefaultCacheAwareContextLoaderDelegate - Retrieved ApplicationContext [246826139] from cache with key [[MergedContextConfiguration@3f1c5af9 testClass = InsurancePolicyImplTest, locations = '{}', classes = '{class com.waris.insurance.service.impl.InsurancePolicyImpl}', contextInitializerClasses = '[]', activeProfiles = '{}', propertySourceLocations = '{}', propertySourceProperties = '{}', contextCustomizers = set[org.springframework.boot.test.autoconfigure.actuate.metrics.MetricsExportContextCustomizerFactory$DisableMetricExportContextCustomizer@2cae1042, org.springframework.boot.test.autoconfigure.properties.PropertyMappingContextCustomizer@0, org.springframework.boot.test.autoconfigure.web.servlet.WebDriverContextCustomizerFactory$Customizer@14b030a0, org.springframework.boot.test.context.filter.ExcludeFilterContextCustomizer@56bca85b, org.springframework.boot.test.json.DuplicateJsonObjectContextCustomizerFactory$DuplicateJsonObjectContextCustomizer@22b53226, org.springframework.boot.test.mock.mockito.MockitoContextCustomizer@f02ece12], contextLoader = 'org.springframework.test.context.support.DelegatingSmartContextLoader', parent = [null]]]
00:38:36.294 [Test worker] DEBUG org.springframework.test.context.cache - Spring test ApplicationContext cache statistics: [DefaultContextCache@6981f8f3 size = 1, maxSize = 32, parentContextCount = 0, hitCount = 143, missCount = 1]
00:38:36.294 [Test worker] DEBUG org.springframework.test.context.support.AbstractDirtiesContextTestExecutionListener - After test method: context [DefaultTestContext@2b491fee testClass = InsurancePolicyImplTest, testInstance = com.waris.insurance.service.impl.InsurancePolicyImplTest@33425811, testMethod = testGetInsurancePolicy@InsurancePolicyImplTest, testException = [null], mergedContextConfiguration = [MergedContextConfiguration@3f1c5af9 testClass = InsurancePolicyImplTest, locations = '{}', classes = '{class com.waris.insurance.service.impl.InsurancePolicyImpl}', contextInitializerClasses = '[]', activeProfiles = '{}', propertySourceLocations = '{}', propertySourceProperties = '{}', contextCustomizers = set[org.springframework.boot.test.autoconfigure.actuate.metrics.MetricsExportContextCustomizerFactory$DisableMetricExportContextCustomizer@2cae1042, org.springframework.boot.test.autoconfigure.properties.PropertyMappingContextCustomizer@0, org.springframework.boot.test.autoconfigure.web.servlet.WebDriverContextCustomizerFactory$Customizer@14b030a0, org.springframework.boot.test.context.filter.ExcludeFilterContextCustomizer@56bca85b, org.springframework.boot.test.json.DuplicateJsonObjectContextCustomizerFactory$DuplicateJsonObjectContextCustomizer@22b53226, org.springframework.boot.test.mock.mockito.MockitoContextCustomizer@f02ece12], contextLoader = 'org.springframework.test.context.support.DelegatingSmartContextLoader', parent = [null]], attributes = map['org.springframework.test.context.event.ApplicationEventsTestExecutionListener.recordApplicationEvents' -> false]], class annotated with @DirtiesContext [false] with mode [null], method annotated with @DirtiesContext [false] with mode [null].
00:38:36.295 [Test worker] DEBUG org.springframework.test.context.cache.DefaultCacheAwareContextLoaderDelegate - Retrieved ApplicationContext [246826139] from cache with key [[MergedContextConfiguration@3f1c5af9 testClass = InsurancePolicyImplTest, locations = '{}', classes = '{class com.waris.insurance.service.impl.InsurancePolicyImpl}', contextInitializerClasses = '[]', activeProfiles = '{}', propertySourceLocations = '{}', propertySourceProperties = '{}', contextCustomizers = set[org.springframework.boot.test.autoconfigure.actuate.metrics.MetricsExportContextCustomizerFactory$DisableMetricExportContextCustomizer@2cae1042, org.springframework.boot.test.autoconfigure.properties.PropertyMappingContextCustomizer@0, org.springframework.boot.test.autoconfigure.web.servlet.WebDriverContextCustomizerFactory$Customizer@14b030a0, org.springframework.boot.test.context.filter.ExcludeFilterContextCustomizer@56bca85b, org.springframework.boot.test.json.DuplicateJsonObjectContextCustomizerFactory$DuplicateJsonObjectContextCustomizer@22b53226, org.springframework.boot.test.mock.mockito.MockitoContextCustomizer@f02ece12], contextLoader = 'org.springframework.test.context.support.DelegatingSmartContextLoader', parent = [null]]]
00:38:36.296 [Test worker] DEBUG org.springframework.test.context.cache - Spring test ApplicationContext cache statistics: [DefaultContextCache@6981f8f3 size = 1, maxSize = 32, parentContextCount = 0, hitCount = 144, missCount = 1]
00:38:36.297 [Test worker] DEBUG org.springframework.test.context.support.DependencyInjectionTestExecutionListener - Performing dependency injection for test context [[DefaultTestContext@2b491fee testClass = InsurancePolicyImplTest, testInstance = com.waris.insurance.service.impl.InsurancePolicyImplTest@6d11ceef, testMethod = [null], testException = [null], mergedContextConfiguration = [MergedContextConfiguration@3f1c5af9 testClass = InsurancePolicyImplTest, locations = '{}', classes = '{class com.waris.insurance.service.impl.InsurancePolicyImpl}', contextInitializerClasses = '[]', activeProfiles = '{}', propertySourceLocations = '{}', propertySourceProperties = '{}', contextCustomizers = set[org.springframework.boot.test.autoconfigure.actuate.metrics.MetricsExportContextCustomizerFactory$DisableMetricExportContextCustomizer@2cae1042, org.springframework.boot.test.autoconfigure.properties.PropertyMappingContextCustomizer@0, org.springframework.boot.test.autoconfigure.web.servlet.WebDriverContextCustomizerFactory$Customizer@14b030a0, org.springframework.boot.test.context.filter.ExcludeFilterContextCustomizer@56bca85b, org.springframework.boot.test.json.DuplicateJsonObjectContextCustomizerFactory$DuplicateJsonObjectContextCustomizer@22b53226, org.springframework.boot.test.mock.mockito.MockitoContextCustomizer@f02ece12], contextLoader = 'org.springframework.test.context.support.DelegatingSmartContextLoader', parent = [null]], attributes = map['org.springframework.test.context.event.ApplicationEventsTestExecutionListener.recordApplicationEvents' -> false]]].
00:38:36.297 [Test worker] DEBUG org.springframework.test.context.cache.DefaultCacheAwareContextLoaderDelegate - Retrieved ApplicationContext [246826139] from cache with key [[MergedContextConfiguration@3f1c5af9 testClass = InsurancePolicyImplTest, locations = '{}', classes = '{class com.waris.insurance.service.impl.InsurancePolicyImpl}', contextInitializerClasses = '[]', activeProfiles = '{}', propertySourceLocations = '{}', propertySourceProperties = '{}', contextCustomizers = set[org.springframework.boot.test.autoconfigure.actuate.metrics.MetricsExportContextCustomizerFactory$DisableMetricExportContextCustomizer@2cae1042, org.springframework.boot.test.autoconfigure.properties.PropertyMappingContextCustomizer@0, org.springframework.boot.test.autoconfigure.web.servlet.WebDriverContextCustomizerFactory$Customizer@14b030a0, org.springframework.boot.test.context.filter.ExcludeFilterContextCustomizer@56bca85b, org.springframework.boot.test.json.DuplicateJsonObjectContextCustomizerFactory$DuplicateJsonObjectContextCustomizer@22b53226, org.springframework.boot.test.mock.mockito.MockitoContextCustomizer@f02ece12], contextLoader = 'org.springframework.test.context.support.DelegatingSmartContextLoader', parent = [null]]]
00:38:36.297 [Test worker] DEBUG org.springframework.test.context.cache - Spring test ApplicationContext cache statistics: [DefaultContextCache@6981f8f3 size = 1, maxSize = 32, parentContextCount = 0, hitCount = 145, missCount = 1]
00:38:36.297 [Test worker] DEBUG org.springframework.test.context.cache.DefaultCacheAwareContextLoaderDelegate - Retrieved ApplicationContext [246826139] from cache with key [[MergedContextConfiguration@3f1c5af9 testClass = InsurancePolicyImplTest, locations = '{}', classes = '{class com.waris.insurance.service.impl.InsurancePolicyImpl}', contextInitializerClasses = '[]', activeProfiles = '{}', propertySourceLocations = '{}', propertySourceProperties = '{}', contextCustomizers = set[org.springframework.boot.test.autoconfigure.actuate.metrics.MetricsExportContextCustomizerFactory$DisableMetricExportContextCustomizer@2cae1042, org.springframework.boot.test.autoconfigure.properties.PropertyMappingContextCustomizer@0, org.springframework.boot.test.autoconfigure.web.servlet.WebDriverContextCustomizerFactory$Customizer@14b030a0, org.springframework.boot.test.context.filter.ExcludeFilterContextCustomizer@56bca85b, org.springframework.boot.test.json.DuplicateJsonObjectContextCustomizerFactory$DuplicateJsonObjectContextCustomizer@22b53226, org.springframework.boot.test.mock.mockito.MockitoContextCustomizer@f02ece12], contextLoader = 'org.springframework.test.context.support.DelegatingSmartContextLoader', parent = [null]]]
00:38:36.297 [Test worker] DEBUG org.springframework.test.context.cache - Spring test ApplicationContext cache statistics: [DefaultContextCache@6981f8f3 size = 1, maxSize = 32, parentContextCount = 0, hitCount = 146, missCount = 1]
00:38:36.299 [Test worker] DEBUG org.springframework.test.context.support.AbstractDirtiesContextTestExecutionListener - Before test method: context [DefaultTestContext@2b491fee testClass = InsurancePolicyImplTest, testInstance = com.waris.insurance.service.impl.InsurancePolicyImplTest@6d11ceef, testMethod = testGetInsurancePolicy2@InsurancePolicyImplTest, testException = [null], mergedContextConfiguration = [MergedContextConfiguration@3f1c5af9 testClass = InsurancePolicyImplTest, locations = '{}', classes = '{class com.waris.insurance.service.impl.InsurancePolicyImpl}', contextInitializerClasses = '[]', activeProfiles = '{}', propertySourceLocations = '{}', propertySourceProperties = '{}', contextCustomizers = set[org.springframework.boot.test.autoconfigure.actuate.metrics.MetricsExportContextCustomizerFactory$DisableMetricExportContextCustomizer@2cae1042, org.springframework.boot.test.autoconfigure.properties.PropertyMappingContextCustomizer@0, org.springframework.boot.test.autoconfigure.web.servlet.WebDriverContextCustomizerFactory$Customizer@14b030a0, org.springframework.boot.test.context.filter.ExcludeFilterContextCustomizer@56bca85b, org.springframework.boot.test.json.DuplicateJsonObjectContextCustomizerFactory$DuplicateJsonObjectContextCustomizer@22b53226, org.springframework.boot.test.mock.mockito.MockitoContextCustomizer@f02ece12], contextLoader = 'org.springframework.test.context.support.DelegatingSmartContextLoader', parent = [null]], attributes = map['org.springframework.test.context.event.ApplicationEventsTestExecutionListener.recordApplicationEvents' -> false]], class annotated with @DirtiesContext [false] with mode [null], method annotated with @DirtiesContext [false] with mode [null].
00:38:36.299 [Test worker] DEBUG org.springframework.test.context.cache.DefaultCacheAwareContextLoaderDelegate - Retrieved ApplicationContext [246826139] from cache with key [[MergedContextConfiguration@3f1c5af9 testClass = InsurancePolicyImplTest, locations = '{}', classes = '{class com.waris.insurance.service.impl.InsurancePolicyImpl}', contextInitializerClasses = '[]', activeProfiles = '{}', propertySourceLocations = '{}', propertySourceProperties = '{}', contextCustomizers = set[org.springframework.boot.test.autoconfigure.actuate.metrics.MetricsExportContextCustomizerFactory$DisableMetricExportContextCustomizer@2cae1042, org.springframework.boot.test.autoconfigure.properties.PropertyMappingContextCustomizer@0, org.springframework.boot.test.autoconfigure.web.servlet.WebDriverContextCustomizerFactory$Customizer@14b030a0, org.springframework.boot.test.context.filter.ExcludeFilterContextCustomizer@56bca85b, org.springframework.boot.test.json.DuplicateJsonObjectContextCustomizerFactory$DuplicateJsonObjectContextCustomizer@22b53226, org.springframework.boot.test.mock.mockito.MockitoContextCustomizer@f02ece12], contextLoader = 'org.springframework.test.context.support.DelegatingSmartContextLoader', parent = [null]]]
00:38:36.299 [Test worker] DEBUG org.springframework.test.context.cache - Spring test ApplicationContext cache statistics: [DefaultContextCache@6981f8f3 size = 1, maxSize = 32, parentContextCount = 0, hitCount = 147, missCount = 1]
00:38:36.299 [Test worker] DEBUG org.springframework.test.context.cache.DefaultCacheAwareContextLoaderDelegate - Retrieved ApplicationContext [246826139] from cache with key [[MergedContextConfiguration@3f1c5af9 testClass = InsurancePolicyImplTest, locations = '{}', classes = '{class com.waris.insurance.service.impl.InsurancePolicyImpl}', contextInitializerClasses = '[]', activeProfiles = '{}', propertySourceLocations = '{}', propertySourceProperties = '{}', contextCustomizers = set[org.springframework.boot.test.autoconfigure.actuate.metrics.MetricsExportContextCustomizerFactory$DisableMetricExportContextCustomizer@2cae1042, org.springframework.boot.test.autoconfigure.properties.PropertyMappingContextCustomizer@0, org.springframework.boot.test.autoconfigure.web.servlet.WebDriverContextCustomizerFactory$Customizer@14b030a0, org.springframework.boot.test.context.filter.ExcludeFilterContextCustomizer@56bca85b, org.springframework.boot.test.json.DuplicateJsonObjectContextCustomizerFactory$DuplicateJsonObjectContextCustomizer@22b53226, org.springframework.boot.test.mock.mockito.MockitoContextCustomizer@f02ece12], contextLoader = 'org.springframework.test.context.support.DelegatingSmartContextLoader', parent = [null]]]
00:38:36.300 [Test worker] DEBUG org.springframework.test.context.cache - Spring test ApplicationContext cache statistics: [DefaultContextCache@6981f8f3 size = 1, maxSize = 32, parentContextCount = 0, hitCount = 148, missCount = 1]
00:38:36.300 [Test worker] DEBUG org.springframework.test.context.cache.DefaultCacheAwareContextLoaderDelegate - Retrieved ApplicationContext [246826139] from cache with key [[MergedContextConfiguration@3f1c5af9 testClass = InsurancePolicyImplTest, locations = '{}', classes = '{class com.waris.insurance.service.impl.InsurancePolicyImpl}', contextInitializerClasses = '[]', activeProfiles = '{}', propertySourceLocations = '{}', propertySourceProperties = '{}', contextCustomizers = set[org.springframework.boot.test.autoconfigure.actuate.metrics.MetricsExportContextCustomizerFactory$DisableMetricExportContextCustomizer@2cae1042, org.springframework.boot.test.autoconfigure.properties.PropertyMappingContextCustomizer@0, org.springframework.boot.test.autoconfigure.web.servlet.WebDriverContextCustomizerFactory$Customizer@14b030a0, org.springframework.boot.test.context.filter.ExcludeFilterContextCustomizer@56bca85b, org.springframework.boot.test.json.DuplicateJsonObjectContextCustomizerFactory$DuplicateJsonObjectContextCustomizer@22b53226, org.springframework.boot.test.mock.mockito.MockitoContextCustomizer@f02ece12], contextLoader = 'org.springframework.test.context.support.DelegatingSmartContextLoader', parent = [null]]]
00:38:36.300 [Test worker] DEBUG org.springframework.test.context.cache - Spring test ApplicationContext cache statistics: [DefaultContextCache@6981f8f3 size = 1, maxSize = 32, parentContextCount = 0, hitCount = 149, missCount = 1]
00:38:36.301 [Test worker] INFO com.waris.insurance.service.impl.InsurancePolicyImpl - Getting Policy
00:38:36.302 [Test worker] DEBUG org.springframework.test.context.cache.DefaultCacheAwareContextLoaderDelegate - Retrieved ApplicationContext [246826139] from cache with key [[MergedContextConfiguration@3f1c5af9 testClass = InsurancePolicyImplTest, locations = '{}', classes = '{class com.waris.insurance.service.impl.InsurancePolicyImpl}', contextInitializerClasses = '[]', activeProfiles = '{}', propertySourceLocations = '{}', propertySourceProperties = '{}', contextCustomizers = set[org.springframework.boot.test.autoconfigure.actuate.metrics.MetricsExportContextCustomizerFactory$DisableMetricExportContextCustomizer@2cae1042, org.springframework.boot.test.autoconfigure.properties.PropertyMappingContextCustomizer@0, org.springframework.boot.test.autoconfigure.web.servlet.WebDriverContextCustomizerFactory$Customizer@14b030a0, org.springframework.boot.test.context.filter.ExcludeFilterContextCustomizer@56bca85b, org.springframework.boot.test.json.DuplicateJsonObjectContextCustomizerFactory$DuplicateJsonObjectContextCustomizer@22b53226, org.springframework.boot.test.mock.mockito.MockitoContextCustomizer@f02ece12], contextLoader = 'org.springframework.test.context.support.DelegatingSmartContextLoader', parent = [null]]]
00:38:36.302 [Test worker] DEBUG org.springframework.test.context.cache - Spring test ApplicationContext cache statistics: [DefaultContextCache@6981f8f3 size = 1, maxSize = 32, parentContextCount = 0, hitCount = 150, missCount = 1]
00:38:36.302 [Test worker] DEBUG org.springframework.test.context.cache.DefaultCacheAwareContextLoaderDelegate - Retrieved ApplicationContext [246826139] from cache with key [[MergedContextConfiguration@3f1c5af9 testClass = InsurancePolicyImplTest, locations = '{}', classes = '{class com.waris.insurance.service.impl.InsurancePolicyImpl}', contextInitializerClasses = '[]', activeProfiles = '{}', propertySourceLocations = '{}', propertySourceProperties = '{}', contextCustomizers = set[org.springframework.boot.test.autoconfigure.actuate.metrics.MetricsExportContextCustomizerFactory$DisableMetricExportContextCustomizer@2cae1042, org.springframework.boot.test.autoconfigure.properties.PropertyMappingContextCustomizer@0, org.springframework.boot.test.autoconfigure.web.servlet.WebDriverContextCustomizerFactory$Customizer@14b030a0, org.springframework.boot.test.context.filter.ExcludeFilterContextCustomizer@56bca85b, org.springframework.boot.test.json.DuplicateJsonObjectContextCustomizerFactory$DuplicateJsonObjectContextCustomizer@22b53226, org.springframework.boot.test.mock.mockito.MockitoContextCustomizer@f02ece12], contextLoader = 'org.springframework.test.context.support.DelegatingSmartContextLoader', parent = [null]]]
00:38:36.302 [Test worker] DEBUG org.springframework.test.context.cache - Spring test ApplicationContext cache statistics: [DefaultContextCache@6981f8f3 size = 1, maxSize = 32, parentContextCount = 0, hitCount = 151, missCount = 1]
00:38:36.303 [Test worker] DEBUG org.springframework.test.context.cache.DefaultCacheAwareContextLoaderDelegate - Retrieved ApplicationContext [246826139] from cache with key [[MergedContextConfiguration@3f1c5af9 testClass = InsurancePolicyImplTest, locations = '{}', classes = '{class com.waris.insurance.service.impl.InsurancePolicyImpl}', contextInitializerClasses = '[]', activeProfiles = '{}', propertySourceLocations = '{}', propertySourceProperties = '{}', contextCustomizers = set[org.springframework.boot.test.autoconfigure.actuate.metrics.MetricsExportContextCustomizerFactory$DisableMetricExportContextCustomizer@2cae1042, org.springframework.boot.test.autoconfigure.properties.PropertyMappingContextCustomizer@0, org.springframework.boot.test.autoconfigure.web.servlet.WebDriverContextCustomizerFactory$Customizer@14b030a0, org.springframework.boot.test.context.filter.ExcludeFilterContextCustomizer@56bca85b, org.springframework.boot.test.json.DuplicateJsonObjectContextCustomizerFactory$DuplicateJsonObjectContextCustomizer@22b53226, org.springframework.boot.test.mock.mockito.MockitoContextCustomizer@f02ece12], contextLoader = 'org.springframework.test.context.support.DelegatingSmartContextLoader', parent = [null]]]
00:38:36.303 [Test worker] DEBUG org.springframework.test.context.cache - Spring test ApplicationContext cache statistics: [DefaultContextCache@6981f8f3 size = 1, maxSize = 32, parentContextCount = 0, hitCount = 152, missCount = 1]
00:38:36.303 [Test worker] DEBUG org.springframework.test.context.cache.DefaultCacheAwareContextLoaderDelegate - Retrieved ApplicationContext [246826139] from cache with key [[MergedContextConfiguration@3f1c5af9 testClass = InsurancePolicyImplTest, locations = '{}', classes = '{class com.waris.insurance.service.impl.InsurancePolicyImpl}', contextInitializerClasses = '[]', activeProfiles = '{}', propertySourceLocations = '{}', propertySourceProperties = '{}', contextCustomizers = set[org.springframework.boot.test.autoconfigure.actuate.metrics.MetricsExportContextCustomizerFactory$DisableMetricExportContextCustomizer@2cae1042, org.springframework.boot.test.autoconfigure.properties.PropertyMappingContextCustomizer@0, org.springframework.boot.test.autoconfigure.web.servlet.WebDriverContextCustomizerFactory$Customizer@14b030a0, org.springframework.boot.test.context.filter.ExcludeFilterContextCustomizer@56bca85b, org.springframework.boot.test.json.DuplicateJsonObjectContextCustomizerFactory$DuplicateJsonObjectContextCustomizer@22b53226, org.springframework.boot.test.mock.mockito.MockitoContextCustomizer@f02ece12], contextLoader = 'org.springframework.test.context.support.DelegatingSmartContextLoader', parent = [null]]]
00:38:36.303 [Test worker] DEBUG org.springframework.test.context.cache - Spring test ApplicationContext cache statistics: [DefaultContextCache@6981f8f3 size = 1, maxSize = 32, parentContextCount = 0, hitCount = 153, missCount = 1]
00:38:36.303 [Test worker] DEBUG org.springframework.test.context.cache.DefaultCacheAwareContextLoaderDelegate - Retrieved ApplicationContext [246826139] from cache with key [[MergedContextConfiguration@3f1c5af9 testClass = InsurancePolicyImplTest, locations = '{}', classes = '{class com.waris.insurance.service.impl.InsurancePolicyImpl}', contextInitializerClasses = '[]', activeProfiles = '{}', propertySourceLocations = '{}', propertySourceProperties = '{}', contextCustomizers = set[org.springframework.boot.test.autoconfigure.actuate.metrics.MetricsExportContextCustomizerFactory$DisableMetricExportContextCustomizer@2cae1042, org.springframework.boot.test.autoconfigure.properties.PropertyMappingContextCustomizer@0, org.springframework.boot.test.autoconfigure.web.servlet.WebDriverContextCustomizerFactory$Customizer@14b030a0, org.springframework.boot.test.context.filter.ExcludeFilterContextCustomizer@56bca85b, org.springframework.boot.test.json.DuplicateJsonObjectContextCustomizerFactory$DuplicateJsonObjectContextCustomizer@22b53226, org.springframework.boot.test.mock.mockito.MockitoContextCustomizer@f02ece12], contextLoader = 'org.springframework.test.context.support.DelegatingSmartContextLoader', parent = [null]]]
00:38:36.303 [Test worker] DEBUG org.springframework.test.context.cache - Spring test ApplicationContext cache statistics: [DefaultContextCache@6981f8f3 size = 1, maxSize = 32, parentContextCount = 0, hitCount = 154, missCount = 1]
00:38:36.304 [Test worker] DEBUG org.springframework.test.context.cache.DefaultCacheAwareContextLoaderDelegate - Retrieved ApplicationContext [246826139] from cache with key [[MergedContextConfiguration@3f1c5af9 testClass = InsurancePolicyImplTest, locations = '{}', classes = '{class com.waris.insurance.service.impl.InsurancePolicyImpl}', contextInitializerClasses = '[]', activeProfiles = '{}', propertySourceLocations = '{}', propertySourceProperties = '{}', contextCustomizers = set[org.springframework.boot.test.autoconfigure.actuate.metrics.MetricsExportContextCustomizerFactory$DisableMetricExportContextCustomizer@2cae1042, org.springframework.boot.test.autoconfigure.properties.PropertyMappingContextCustomizer@0, org.springframework.boot.test.autoconfigure.web.servlet.WebDriverContextCustomizerFactory$Customizer@14b030a0, org.springframework.boot.test.context.filter.ExcludeFilterContextCustomizer@56bca85b, org.springframework.boot.test.json.DuplicateJsonObjectContextCustomizerFactory$DuplicateJsonObjectContextCustomizer@22b53226, org.springframework.boot.test.mock.mockito.MockitoContextCustomizer@f02ece12], contextLoader = 'org.springframework.test.context.support.DelegatingSmartContextLoader', parent = [null]]]
00:38:36.304 [Test worker] DEBUG org.springframework.test.context.cache - Spring test ApplicationContext cache statistics: [DefaultContextCache@6981f8f3 size = 1, maxSize = 32, parentContextCount = 0, hitCount = 155, missCount = 1]
00:38:36.304 [Test worker] DEBUG org.springframework.test.context.support.AbstractDirtiesContextTestExecutionListener - After test method: context [DefaultTestContext@2b491fee testClass = InsurancePolicyImplTest, testInstance = com.waris.insurance.service.impl.InsurancePolicyImplTest@6d11ceef, testMethod = testGetInsurancePolicy2@InsurancePolicyImplTest, testException = [null], mergedContextConfiguration = [MergedContextConfiguration@3f1c5af9 testClass = InsurancePolicyImplTest, locations = '{}', classes = '{class com.waris.insurance.service.impl.InsurancePolicyImpl}', contextInitializerClasses = '[]', activeProfiles = '{}', propertySourceLocations = '{}', propertySourceProperties = '{}', contextCustomizers = set[org.springframework.boot.test.autoconfigure.actuate.metrics.MetricsExportContextCustomizerFactory$DisableMetricExportContextCustomizer@2cae1042, org.springframework.boot.test.autoconfigure.properties.PropertyMappingContextCustomizer@0, org.springframework.boot.test.autoconfigure.web.servlet.WebDriverContextCustomizerFactory$Customizer@14b030a0, org.springframework.boot.test.context.filter.ExcludeFilterContextCustomizer@56bca85b, org.springframework.boot.test.json.DuplicateJsonObjectContextCustomizerFactory$DuplicateJsonObjectContextCustomizer@22b53226, org.springframework.boot.test.mock.mockito.MockitoContextCustomizer@f02ece12], contextLoader = 'org.springframework.test.context.support.DelegatingSmartContextLoader', parent = [null]], attributes = map['org.springframework.test.context.event.ApplicationEventsTestExecutionListener.recordApplicationEvents' -> false]], class annotated with @DirtiesContext [false] with mode [null], method annotated with @DirtiesContext [false] with mode [null].
00:38:36.305 [Test worker] DEBUG org.springframework.test.context.cache.DefaultCacheAwareContextLoaderDelegate - Retrieved ApplicationContext [246826139] from cache with key [[MergedContextConfiguration@3f1c5af9 testClass = InsurancePolicyImplTest, locations = '{}', classes = '{class com.waris.insurance.service.impl.InsurancePolicyImpl}', contextInitializerClasses = '[]', activeProfiles = '{}', propertySourceLocations = '{}', propertySourceProperties = '{}', contextCustomizers = set[org.springframework.boot.test.autoconfigure.actuate.metrics.MetricsExportContextCustomizerFactory$DisableMetricExportContextCustomizer@2cae1042, org.springframework.boot.test.autoconfigure.properties.PropertyMappingContextCustomizer@0, org.springframework.boot.test.autoconfigure.web.servlet.WebDriverContextCustomizerFactory$Customizer@14b030a0, org.springframework.boot.test.context.filter.ExcludeFilterContextCustomizer@56bca85b, org.springframework.boot.test.json.DuplicateJsonObjectContextCustomizerFactory$DuplicateJsonObjectContextCustomizer@22b53226, org.springframework.boot.test.mock.mockito.MockitoContextCustomizer@f02ece12], contextLoader = 'org.springframework.test.context.support.DelegatingSmartContextLoader', parent = [null]]]
00:38:36.305 [Test worker] DEBUG org.springframework.test.context.cache - Spring test ApplicationContext cache statistics: [DefaultContextCache@6981f8f3 size = 1, maxSize = 32, parentContextCount = 0, hitCount = 156, missCount = 1]
00:38:36.305 [Test worker] DEBUG org.springframework.test.context.support.DependencyInjectionTestExecutionListener - Performing dependency injection for test context [[DefaultTestContext@2b491fee testClass = InsurancePolicyImplTest, testInstance = com.waris.insurance.service.impl.InsurancePolicyImplTest@4cb2918c, testMethod = [null], testException = [null], mergedContextConfiguration = [MergedContextConfiguration@3f1c5af9 testClass = InsurancePolicyImplTest, locations = '{}', classes = '{class com.waris.insurance.service.impl.InsurancePolicyImpl}', contextInitializerClasses = '[]', activeProfiles = '{}', propertySourceLocations = '{}', propertySourceProperties = '{}', contextCustomizers = set[org.springframework.boot.test.autoconfigure.actuate.metrics.MetricsExportContextCustomizerFactory$DisableMetricExportContextCustomizer@2cae1042, org.springframework.boot.test.autoconfigure.properties.PropertyMappingContextCustomizer@0, org.springframework.boot.test.autoconfigure.web.servlet.WebDriverContextCustomizerFactory$Customizer@14b030a0, org.springframework.boot.test.context.filter.ExcludeFilterContextCustomizer@56bca85b, org.springframework.boot.test.json.DuplicateJsonObjectContextCustomizerFactory$DuplicateJsonObjectContextCustomizer@22b53226, org.springframework.boot.test.mock.mockito.MockitoContextCustomizer@f02ece12], contextLoader = 'org.springframework.test.context.support.DelegatingSmartContextLoader', parent = [null]], attributes = map['org.springframework.test.context.event.ApplicationEventsTestExecutionListener.recordApplicationEvents' -> false]]].
00:38:36.306 [Test worker] DEBUG org.springframework.test.context.cache.DefaultCacheAwareContextLoaderDelegate - Retrieved ApplicationContext [246826139] from cache with key [[MergedContextConfiguration@3f1c5af9 testClass = InsurancePolicyImplTest, locations = '{}', classes = '{class com.waris.insurance.service.impl.InsurancePolicyImpl}', contextInitializerClasses = '[]', activeProfiles = '{}', propertySourceLocations = '{}', propertySourceProperties = '{}', contextCustomizers = set[org.springframework.boot.test.autoconfigure.actuate.metrics.MetricsExportContextCustomizerFactory$DisableMetricExportContextCustomizer@2cae1042, org.springframework.boot.test.autoconfigure.properties.PropertyMappingContextCustomizer@0, org.springframework.boot.test.autoconfigure.web.servlet.WebDriverContextCustomizerFactory$Customizer@14b030a0, org.springframework.boot.test.context.filter.ExcludeFilterContextCustomizer@56bca85b, org.springframework.boot.test.json.DuplicateJsonObjectContextCustomizerFactory$DuplicateJsonObjectContextCustomizer@22b53226, org.springframework.boot.test.mock.mockito.MockitoContextCustomizer@f02ece12], contextLoader = 'org.springframework.test.context.support.DelegatingSmartContextLoader', parent = [null]]]
00:38:36.306 [Test worker] DEBUG org.springframework.test.context.cache - Spring test ApplicationContext cache statistics: [DefaultContextCache@6981f8f3 size = 1, maxSize = 32, parentContextCount = 0, hitCount = 157, missCount = 1]
00:38:36.306 [Test worker] DEBUG org.springframework.test.context.cache.DefaultCacheAwareContextLoaderDelegate - Retrieved ApplicationContext [246826139] from cache with key [[MergedContextConfiguration@3f1c5af9 testClass = InsurancePolicyImplTest, locations = '{}', classes = '{class com.waris.insurance.service.impl.InsurancePolicyImpl}', contextInitializerClasses = '[]', activeProfiles = '{}', propertySourceLocations = '{}', propertySourceProperties = '{}', contextCustomizers = set[org.springframework.boot.test.autoconfigure.actuate.metrics.MetricsExportContextCustomizerFactory$DisableMetricExportContextCustomizer@2cae1042, org.springframework.boot.test.autoconfigure.properties.PropertyMappingContextCustomizer@0, org.springframework.boot.test.autoconfigure.web.servlet.WebDriverContextCustomizerFactory$Customizer@14b030a0, org.springframework.boot.test.context.filter.ExcludeFilterContextCustomizer@56bca85b, org.springframework.boot.test.json.DuplicateJsonObjectContextCustomizerFactory$DuplicateJsonObjectContextCustomizer@22b53226, org.springframework.boot.test.mock.mockito.MockitoContextCustomizer@f02ece12], contextLoader = 'org.springframework.test.context.support.DelegatingSmartContextLoader', parent = [null]]]
00:38:36.306 [Test worker] DEBUG org.springframework.test.context.cache - Spring test ApplicationContext cache statistics: [DefaultContextCache@6981f8f3 size = 1, maxSize = 32, parentContextCount = 0, hitCount = 158, missCount = 1]
00:38:36.307 [Test worker] DEBUG org.springframework.test.context.support.AbstractDirtiesContextTestExecutionListener - Before test method: context [DefaultTestContext@2b491fee testClass = InsurancePolicyImplTest, testInstance = com.waris.insurance.service.impl.InsurancePolicyImplTest@4cb2918c, testMethod = testGetInsurancePolicy3@InsurancePolicyImplTest, testException = [null], mergedContextConfiguration = [MergedContextConfiguration@3f1c5af9 testClass = InsurancePolicyImplTest, locations = '{}', classes = '{class com.waris.insurance.service.impl.InsurancePolicyImpl}', contextInitializerClasses = '[]', activeProfiles = '{}', propertySourceLocations = '{}', propertySourceProperties = '{}', contextCustomizers = set[org.springframework.boot.test.autoconfigure.actuate.metrics.MetricsExportContextCustomizerFactory$DisableMetricExportContextCustomizer@2cae1042, org.springframework.boot.test.autoconfigure.properties.PropertyMappingContextCustomizer@0, org.springframework.boot.test.autoconfigure.web.servlet.WebDriverContextCustomizerFactory$Customizer@14b030a0, org.springframework.boot.test.context.filter.ExcludeFilterContextCustomizer@56bca85b, org.springframework.boot.test.json.DuplicateJsonObjectContextCustomizerFactory$DuplicateJsonObjectContextCustomizer@22b53226, org.springframework.boot.test.mock.mockito.MockitoContextCustomizer@f02ece12], contextLoader = 'org.springframework.test.context.support.DelegatingSmartContextLoader', parent = [null]], attributes = map['org.springframework.test.context.event.ApplicationEventsTestExecutionListener.recordApplicationEvents' -> false]], class annotated with @DirtiesContext [false] with mode [null], method annotated with @DirtiesContext [false] with mode [null].
00:38:36.308 [Test worker] DEBUG org.springframework.test.context.cache.DefaultCacheAwareContextLoaderDelegate - Retrieved ApplicationContext [246826139] from cache with key [[MergedContextConfiguration@3f1c5af9 testClass = InsurancePolicyImplTest, locations = '{}', classes = '{class com.waris.insurance.service.impl.InsurancePolicyImpl}', contextInitializerClasses = '[]', activeProfiles = '{}', propertySourceLocations = '{}', propertySourceProperties = '{}', contextCustomizers = set[org.springframework.boot.test.autoconfigure.actuate.metrics.MetricsExportContextCustomizerFactory$DisableMetricExportContextCustomizer@2cae1042, org.springframework.boot.test.autoconfigure.properties.PropertyMappingContextCustomizer@0, org.springframework.boot.test.autoconfigure.web.servlet.WebDriverContextCustomizerFactory$Customizer@14b030a0, org.springframework.boot.test.context.filter.ExcludeFilterContextCustomizer@56bca85b, org.springframework.boot.test.json.DuplicateJsonObjectContextCustomizerFactory$DuplicateJsonObjectContextCustomizer@22b53226, org.springframework.boot.test.mock.mockito.MockitoContextCustomizer@f02ece12], contextLoader = 'org.springframework.test.context.support.DelegatingSmartContextLoader', parent = [null]]]
00:38:36.308 [Test worker] DEBUG org.springframework.test.context.cache - Spring test ApplicationContext cache statistics: [DefaultContextCache@6981f8f3 size = 1, maxSize = 32, parentContextCount = 0, hitCount = 159, missCount = 1]
00:38:36.308 [Test worker] DEBUG org.springframework.test.context.cache.DefaultCacheAwareContextLoaderDelegate - Retrieved ApplicationContext [246826139] from cache with key [[MergedContextConfiguration@3f1c5af9 testClass = InsurancePolicyImplTest, locations = '{}', classes = '{class com.waris.insurance.service.impl.InsurancePolicyImpl}', contextInitializerClasses = '[]', activeProfiles = '{}', propertySourceLocations = '{}', propertySourceProperties = '{}', contextCustomizers = set[org.springframework.boot.test.autoconfigure.actuate.metrics.MetricsExportContextCustomizerFactory$DisableMetricExportContextCustomizer@2cae1042, org.springframework.boot.test.autoconfigure.properties.PropertyMappingContextCustomizer@0, org.springframework.boot.test.autoconfigure.web.servlet.WebDriverContextCustomizerFactory$Customizer@14b030a0, org.springframework.boot.test.context.filter.ExcludeFilterContextCustomizer@56bca85b, org.springframework.boot.test.json.DuplicateJsonObjectContextCustomizerFactory$DuplicateJsonObjectContextCustomizer@22b53226, org.springframework.boot.test.mock.mockito.MockitoContextCustomizer@f02ece12], contextLoader = 'org.springframework.test.context.support.DelegatingSmartContextLoader', parent = [null]]]
00:38:36.309 [Test worker] DEBUG org.springframework.test.context.cache - Spring test ApplicationContext cache statistics: [DefaultContextCache@6981f8f3 size = 1, maxSize = 32, parentContextCount = 0, hitCount = 160, missCount = 1]
00:38:36.309 [Test worker] DEBUG org.springframework.test.context.cache.DefaultCacheAwareContextLoaderDelegate - Retrieved ApplicationContext [246826139] from cache with key [[MergedContextConfiguration@3f1c5af9 testClass = InsurancePolicyImplTest, locations = '{}', classes = '{class com.waris.insurance.service.impl.InsurancePolicyImpl}', contextInitializerClasses = '[]', activeProfiles = '{}', propertySourceLocations = '{}', propertySourceProperties = '{}', contextCustomizers = set[org.springframework.boot.test.autoconfigure.actuate.metrics.MetricsExportContextCustomizerFactory$DisableMetricExportContextCustomizer@2cae1042, org.springframework.boot.test.autoconfigure.properties.PropertyMappingContextCustomizer@0, org.springframework.boot.test.autoconfigure.web.servlet.WebDriverContextCustomizerFactory$Customizer@14b030a0, org.springframework.boot.test.context.filter.ExcludeFilterContextCustomizer@56bca85b, org.springframework.boot.test.json.DuplicateJsonObjectContextCustomizerFactory$DuplicateJsonObjectContextCustomizer@22b53226, org.springframework.boot.test.mock.mockito.MockitoContextCustomizer@f02ece12], contextLoader = 'org.springframework.test.context.support.DelegatingSmartContextLoader', parent = [null]]]
00:38:36.309 [Test worker] DEBUG org.springframework.test.context.cache - Spring test ApplicationContext cache statistics: [DefaultContextCache@6981f8f3 size = 1, maxSize = 32, parentContextCount = 0, hitCount = 161, missCount = 1]
00:38:36.310 [Test worker] INFO com.waris.insurance.service.impl.InsurancePolicyImpl - Getting Policy
00:38:36.310 [Test worker] DEBUG org.springframework.test.context.cache.DefaultCacheAwareContextLoaderDelegate - Retrieved ApplicationContext [246826139] from cache with key [[MergedContextConfiguration@3f1c5af9 testClass = InsurancePolicyImplTest, locations = '{}', classes = '{class com.waris.insurance.service.impl.InsurancePolicyImpl}', contextInitializerClasses = '[]', activeProfiles = '{}', propertySourceLocations = '{}', propertySourceProperties = '{}', contextCustomizers = set[org.springframework.boot.test.autoconfigure.actuate.metrics.MetricsExportContextCustomizerFactory$DisableMetricExportContextCustomizer@2cae1042, org.springframework.boot.test.autoconfigure.properties.PropertyMappingContextCustomizer@0, org.springframework.boot.test.autoconfigure.web.servlet.WebDriverContextCustomizerFactory$Customizer@14b030a0, org.springframework.boot.test.context.filter.ExcludeFilterContextCustomizer@56bca85b, org.springframework.boot.test.json.DuplicateJsonObjectContextCustomizerFactory$DuplicateJsonObjectContextCustomizer@22b53226, org.springframework.boot.test.mock.mockito.MockitoContextCustomizer@f02ece12], contextLoader = 'org.springframework.test.context.support.DelegatingSmartContextLoader', parent = [null]]]
00:38:36.311 [Test worker] DEBUG org.springframework.test.context.cache - Spring test ApplicationContext cache statistics: [DefaultContextCache@6981f8f3 size = 1, maxSize = 32, parentContextCount = 0, hitCount = 162, missCount = 1]
00:38:36.311 [Test worker] DEBUG org.springframework.test.context.cache.DefaultCacheAwareContextLoaderDelegate - Retrieved ApplicationContext [246826139] from cache with key [[MergedContextConfiguration@3f1c5af9 testClass = InsurancePolicyImplTest, locations = '{}', classes = '{class com.waris.insurance.service.impl.InsurancePolicyImpl}', contextInitializerClasses = '[]', activeProfiles = '{}', propertySourceLocations = '{}', propertySourceProperties = '{}', contextCustomizers = set[org.springframework.boot.test.autoconfigure.actuate.metrics.MetricsExportContextCustomizerFactory$DisableMetricExportContextCustomizer@2cae1042, org.springframework.boot.test.autoconfigure.properties.PropertyMappingContextCustomizer@0, org.springframework.boot.test.autoconfigure.web.servlet.WebDriverContextCustomizerFactory$Customizer@14b030a0, org.springframework.boot.test.context.filter.ExcludeFilterContextCustomizer@56bca85b, org.springframework.boot.test.json.DuplicateJsonObjectContextCustomizerFactory$DuplicateJsonObjectContextCustomizer@22b53226, org.springframework.boot.test.mock.mockito.MockitoContextCustomizer@f02ece12], contextLoader = 'org.springframework.test.context.support.DelegatingSmartContextLoader', parent = [null]]]
00:38:36.311 [Test worker] DEBUG org.springframework.test.context.cache - Spring test ApplicationContext cache statistics: [DefaultContextCache@6981f8f3 size = 1, maxSize = 32, parentContextCount = 0, hitCount = 163, missCount = 1]
00:38:36.311 [Test worker] DEBUG org.springframework.test.context.cache.DefaultCacheAwareContextLoaderDelegate - Retrieved ApplicationContext [246826139] from cache with key [[MergedContextConfiguration@3f1c5af9 testClass = InsurancePolicyImplTest, locations = '{}', classes = '{class com.waris.insurance.service.impl.InsurancePolicyImpl}', contextInitializerClasses = '[]', activeProfiles = '{}', propertySourceLocations = '{}', propertySourceProperties = '{}', contextCustomizers = set[org.springframework.boot.test.autoconfigure.actuate.metrics.MetricsExportContextCustomizerFactory$DisableMetricExportContextCustomizer@2cae1042, org.springframework.boot.test.autoconfigure.properties.PropertyMappingContextCustomizer@0, org.springframework.boot.test.autoconfigure.web.servlet.WebDriverContextCustomizerFactory$Customizer@14b030a0, org.springframework.boot.test.context.filter.ExcludeFilterContextCustomizer@56bca85b, org.springframework.boot.test.json.DuplicateJsonObjectContextCustomizerFactory$DuplicateJsonObjectContextCustomizer@22b53226, org.springframework.boot.test.mock.mockito.MockitoContextCustomizer@f02ece12], contextLoader = 'org.springframework.test.context.support.DelegatingSmartContextLoader', parent = [null]]]
00:38:36.311 [Test worker] DEBUG org.springframework.test.context.cache - Spring test ApplicationContext cache statistics: [DefaultContextCache@6981f8f3 size = 1, maxSize = 32, parentContextCount = 0, hitCount = 164, missCount = 1]
00:38:36.311 [Test worker] DEBUG org.springframework.test.context.cache.DefaultCacheAwareContextLoaderDelegate - Retrieved ApplicationContext [246826139] from cache with key [[MergedContextConfiguration@3f1c5af9 testClass = InsurancePolicyImplTest, locations = '{}', classes = '{class com.waris.insurance.service.impl.InsurancePolicyImpl}', contextInitializerClasses = '[]', activeProfiles = '{}', propertySourceLocations = '{}', propertySourceProperties = '{}', contextCustomizers = set[org.springframework.boot.test.autoconfigure.actuate.metrics.MetricsExportContextCustomizerFactory$DisableMetricExportContextCustomizer@2cae1042, org.springframework.boot.test.autoconfigure.properties.PropertyMappingContextCustomizer@0, org.springframework.boot.test.autoconfigure.web.servlet.WebDriverContextCustomizerFactory$Customizer@14b030a0, org.springframework.boot.test.context.filter.ExcludeFilterContextCustomizer@56bca85b, org.springframework.boot.test.json.DuplicateJsonObjectContextCustomizerFactory$DuplicateJsonObjectContextCustomizer@22b53226, org.springframework.boot.test.mock.mockito.MockitoContextCustomizer@f02ece12], contextLoader = 'org.springframework.test.context.support.DelegatingSmartContextLoader', parent = [null]]]
00:38:36.312 [Test worker] DEBUG org.springframework.test.context.cache - Spring test ApplicationContext cache statistics: [DefaultContextCache@6981f8f3 size = 1, maxSize = 32, parentContextCount = 0, hitCount = 165, missCount = 1]
00:38:36.312 [Test worker] DEBUG org.springframework.test.context.cache.DefaultCacheAwareContextLoaderDelegate - Retrieved ApplicationContext [246826139] from cache with key [[MergedContextConfiguration@3f1c5af9 testClass = InsurancePolicyImplTest, locations = '{}', classes = '{class com.waris.insurance.service.impl.InsurancePolicyImpl}', contextInitializerClasses = '[]', activeProfiles = '{}', propertySourceLocations = '{}', propertySourceProperties = '{}', contextCustomizers = set[org.springframework.boot.test.autoconfigure.actuate.metrics.MetricsExportContextCustomizerFactory$DisableMetricExportContextCustomizer@2cae1042, org.springframework.boot.test.autoconfigure.properties.PropertyMappingContextCustomizer@0, org.springframework.boot.test.autoconfigure.web.servlet.WebDriverContextCustomizerFactory$Customizer@14b030a0, org.springframework.boot.test.context.filter.ExcludeFilterContextCustomizer@56bca85b, org.springframework.boot.test.json.DuplicateJsonObjectContextCustomizerFactory$DuplicateJsonObjectContextCustomizer@22b53226, org.springframework.boot.test.mock.mockito.MockitoContextCustomizer@f02ece12], contextLoader = 'org.springframework.test.context.support.DelegatingSmartContextLoader', parent = [null]]]
00:38:36.312 [Test worker] DEBUG org.springframework.test.context.cache - Spring test ApplicationContext cache statistics: [DefaultContextCache@6981f8f3 size = 1, maxSize = 32, parentContextCount = 0, hitCount = 166, missCount = 1]
00:38:36.312 [Test worker] DEBUG org.springframework.test.context.cache.DefaultCacheAwareContextLoaderDelegate - Retrieved ApplicationContext [246826139] from cache with key [[MergedContextConfiguration@3f1c5af9 testClass = InsurancePolicyImplTest, locations = '{}', classes = '{class com.waris.insurance.service.impl.InsurancePolicyImpl}', contextInitializerClasses = '[]', activeProfiles = '{}', propertySourceLocations = '{}', propertySourceProperties = '{}', contextCustomizers = set[org.springframework.boot.test.autoconfigure.actuate.metrics.MetricsExportContextCustomizerFactory$DisableMetricExportContextCustomizer@2cae1042, org.springframework.boot.test.autoconfigure.properties.PropertyMappingContextCustomizer@0, org.springframework.boot.test.autoconfigure.web.servlet.WebDriverContextCustomizerFactory$Customizer@14b030a0, org.springframework.boot.test.context.filter.ExcludeFilterContextCustomizer@56bca85b, org.springframework.boot.test.json.DuplicateJsonObjectContextCustomizerFactory$DuplicateJsonObjectContextCustomizer@22b53226, org.springframework.boot.test.mock.mockito.MockitoContextCustomizer@f02ece12], contextLoader = 'org.springframework.test.context.support.DelegatingSmartContextLoader', parent = [null]]]
00:38:36.312 [Test worker] DEBUG org.springframework.test.context.cache - Spring test ApplicationContext cache statistics: [DefaultContextCache@6981f8f3 size = 1, maxSize = 32, parentContextCount = 0, hitCount = 167, missCount = 1]
00:38:36.313 [Test worker] DEBUG org.springframework.test.context.support.AbstractDirtiesContextTestExecutionListener - After test method: context [DefaultTestContext@2b491fee testClass = InsurancePolicyImplTest, testInstance = com.waris.insurance.service.impl.InsurancePolicyImplTest@4cb2918c, testMethod = testGetInsurancePolicy3@InsurancePolicyImplTest, testException = [null], mergedContextConfiguration = [MergedContextConfiguration@3f1c5af9 testClass = InsurancePolicyImplTest, locations = '{}', classes = '{class com.waris.insurance.service.impl.InsurancePolicyImpl}', contextInitializerClasses = '[]', activeProfiles = '{}', propertySourceLocations = '{}', propertySourceProperties = '{}', contextCustomizers = set[org.springframework.boot.test.autoconfigure.actuate.metrics.MetricsExportContextCustomizerFactory$DisableMetricExportContextCustomizer@2cae1042, org.springframework.boot.test.autoconfigure.properties.PropertyMappingContextCustomizer@0, org.springframework.boot.test.autoconfigure.web.servlet.WebDriverContextCustomizerFactory$Customizer@14b030a0, org.springframework.boot.test.context.filter.ExcludeFilterContextCustomizer@56bca85b, org.springframework.boot.test.json.DuplicateJsonObjectContextCustomizerFactory$DuplicateJsonObjectContextCustomizer@22b53226, org.springframework.boot.test.mock.mockito.MockitoContextCustomizer@f02ece12], contextLoader = 'org.springframework.test.context.support.DelegatingSmartContextLoader', parent = [null]], attributes = map['org.springframework.test.context.event.ApplicationEventsTestExecutionListener.recordApplicationEvents' -> false]], class annotated with @DirtiesContext [false] with mode [null], method annotated with @DirtiesContext [false] with mode [null].
00:38:36.314 [Test worker] DEBUG org.springframework.test.context.cache.DefaultCacheAwareContextLoaderDelegate - Retrieved ApplicationContext [246826139] from cache with key [[MergedContextConfiguration@3f1c5af9 testClass = InsurancePolicyImplTest, locations = '{}', classes = '{class com.waris.insurance.service.impl.InsurancePolicyImpl}', contextInitializerClasses = '[]', activeProfiles = '{}', propertySourceLocations = '{}', propertySourceProperties = '{}', contextCustomizers = set[org.springframework.boot.test.autoconfigure.actuate.metrics.MetricsExportContextCustomizerFactory$DisableMetricExportContextCustomizer@2cae1042, org.springframework.boot.test.autoconfigure.properties.PropertyMappingContextCustomizer@0, org.springframework.boot.test.autoconfigure.web.servlet.WebDriverContextCustomizerFactory$Customizer@14b030a0, org.springframework.boot.test.context.filter.ExcludeFilterContextCustomizer@56bca85b, org.springframework.boot.test.json.DuplicateJsonObjectContextCustomizerFactory$DuplicateJsonObjectContextCustomizer@22b53226, org.springframework.boot.test.mock.mockito.MockitoContextCustomizer@f02ece12], contextLoader = 'org.springframework.test.context.support.DelegatingSmartContextLoader', parent = [null]]]
00:38:36.314 [Test worker] DEBUG org.springframework.test.context.cache - Spring test ApplicationContext cache statistics: [DefaultContextCache@6981f8f3 size = 1, maxSize = 32, parentContextCount = 0, hitCount = 168, missCount = 1]
00:38:36.315 [Test worker] DEBUG org.springframework.test.context.support.AbstractDirtiesContextTestExecutionListener - After test class: context [DefaultTestContext@2b491fee testClass = InsurancePolicyImplTest, testInstance = [null], testMethod = [null], testException = [null], mergedContextConfiguration = [MergedContextConfiguration@3f1c5af9 testClass = InsurancePolicyImplTest, locations = '{}', classes = '{class com.waris.insurance.service.impl.InsurancePolicyImpl}', contextInitializerClasses = '[]', activeProfiles = '{}', propertySourceLocations = '{}', propertySourceProperties = '{}', contextCustomizers = set[org.springframework.boot.test.autoconfigure.actuate.metrics.MetricsExportContextCustomizerFactory$DisableMetricExportContextCustomizer@2cae1042, org.springframework.boot.test.autoconfigure.properties.PropertyMappingContextCustomizer@0, org.springframework.boot.test.autoconfigure.web.servlet.WebDriverContextCustomizerFactory$Customizer@14b030a0, org.springframework.boot.test.context.filter.ExcludeFilterContextCustomizer@56bca85b, org.springframework.boot.test.json.DuplicateJsonObjectContextCustomizerFactory$DuplicateJsonObjectContextCustomizer@22b53226, org.springframework.boot.test.mock.mockito.MockitoContextCustomizer@f02ece12], contextLoader = 'org.springframework.test.context.support.DelegatingSmartContextLoader', parent = [null]], attributes = map['org.springframework.test.context.event.ApplicationEventsTestExecutionListener.recordApplicationEvents' -> false]], class annotated with @DirtiesContext [false] with mode [null].
]]></system-out>
  <system-err><![CDATA[]]></system-err>
</testsuite>
